GROUP,PACKAGE,CLASS,INSTRUCTION_MISSED,INSTRUCTION_COVERED,BRANCH_MISSED,BRANCH_COVERED,LINE_MISSED,LINE_COVERED,COMPLEXITY_MISSED,COMPLEXITY_COVERED,METHOD_MISSED,METHOD_COVERED
Functionals by annotation in Java/example-functional,com.dan323.functional.data.util.alternative,AlternativeFuns,55,0,0,0,4,0,9,0,9,0
Functionals by annotation in Java/example-functional,com.dan323.functional.data.util.alternative,AlternativeMonoid,16,0,0,0,5,0,3,0,3,0
Functionals by annotation in Java/example-functional,com.dan323.functional.data.integer,ProdMonoid,17,0,0,0,4,0,4,0,4,0
Functionals by annotation in Java/example-functional,com.dan323.functional.data.integer,SumMonoid,17,0,0,0,4,0,4,0,4,0
Functionals by annotation in Java/example-functional,com.dan323.functional.data.parser,Parser.ParserError,46,0,4,0,9,0,9,0,7,0
Functionals by annotation in Java/example-functional,com.dan323.functional.data.parser,Parser,180,0,10,0,19,0,25,0,20,0
Functionals by annotation in Java/example-functional,com.dan323.functional.data.parser,ParserSupplierApplicative,114,0,0,0,12,0,19,0,19,0
Functionals by annotation in Java/example-functional,com.dan323.functional.data.parser,ParserApplicative,145,0,0,0,13,0,24,0,24,0
Functionals by annotation in Java/example-functional,com.dan323.functional.data.state,StackActions.StackError,36,0,4,0,7,0,7,0,5,0
Functionals by annotation in Java/example-functional,com.dan323.functional.data.state,State,9,0,0,0,1,0,2,0,2,0
Functionals by annotation in Java/example-functional,com.dan323.functional.data.state,StateMonad,117,0,0,0,17,0,18,0,18,0
Functionals by annotation in Java/example-functional,com.dan323.functional.data.state,StackActions,184,0,0,0,14,0,31,0,31,0
Functionals by annotation in Java/example-functional,com.dan323.functional.data.state,StateWithError,76,0,0,0,7,0,14,0,14,0
Functionals by annotation in Java/example-functional,com.dan323.functional.data,Void,7,0,0,0,2,0,1,0,1,0
Functionals by annotation in Java/example-functional,com.dan323.functional.data,Unit,22,0,2,0,7,0,8,0,7,0
Functionals by annotation in Java/example-functional,com.dan323.functional.data,IdentityMonad,40,0,0,0,8,0,8,0,8,0
Functionals by annotation in Java/example-functional,com.dan323.functional.data,Identity,9,0,0,0,4,0,2,0,2,0
Functionals by annotation in Java/example-functional,com.dan323.functional.data.util.foldable,FoldableFuns,61,0,2,0,6,0,10,0,9,0
Functionals by annotation in Java/example-functional,com.dan323.functional.data.list.zipper,ListZipperFunctor,41,0,0,0,7,0,6,0,6,0
Functionals by annotation in Java/example-functional,com.dan323.functional.data.list.zipper,ListZipper,141,0,6,0,25,0,22,0,19,0
Functionals by annotation in Java/example-functional,com.dan323.functional.data.optional,JOptionalFunctor,11,0,0,0,3,0,3,0,3,0
Functionals by annotation in Java/example-functional,com.dan323.functional.data.optional,Maybe,7,0,0,0,2,0,2,0,2,0
Functionals by annotation in Java/example-functional,com.dan323.functional.data.optional,Nothing,18,0,2,0,5,0,6,0,5,0
Functionals by annotation in Java/example-functional,com.dan323.functional.data.optional,MaybeMonad,54,0,0,0,10,0,12,0,12,0
Functionals by annotation in Java/example-functional,com.dan323.functional.data.optional,Just,44,0,4,0,11,0,7,0,5,0
Functionals by annotation in Java/example-functional,com.dan323.functional.data.continuation,ContinuationMonad,51,0,0,0,6,0,12,0,12,0
Functionals by annotation in Java/example-functional,com.dan323.functional.data.continuation,Continuation,4,0,0,0,1,0,1,0,1,0
Functionals by annotation in Java/example-functional,com.dan323.functional.data.function,FunctionFrom,61,0,0,0,9,0,13,0,13,0
Functionals by annotation in Java/example-functional,com.dan323.functional.data.function,EndoMonoid,17,0,0,0,4,0,4,0,4,0
Functionals by annotation in Java/example-functional,com.dan323.functional.data.tree,BinaryNode,73,0,8,0,14,0,11,0,7,0
Functionals by annotation in Java/example-functional,com.dan323.functional.data.tree,BTreeFunctor,42,0,4,0,8,0,6,0,4,0
Functionals by annotation in Java/example-functional,com.dan323.functional.data.tree,Leaf,12,0,0,0,4,0,4,0,4,0
Functionals by annotation in Java/example-functional,com.dan323.functional.data.tree,BinaryTree,9,0,0,0,2,0,2,0,2,0
Functionals by annotation in Java/example-functional,com.dan323.functional.data.pair,ProdApplicative,39,0,0,0,4,0,3,0,3,0
Functionals by annotation in Java/example-functional,com.dan323.functional.data.pair,ProdMonad,37,0,0,0,3,0,4,0,4,0
Functionals by annotation in Java/example-functional,com.dan323.functional.data.pair,ProdFunctor,23,0,0,0,3,0,2,0,2,0
Functionals by annotation in Java/example-functional,com.dan323.functional.data.pair,ProdFunctional,11,0,0,0,5,0,2,0,2,0
Functionals by annotation in Java/example-functional,com.dan323.functional.data.pair,PairTypeContructor,56,0,8,0,11,0,9,0,5,0
Functionals by annotation in Java/example-functional,com.dan323.functional.data.pair,Pair,139,0,8,0,18,0,18,0,14,0
Functionals by annotation in Java/example-functional,com.dan323.functional.data.list,Nil,22,0,2,0,7,0,8,0,7,0
Functionals by annotation in Java/example-functional,com.dan323.functional.data.list,JListFunctor,13,0,0,0,3,0,3,0,3,0
Functionals by annotation in Java/example-functional,com.dan323.functional.data.list,Generating.GeneratingMapped,43,0,0,0,7,0,5,0,5,0
Functionals by annotation in Java/example-functional,com.dan323.functional.data.list,FiniteListFunctional,102,0,0,0,12,0,15,0,15,0
Functionals by annotation in Java/example-functional,com.dan323.functional.data.list,FiniteList,51,0,4,0,9,0,8,0,6,0
Functionals by annotation in Java/example-functional,com.dan323.functional.data.list,ZipApplicative,161,0,8,0,15,0,17,0,13,0
Functionals by annotation in Java/example-functional,com.dan323.functional.data.list,Generating,39,0,4,0,9,0,6,0,4,0
Functionals by annotation in Java/example-functional,com.dan323.functional.data.list,Zipped,59,0,0,0,9,0,6,0,6,0
Functionals by annotation in Java/example-functional,com.dan323.functional.data.list,InfiniteList,12,0,0,0,3,0,3,0,3,0
Functionals by annotation in Java/example-functional,com.dan323.functional.data.list,Repeat,32,0,2,0,8,0,6,0,5,0
Functionals by annotation in Java/example-functional,com.dan323.functional.data.list,Cons,44,0,4,0,10,0,7,0,5,0
Functionals by annotation in Java/example-functional,com.dan323.functional.data.list,FinCons,81,0,10,0,13,0,12,0,7,0
Functionals by annotation in Java/example-functional,com.dan323.functional.data.list,List,68,0,8,0,12,0,11,0,7,0
Functionals by annotation in Java/example-functional,com.dan323.functional.data.list,ListUtils,35,0,0,0,3,0,5,0,5,0
Functionals by annotation in Java/example-functional,com.dan323.functional.data.writer,StringConcatMonoid,16,0,0,0,5,0,5,0,5,0
Functionals by annotation in Java/example-functional,com.dan323.functional.data.writer,Accumulator,4,0,0,0,2,0,1,0,1,0
Functionals by annotation in Java/example-functional,com.dan323.functional.data.writer,WriterMonad,100,0,0,0,13,0,8,0,8,0
Functionals by annotation in Java/example-functional,com.dan323.functional.data.writer,Writer,21,0,0,0,7,0,4,0,4,0
Functionals by annotation in Java/example-functional,com.dan323.functional.data.writer,LoggerMonad,4,0,0,0,2,0,1,0,1,0
Functionals by annotation in Java/example-functional,com.dan323.functional.data.either,LeftAlternative,22,0,0,0,6,0,5,0,5,0
Functionals by annotation in Java/example-functional,com.dan323.functional.data.either,Right,49,0,8,0,11,0,9,0,5,0
Functionals by annotation in Java/example-functional,com.dan323.functional.data.either,Either,20,0,0,0,4,0,4,0,4,0
Functionals by annotation in Java/example-functional,com.dan323.functional.data.either,LeftEither,45,0,0,0,8,0,9,0,9,0
Functionals by annotation in Java/example-functional,com.dan323.functional.data.either,RightEither,49,0,0,0,9,0,10,0,10,0
Functionals by annotation in Java/example-functional,com.dan323.functional.data.either,Left,49,0,8,0,11,0,9,0,5,0
Functionals by annotation in Java/example-functional,com.dan323.functional.data.either,RightAlternative,22,0,0,0,6,0,5,0,5,0
Functionals by annotation in Java/example-functional,com.dan323.functional.data.bool,AndMonoid,18,0,4,0,3,0,5,0,3,0
Functionals by annotation in Java/example-functional,com.dan323.functional.data.bool,OrMonoid,18,0,4,0,3,0,5,0,3,0
Functionals by annotation in Java/example-functional,com.dan323.functional.data.util.applicative,ApplicativeSemigroup,23,0,0,0,5,0,3,0,3,0
Functionals by annotation in Java/example-functional,com.dan323.functional.data.util.applicative,ApplicativeMonoid,13,0,0,0,3,0,2,0,2,0
Functionals by annotation in Java/functional-compiler,com.dan323.functional.annotation.compiler.internal,CompilerFactory,46,128,5,13,5,16,3,8,0,2
Functionals by annotation in Java/functional-compiler,com.dan323.functional.annotation.compiler.internal,FunctionalDependencyTree,0,93,0,0,0,24,0,5,0,5
Functionals by annotation in Java/functional-compiler,com.dan323.functional.annotation.compiler.internal,CompilerUtils,9,165,2,10,3,28,3,15,1,11
Functionals by annotation in Java/functional-compiler,com.dan323.functional.annotation.compiler.internal,Compiler,6,135,1,15,2,27,2,15,1,8
Functionals by annotation in Java/functional-compiler,com.dan323.functional.annotation.compiler,FunctionalCompiler,19,105,2,4,4,19,3,9,1,8
Functionals by annotation in Java/functional-compiler,com.dan323.functional.annotation.compiler.internal.signature,StructureSignatures,270,802,14,18,33,86,24,50,14,44
Functionals by annotation in Java/functional-compiler,com.dan323.functional.annotation.compiler.internal.signature,ConjNecessaryMethods,4,65,1,5,1,14,1,8,0,6
Functionals by annotation in Java/functional-compiler,com.dan323.functional.annotation.compiler.internal.signature,DisjNecessaryMethods,0,56,0,2,0,11,0,7,0,6
Functionals by annotation in Java/functional-compiler,com.dan323.functional.annotation.compiler.internal.signature,EmptyNecessaryMethods,2,5,0,0,1,2,1,2,1,2
Functionals by annotation in Java/functional-compiler,com.dan323.functional.annotation.compiler.internal.signature,Signature.InvalidSignature,0,13,0,0,0,4,0,3,0,3
Functionals by annotation in Java/functional-compiler,com.dan323.functional.annotation.compiler.internal.signature,FunctionSignature,0,29,0,2,0,8,0,4,0,3
Functionals by annotation in Java/functional-compiler,com.dan323.functional.annotation.compiler.internal.signature,Signature,0,74,0,12,0,14,0,10,0,4
Functionals by annotation in Java/functional-compiler,com.dan323.functional.annotation.compiler.util,AlternativeUtil,16,12,0,0,2,4,3,2,3,2
Functionals by annotation in Java/functional-compiler,com.dan323.functional.annotation.compiler.util,FunctionalUtil.IdentityApplicative,0,28,0,0,0,5,0,5,0,5
Functionals by annotation in Java/functional-compiler,com.dan323.functional.annotation.compiler.util,FunctionalUtil,178,1673,23,65,24,147,32,123,9,102
Functionals by annotation in Java/functional-compiler,com.dan323.functional.annotation.compiler.util,MonadUtil,6,23,0,0,2,4,1,4,1,4
Functionals by annotation in Java/functional-compiler,com.dan323.functional.annotation.compiler.util,SemigroupUtil,7,12,0,0,2,2,1,2,1,2
Functionals by annotation in Java/functional-compiler,com.dan323.functional.annotation.compiler.util,FunctionalUtil.EndoMonoid,0,9,0,0,0,3,0,3,0,3
Functionals by annotation in Java/functional-compiler,com.dan323.functional.annotation.compiler.util,ApplicativeUtil,16,72,0,0,2,12,3,10,3,10
Functionals by annotation in Java/functional-compiler,com.dan323.functional.annotation.compiler.util,MonoidUtil,3,10,0,0,1,2,1,2,1,2
Functionals by annotation in Java/functional-compiler,com.dan323.functional.annotation.compiler.util,FoldableUtil,16,28,0,0,2,6,3,4,3,4
Functionals by annotation in Java/functional-compiler,com.dan323.functional.annotation.compiler.util,FunctionalUtil.Identity,0,9,0,0,0,4,0,2,0,2
Functionals by annotation in Java/functional-compiler,com.dan323.functional.annotation.compiler.util,TraversalUtil,16,15,0,0,2,4,3,2,3,2
Functionals by annotation in Java/functional-compiler,com.dan323.functional.annotation.compiler.util,FunctorUtil,11,49,0,0,2,7,2,6,2,6
