<?xml version="1.0" encoding="UTF-8" standalone="yes"?><!DOCTYPE report PUBLIC "-//JACOCO//DTD Report 1.1//EN" "report.dtd"><report name="Functionals by annotation in Java"><sessioninfo id="fv-az245-59-68c16266" start="1660677145286" dump="1660677146430"/><sessioninfo id="fv-az245-59-469a8af" start="1660677147143" dump="1660677149826"/><sessioninfo id="fv-az245-59-c97ea26c" start="1660677150639" dump="1660677151774"/><group name="domain"><package name="functional/annotation"><class name="functional/annotation/FunctorCompiler" sourcefilename="FunctorCompiler.java"><method name="&lt;init&gt;" desc="(Ljavax/annotation/processing/Messager;Ljavax/lang/model/util/Types;Ljavax/lang/model/util/Elements;)V" line="29"><counter type="INSTRUCTION" missed="0" covered="12"/><counter type="LINE" missed="0" covered="5"/><counter type="COMPLEXITY" missed="0" covered="1"/><counter type="METHOD" missed="0" covered="1"/></method><method name="process" desc="(Ljavax/annotation/processing/RoundEnvironment;Ljavax/lang/model/element/TypeElement;Ljavax/lang/model/type/DeclaredType;)V" line="37"><counter type="INSTRUCTION" missed="0" covered="5"/><counter type="LINE" missed="0" covered="2"/><counter type="COMPLEXITY" missed="0" covered="1"/><counter type="METHOD" missed="0" covered="1"/></method><method name="validateFunctor" desc="(Ljavax/lang/model/element/TypeElement;Ljavax/lang/model/type/DeclaredType;)V" line="41"><counter type="INSTRUCTION" missed="10" covered="91"/><counter type="BRANCH" missed="3" covered="17"/><counter type="LINE" missed="1" covered="15"/><counter type="COMPLEXITY" missed="3" covered="8"/><counter type="METHOD" missed="0" covered="1"/></method><method name="checkIfMap" desc="(Ljavax/lang/model/element/ExecutableElement;Ljavax/lang/model/element/TypeElement;Ljavax/lang/model/type/DeclaredType;)Z" line="68"><counter type="INSTRUCTION" missed="30" covered="102"/><counter type="BRANCH" missed="8" covered="8"/><counter type="LINE" missed="5" covered="9"/><counter type="COMPLEXITY" missed="8" covered="1"/><counter type="METHOD" missed="0" covered="1"/></method><method name="error" desc="(Ljava/lang/String;[Ljava/lang/Object;)V" line="91"><counter type="INSTRUCTION" missed="0" covered="8"/><counter type="LINE" missed="0" covered="2"/><counter type="COMPLEXITY" missed="0" covered="1"/><counter type="METHOD" missed="0" covered="1"/></method><method name="warning" desc="(Ljava/lang/String;[Ljava/lang/Object;)V" line="95"><counter type="INSTRUCTION" missed="8" covered="0"/><counter type="LINE" missed="2" covered="0"/><counter type="COMPLEXITY" missed="1" covered="0"/><counter type="METHOD" missed="1" covered="0"/></method><counter type="INSTRUCTION" missed="48" covered="218"/><counter type="BRANCH" missed="11" covered="25"/><counter type="LINE" missed="8" covered="33"/><counter type="COMPLEXITY" missed="12" covered="12"/><counter type="METHOD" missed="1" covered="5"/><counter type="CLASS" missed="0" covered="1"/></class><class name="functional/annotation/MonadCompiler" sourcefilename="MonadCompiler.java"><method name="&lt;init&gt;" desc="(Ljavax/annotation/processing/Messager;Ljavax/lang/model/util/Types;Ljavax/lang/model/util/Elements;)V" line="28"><counter type="INSTRUCTION" missed="12" covered="0"/><counter type="LINE" missed="5" covered="0"/><counter type="COMPLEXITY" missed="1" covered="0"/><counter type="METHOD" missed="1" covered="0"/></method><method name="process" desc="(Ljavax/annotation/processing/RoundEnvironment;Ljavax/lang/model/element/TypeElement;Ljavax/lang/model/type/DeclaredType;)V" line="36"><counter type="INSTRUCTION" missed="5" covered="0"/><counter type="LINE" missed="2" covered="0"/><counter type="COMPLEXITY" missed="1" covered="0"/><counter type="METHOD" missed="1" covered="0"/></method><method name="validateMonad" desc="(Ljavax/lang/model/element/TypeElement;Ljavax/lang/model/type/DeclaredType;)V" line="40"><counter type="INSTRUCTION" missed="207" covered="0"/><counter type="BRANCH" missed="54" covered="0"/><counter type="LINE" missed="37" covered="0"/><counter type="COMPLEXITY" missed="28" covered="0"/><counter type="METHOD" missed="1" covered="0"/></method><method name="checkIfLiftA2" desc="(Ljavax/lang/model/element/ExecutableElement;Ljavax/lang/model/type/DeclaredType;)Z" line="90"><counter type="INSTRUCTION" missed="171" covered="0"/><counter type="BRANCH" missed="18" covered="0"/><counter type="LINE" missed="14" covered="0"/><counter type="COMPLEXITY" missed="10" covered="0"/><counter type="METHOD" missed="1" covered="0"/></method><method name="checkIfFapply" desc="(Ljavax/lang/model/element/ExecutableElement;Ljavax/lang/model/type/DeclaredType;)Z" line="115"><counter type="INSTRUCTION" missed="134" covered="0"/><counter type="BRANCH" missed="14" covered="0"/><counter type="LINE" missed="11" covered="0"/><counter type="COMPLEXITY" missed="8" covered="0"/><counter type="METHOD" missed="1" covered="0"/></method><method name="checkIfMap" desc="(Ljavax/lang/model/element/ExecutableElement;Ljavax/lang/model/type/DeclaredType;)Z" line="134"><counter type="INSTRUCTION" missed="133" covered="0"/><counter type="BRANCH" missed="14" covered="0"/><counter type="LINE" missed="14" covered="0"/><counter type="COMPLEXITY" missed="8" covered="0"/><counter type="METHOD" missed="1" covered="0"/></method><method name="checkIfJoin" desc="(Ljavax/lang/model/element/ExecutableElement;Ljavax/lang/model/type/DeclaredType;)Z" line="157"><counter type="INSTRUCTION" missed="90" covered="0"/><counter type="BRANCH" missed="10" covered="0"/><counter type="LINE" missed="10" covered="0"/><counter type="COMPLEXITY" missed="6" covered="0"/><counter type="METHOD" missed="1" covered="0"/></method><method name="checkIfFlatmap" desc="(Ljavax/lang/model/element/ExecutableElement;Ljavax/lang/model/type/DeclaredType;)Z" line="175"><counter type="INSTRUCTION" missed="124" covered="0"/><counter type="BRANCH" missed="14" covered="0"/><counter type="LINE" missed="11" covered="0"/><counter type="COMPLEXITY" missed="8" covered="0"/><counter type="METHOD" missed="1" covered="0"/></method><method name="checkIfPure" desc="(Ljavax/lang/model/element/ExecutableElement;Ljavax/lang/model/type/DeclaredType;)Z" line="194"><counter type="INSTRUCTION" missed="86" covered="0"/><counter type="BRANCH" missed="10" covered="0"/><counter type="LINE" missed="10" covered="0"/><counter type="COMPLEXITY" missed="6" covered="0"/><counter type="METHOD" missed="1" covered="0"/></method><method name="error" desc="(Ljava/lang/String;[Ljava/lang/Object;)V" line="212"><counter type="INSTRUCTION" missed="8" covered="0"/><counter type="LINE" missed="2" covered="0"/><counter type="COMPLEXITY" missed="1" covered="0"/><counter type="METHOD" missed="1" covered="0"/></method><method name="warning" desc="(Ljava/lang/String;[Ljava/lang/Object;)V" line="216"><counter type="INSTRUCTION" missed="8" covered="0"/><counter type="LINE" missed="2" covered="0"/><counter type="COMPLEXITY" missed="1" covered="0"/><counter type="METHOD" missed="1" covered="0"/></method><counter type="INSTRUCTION" missed="978" covered="0"/><counter type="BRANCH" missed="134" covered="0"/><counter type="LINE" missed="118" covered="0"/><counter type="COMPLEXITY" missed="78" covered="0"/><counter type="METHOD" missed="11" covered="0"/><counter type="CLASS" missed="1" covered="0"/></class><class name="functional/annotation/CompilerFactory" sourcefilename="CompilerFactory.java"><method name="&lt;init&gt;" desc="()V" line="12"><counter type="INSTRUCTION" missed="0" covered="3"/><counter type="LINE" missed="0" covered="1"/><counter type="COMPLEXITY" missed="0" covered="1"/><counter type="METHOD" missed="0" covered="1"/></method><method name="from" desc="(Ljavax/lang/model/type/DeclaredType;Ljavax/lang/model/util/Elements;Ljavax/lang/model/util/Types;Ljavax/annotation/processing/Messager;)Lfunctional/annotation/Compiler;" line="15"><counter type="INSTRUCTION" missed="20" covered="30"/><counter type="BRANCH" missed="3" covered="3"/><counter type="LINE" missed="3" covered="4"/><counter type="COMPLEXITY" missed="2" covered="2"/><counter type="METHOD" missed="0" covered="1"/></method><counter type="INSTRUCTION" missed="20" covered="33"/><counter type="BRANCH" missed="3" covered="3"/><counter type="LINE" missed="3" covered="5"/><counter type="COMPLEXITY" missed="2" covered="3"/><counter type="METHOD" missed="0" covered="2"/><counter type="CLASS" missed="0" covered="1"/></class><class name="functional/annotation/CompilerUtils" sourcefilename="CompilerUtils.java"><method name="&lt;init&gt;" desc="()V" line="16"><counter type="INSTRUCTION" missed="3" covered="0"/><counter type="LINE" missed="1" covered="0"/><counter type="COMPLEXITY" missed="1" covered="0"/><counter type="METHOD" missed="1" covered="0"/></method><method name="changeWildBy" desc="(Ljavax/lang/model/util/Elements;Ljavax/lang/model/util/Types;Ljavax/lang/model/type/DeclaredType;Ljavax/lang/model/type/TypeMirror;Ljava/lang/Class;)Ljavax/lang/model/type/DeclaredType;" line="19"><counter type="INSTRUCTION" missed="4" covered="40"/><counter type="BRANCH" missed="1" covered="1"/><counter type="LINE" missed="1" covered="10"/><counter type="COMPLEXITY" missed="1" covered="1"/><counter type="METHOD" missed="0" covered="1"/></method><method name="getAllMaximalFunctionalInterfaces" desc="(Ljavax/lang/model/util/Elements;Ljavax/lang/model/element/TypeElement;)Ljava/util/Optional;" line="39"><counter type="INSTRUCTION" missed="0" covered="12"/><counter type="LINE" missed="0" covered="4"/><counter type="COMPLEXITY" missed="0" covered="1"/><counter type="METHOD" missed="0" covered="1"/></method><method name="orderByImplication" desc="(Ljavax/lang/model/util/Elements;)Ljava/util/Comparator;" line="46"><counter type="INSTRUCTION" missed="0" covered="3"/><counter type="LINE" missed="0" covered="1"/><counter type="COMPLEXITY" missed="0" covered="1"/><counter type="METHOD" missed="0" covered="1"/></method><method name="isFunctional" desc="(Ljavax/lang/model/util/Elements;Ljavax/lang/model/type/DeclaredType;)Z" line="65"><counter type="INSTRUCTION" missed="5" covered="11"/><counter type="BRANCH" missed="3" covered="3"/><counter type="LINE" missed="0" covered="1"/><counter type="COMPLEXITY" missed="2" covered="2"/><counter type="METHOD" missed="0" covered="1"/></method><method name="isFunctor" desc="(Ljavax/lang/model/util/Elements;Ljavax/lang/model/type/DeclaredType;)Z" line="69"><counter type="INSTRUCTION" missed="0" covered="10"/><counter type="LINE" missed="0" covered="2"/><counter type="COMPLEXITY" missed="0" covered="1"/><counter type="METHOD" missed="0" covered="1"/></method><method name="isMonad" desc="(Ljavax/lang/model/util/Elements;Ljavax/lang/model/type/DeclaredType;)Z" line="74"><counter type="INSTRUCTION" missed="10" covered="0"/><counter type="LINE" missed="2" covered="0"/><counter type="COMPLEXITY" missed="1" covered="0"/><counter type="METHOD" missed="1" covered="0"/></method><method name="isApplicative" desc="(Ljavax/lang/model/util/Elements;Ljavax/lang/model/type/DeclaredType;)Z" line="79"><counter type="INSTRUCTION" missed="0" covered="10"/><counter type="LINE" missed="0" covered="2"/><counter type="COMPLEXITY" missed="0" covered="1"/><counter type="METHOD" missed="0" covered="1"/></method><method name="lambda$orderByImplication$3" desc="(Ljavax/lang/model/util/Elements;Ljavax/lang/model/type/DeclaredType;Ljavax/lang/model/type/DeclaredType;)I" line="47"><counter type="INSTRUCTION" missed="40" covered="0"/><counter type="BRANCH" missed="14" covered="0"/><counter type="LINE" missed="12" covered="0"/><counter type="COMPLEXITY" missed="8" covered="0"/><counter type="METHOD" missed="1" covered="0"/></method><method name="lambda$getAllMaximalFunctionalInterfaces$2" desc="(Ljavax/lang/model/util/Elements;Ljavax/lang/model/type/DeclaredType;)Z" line="41"><counter type="INSTRUCTION" missed="0" covered="4"/><counter type="LINE" missed="0" covered="1"/><counter type="COMPLEXITY" missed="0" covered="1"/><counter type="METHOD" missed="0" covered="1"/></method><method name="lambda$getAllMaximalFunctionalInterfaces$1" desc="(Ljavax/lang/model/type/TypeMirror;)Ljavax/lang/model/type/DeclaredType;" line="40"><counter type="INSTRUCTION" missed="0" covered="3"/><counter type="LINE" missed="0" covered="1"/><counter type="COMPLEXITY" missed="0" covered="1"/><counter type="METHOD" missed="0" covered="1"/></method><method name="lambda$changeWildBy$0" desc="(Ljavax/lang/model/type/TypeMirror;Ljavax/lang/model/type/TypeMirror;)Ljavax/lang/model/type/TypeMirror;" line="29"><counter type="INSTRUCTION" missed="2" covered="7"/><counter type="BRANCH" missed="1" covered="1"/><counter type="LINE" missed="1" covered="2"/><counter type="COMPLEXITY" missed="1" covered="1"/><counter type="METHOD" missed="0" covered="1"/></method><counter type="INSTRUCTION" missed="64" covered="100"/><counter type="BRANCH" missed="19" covered="5"/><counter type="LINE" missed="17" covered="22"/><counter type="COMPLEXITY" missed="14" covered="10"/><counter type="METHOD" missed="3" covered="9"/><counter type="CLASS" missed="0" covered="1"/></class><class name="functional/annotation/FunctionalCompiler" sourcefilename="FunctionalCompiler.java"><method name="&lt;init&gt;" desc="()V" line="16"><counter type="INSTRUCTION" missed="0" covered="3"/><counter type="LINE" missed="0" covered="1"/><counter type="COMPLEXITY" missed="0" covered="1"/><counter type="METHOD" missed="0" covered="1"/></method><method name="init" desc="(Ljavax/annotation/processing/ProcessingEnvironment;)V" line="25"><counter type="INSTRUCTION" missed="0" covered="21"/><counter type="LINE" missed="0" covered="6"/><counter type="COMPLEXITY" missed="0" covered="1"/><counter type="METHOD" missed="0" covered="1"/></method><method name="process" desc="(Ljava/util/Set;Ljavax/annotation/processing/RoundEnvironment;)Z" line="35"><counter type="INSTRUCTION" missed="11" covered="45"/><counter type="BRANCH" missed="2" covered="4"/><counter type="LINE" missed="2" covered="9"/><counter type="COMPLEXITY" missed="2" covered="2"/><counter type="METHOD" missed="0" covered="1"/></method><method name="error" desc="(Ljava/lang/String;[Ljava/lang/Object;)V" line="50"><counter type="INSTRUCTION" missed="8" covered="0"/><counter type="LINE" missed="2" covered="0"/><counter type="COMPLEXITY" missed="1" covered="0"/><counter type="METHOD" missed="1" covered="0"/></method><method name="getSupportedAnnotationTypes" desc="()Ljava/util/Set;" line="55"><counter type="INSTRUCTION" missed="0" covered="8"/><counter type="LINE" missed="0" covered="1"/><counter type="COMPLEXITY" missed="0" covered="1"/><counter type="METHOD" missed="0" covered="1"/></method><method name="getSupportedSourceVersion" desc="()Ljavax/lang/model/SourceVersion;" line="60"><counter type="INSTRUCTION" missed="0" covered="2"/><counter type="LINE" missed="0" covered="1"/><counter type="COMPLEXITY" missed="0" covered="1"/><counter type="METHOD" missed="0" covered="1"/></method><method name="lambda$process$1" desc="(Ljavax/annotation/processing/RoundEnvironment;Ljavax/lang/model/element/TypeElement;Ljava/util/Map$Entry;)V" line="40"><counter type="INSTRUCTION" missed="0" covered="10"/><counter type="LINE" missed="0" covered="1"/><counter type="COMPLEXITY" missed="0" covered="1"/><counter type="METHOD" missed="0" covered="1"/></method><method name="lambda$process$0" desc="(Ljavax/lang/model/type/DeclaredType;)Ljava/util/Map$Entry;" line="39"><counter type="INSTRUCTION" missed="0" covered="13"/><counter type="LINE" missed="0" covered="1"/><counter type="COMPLEXITY" missed="0" covered="1"/><counter type="METHOD" missed="0" covered="1"/></method><counter type="INSTRUCTION" missed="19" covered="102"/><counter type="BRANCH" missed="2" covered="4"/><counter type="LINE" missed="4" covered="18"/><counter type="COMPLEXITY" missed="3" covered="8"/><counter type="METHOD" missed="1" covered="7"/><counter type="CLASS" missed="0" covered="1"/></class><class name="functional/annotation/Compiler" sourcefilename="Compiler.java"/><class name="functional/annotation/ApplicativeCompiler" sourcefilename="ApplicativeCompiler.java"><method name="&lt;init&gt;" desc="(Ljavax/annotation/processing/Messager;Ljavax/lang/model/util/Types;Ljavax/lang/model/util/Elements;)V" line="25"><counter type="INSTRUCTION" missed="0" covered="12"/><counter type="LINE" missed="0" covered="5"/><counter type="COMPLEXITY" missed="0" covered="1"/><counter type="METHOD" missed="0" covered="1"/></method><method name="process" desc="(Ljavax/annotation/processing/RoundEnvironment;Ljavax/lang/model/element/TypeElement;Ljavax/lang/model/type/DeclaredType;)V" line="33"><counter type="INSTRUCTION" missed="0" covered="5"/><counter type="LINE" missed="0" covered="2"/><counter type="COMPLEXITY" missed="0" covered="1"/><counter type="METHOD" missed="0" covered="1"/></method><method name="validateApplicative" desc="(Ljavax/lang/model/element/TypeElement;Ljavax/lang/model/type/DeclaredType;)V" line="37"><counter type="INSTRUCTION" missed="49" covered="95"/><counter type="BRANCH" missed="16" covered="18"/><counter type="LINE" missed="6" covered="19"/><counter type="COMPLEXITY" missed="14" covered="4"/><counter type="METHOD" missed="0" covered="1"/></method><method name="checkIfLiftA2" desc="(Ljavax/lang/model/element/ExecutableElement;Ljavax/lang/model/type/DeclaredType;)Z" line="74"><counter type="INSTRUCTION" missed="171" covered="0"/><counter type="BRANCH" missed="18" covered="0"/><counter type="LINE" missed="14" covered="0"/><counter type="COMPLEXITY" missed="10" covered="0"/><counter type="METHOD" missed="1" covered="0"/></method><method name="checkIfFapply" desc="(Ljavax/lang/model/element/ExecutableElement;Ljavax/lang/model/type/DeclaredType;)Z" line="99"><counter type="INSTRUCTION" missed="13" covered="121"/><counter type="BRANCH" missed="7" covered="7"/><counter type="LINE" missed="3" covered="8"/><counter type="COMPLEXITY" missed="7" covered="1"/><counter type="METHOD" missed="0" covered="1"/></method><method name="checkIfPure" desc="(Ljavax/lang/model/element/ExecutableElement;Ljavax/lang/model/type/DeclaredType;)Z" line="118"><counter type="INSTRUCTION" missed="23" covered="63"/><counter type="BRANCH" missed="5" covered="5"/><counter type="LINE" missed="3" covered="7"/><counter type="COMPLEXITY" missed="5" covered="1"/><counter type="METHOD" missed="0" covered="1"/></method><method name="error" desc="(Ljava/lang/String;[Ljava/lang/Object;)V" line="136"><counter type="INSTRUCTION" missed="8" covered="0"/><counter type="LINE" missed="2" covered="0"/><counter type="COMPLEXITY" missed="1" covered="0"/><counter type="METHOD" missed="1" covered="0"/></method><method name="warning" desc="(Ljava/lang/String;[Ljava/lang/Object;)V" line="140"><counter type="INSTRUCTION" missed="8" covered="0"/><counter type="LINE" missed="2" covered="0"/><counter type="COMPLEXITY" missed="1" covered="0"/><counter type="METHOD" missed="1" covered="0"/></method><counter type="INSTRUCTION" missed="272" covered="296"/><counter type="BRANCH" missed="46" covered="30"/><counter type="LINE" missed="30" covered="41"/><counter type="COMPLEXITY" missed="38" covered="8"/><counter type="METHOD" missed="3" covered="5"/><counter type="CLASS" missed="0" covered="1"/></class><sourcefile name="CompilerFactory.java"><line nr="12" mi="0" ci="3" mb="0" cb="0"/><line nr="15" mi="0" ci="8" mb="0" cb="2"/><line nr="16" mi="0" ci="7" mb="0" cb="0"/><line nr="17" mi="0" ci="8" mb="1" cb="1"/><line nr="18" mi="0" ci="7" mb="0" cb="0"/><line nr="19" mi="8" ci="0" mb="2" cb="0"/><line nr="20" mi="7" ci="0" mb="0" cb="0"/><line nr="22" mi="5" ci="0" mb="0" cb="0"/><counter type="INSTRUCTION" missed="20" covered="33"/><counter type="BRANCH" missed="3" covered="3"/><counter type="LINE" missed="3" covered="5"/><counter type="COMPLEXITY" missed="2" covered="3"/><counter type="METHOD" missed="0" covered="2"/><counter type="CLASS" missed="0" covered="1"/></sourcefile><sourcefile name="CompilerUtils.java"><line nr="16" mi="3" ci="0" mb="0" cb="0"/><line nr="19" mi="0" ci="5" mb="0" cb="0"/><line nr="20" mi="0" ci="2" mb="0" cb="0"/><line nr="21" mi="0" ci="5" mb="1" cb="1"/><line nr="22" mi="0" ci="3" mb="0" cb="0"/><line nr="23" mi="0" ci="5" mb="0" cb="0"/><line nr="24" mi="0" ci="1" mb="0" cb="0"/><line nr="25" mi="4" ci="0" mb="0" cb="0"/><line nr="27" mi="0" ci="5" mb="0" cb="0"/><line nr="28" mi="0" ci="1" mb="0" cb="0"/><line nr="29" mi="0" ci="5" mb="1" cb="1"/><line nr="30" mi="0" ci="2" mb="0" cb="0"/><line nr="32" mi="2" ci="0" mb="0" cb="0"/><line nr="34" mi="0" ci="6" mb="0" cb="0"/><line nr="35" mi="0" ci="7" mb="0" cb="0"/><line nr="39" mi="0" ci="5" mb="0" cb="0"/><line nr="40" mi="0" ci="6" mb="0" cb="0"/><line nr="41" mi="0" ci="6" mb="0" cb="0"/><line nr="42" mi="0" ci="2" mb="0" cb="0"/><line nr="46" mi="0" ci="3" mb="0" cb="0"/><line nr="47" mi="8" ci="0" mb="4" cb="0"/><line nr="48" mi="4" ci="0" mb="2" cb="0"/><line nr="49" mi="2" ci="0" mb="0" cb="0"/><line nr="50" mi="4" ci="0" mb="2" cb="0"/><line nr="51" mi="2" ci="0" mb="0" cb="0"/><line nr="52" mi="4" ci="0" mb="2" cb="0"/><line nr="53" mi="2" ci="0" mb="0" cb="0"/><line nr="54" mi="4" ci="0" mb="2" cb="0"/><line nr="55" mi="2" ci="0" mb="0" cb="0"/><line nr="56" mi="4" ci="0" mb="2" cb="0"/><line nr="57" mi="2" ci="0" mb="0" cb="0"/><line nr="59" mi="2" ci="0" mb="0" cb="0"/><line nr="65" mi="5" ci="11" mb="3" cb="3"/><line nr="69" mi="0" ci="5" mb="0" cb="0"/><line nr="70" mi="0" ci="5" mb="0" cb="0"/><line nr="74" mi="5" ci="0" mb="0" cb="0"/><line nr="75" mi="5" ci="0" mb="0" cb="0"/><line nr="79" mi="0" ci="5" mb="0" cb="0"/><line nr="80" mi="0" ci="5" mb="0" cb="0"/><counter type="INSTRUCTION" missed="64" covered="100"/><counter type="BRANCH" missed="19" covered="5"/><counter type="LINE" missed="17" covered="22"/><counter type="COMPLEXITY" missed="14" covered="10"/><counter type="METHOD" missed="3" covered="9"/><counter type="CLASS" missed="0" covered="1"/></sourcefile><sourcefile name="ApplicativeCompiler.java"><line nr="25" mi="0" ci="2" mb="0" cb="0"/><line nr="26" mi="0" ci="3" mb="0" cb="0"/><line nr="27" mi="0" ci="3" mb="0" cb="0"/><line nr="28" mi="0" ci="3" mb="0" cb="0"/><line nr="29" mi="0" ci="1" mb="0" cb="0"/><line nr="33" mi="0" ci="4" mb="0" cb="0"/><line nr="34" mi="0" ci="1" mb="0" cb="0"/><line nr="37" mi="0" ci="4" mb="1" cb="1"/><line nr="38" mi="5" ci="0" mb="0" cb="0"/><line nr="41" mi="0" ci="5" mb="1" cb="1"/><line nr="42" mi="10" ci="0" mb="0" cb="0"/><line nr="45" mi="0" ci="9" mb="1" cb="1"/><line nr="46" mi="10" ci="0" mb="0" cb="0"/><line nr="48" mi="0" ci="2" mb="0" cb="0"/><line nr="49" mi="0" ci="2" mb="0" cb="0"/><line nr="50" mi="0" ci="2" mb="0" cb="0"/><line nr="51" mi="0" ci="2" mb="0" cb="0"/><line nr="53" mi="0" ci="11" mb="1" cb="1"/><line nr="54" mi="0" ci="15" mb="2" cb="4"/><line nr="55" mi="0" ci="12" mb="1" cb="3"/><line nr="56" mi="0" ci="3" mb="0" cb="0"/><line nr="57" mi="0" ci="12" mb="2" cb="2"/><line nr="58" mi="0" ci="3" mb="0" cb="0"/><line nr="59" mi="12" ci="0" mb="4" cb="0"/><line nr="60" mi="2" ci="0" mb="0" cb="0"/><line nr="62" mi="0" ci="6" mb="2" cb="4"/><line nr="63" mi="0" ci="2" mb="0" cb="0"/><line nr="64" mi="0" ci="1" mb="0" cb="0"/><line nr="67" mi="0" ci="1" mb="0" cb="0"/><line nr="68" mi="0" ci="2" mb="1" cb="1"/><line nr="69" mi="10" ci="0" mb="0" cb="0"/><line nr="71" mi="0" ci="1" mb="0" cb="0"/><line nr="74" mi="5" ci="0" mb="2" cb="0"/><line nr="75" mi="5" ci="0" mb="0" cb="0"/><line nr="76" mi="32" ci="0" mb="0" cb="0"/><line nr="77" mi="12" ci="0" mb="0" cb="0"/><line nr="78" mi="12" ci="0" mb="0" cb="0"/><line nr="79" mi="12" ci="0" mb="0" cb="0"/><line nr="80" mi="48" ci="0" mb="8" cb="0"/><line nr="81" mi="18" ci="0" mb="6" cb="0"/><line nr="82" mi="6" ci="0" mb="2" cb="0"/><line nr="83" mi="2" ci="0" mb="0" cb="0"/><line nr="85" mi="6" ci="0" mb="0" cb="0"/><line nr="88" mi="6" ci="0" mb="0" cb="0"/><line nr="91" mi="5" ci="0" mb="0" cb="0"/><line nr="95" mi="2" ci="0" mb="0" cb="0"/><line nr="99" mi="0" ci="5" mb="1" cb="1"/><line nr="100" mi="0" ci="5" mb="0" cb="0"/><line nr="101" mi="0" ci="12" mb="0" cb="0"/><line nr="102" mi="0" ci="32" mb="0" cb="0"/><line nr="103" mi="0" ci="12" mb="0" cb="0"/><line nr="104" mi="0" ci="35" mb="3" cb="3"/><line nr="105" mi="0" ci="18" mb="3" cb="3"/><line nr="106" mi="0" ci="2" mb="0" cb="0"/><line nr="108" mi="6" ci="0" mb="0" cb="0"/><line nr="111" mi="5" ci="0" mb="0" cb="0"/><line nr="114" mi="2" ci="0" mb="0" cb="0"/><line nr="118" mi="0" ci="5" mb="1" cb="1"/><line nr="119" mi="0" ci="5" mb="0" cb="0"/><line nr="120" mi="0" ci="5" mb="0" cb="0"/><line nr="121" mi="0" ci="12" mb="0" cb="0"/><line nr="122" mi="0" ci="22" mb="2" cb="2"/><line nr="123" mi="0" ci="12" mb="2" cb="2"/><line nr="124" mi="0" ci="2" mb="0" cb="0"/><line nr="126" mi="16" ci="0" mb="0" cb="0"/><line nr="129" mi="5" ci="0" mb="0" cb="0"/><line nr="132" mi="2" ci="0" mb="0" cb="0"/><line nr="136" mi="7" ci="0" mb="0" cb="0"/><line nr="137" mi="1" ci="0" mb="0" cb="0"/><line nr="140" mi="7" ci="0" mb="0" cb="0"/><line nr="141" mi="1" ci="0" mb="0" cb="0"/><counter type="INSTRUCTION" missed="272" covered="296"/><counter type="BRANCH" missed="46" covered="30"/><counter type="LINE" missed="30" covered="41"/><counter type="COMPLEXITY" missed="38" covered="8"/><counter type="METHOD" missed="3" covered="5"/><counter type="CLASS" missed="0" covered="1"/></sourcefile><sourcefile name="FunctorCompiler.java"><line nr="29" mi="0" ci="2" mb="0" cb="0"/><line nr="30" mi="0" ci="3" mb="0" cb="0"/><line nr="31" mi="0" ci="3" mb="0" cb="0"/><line nr="32" mi="0" ci="3" mb="0" cb="0"/><line nr="33" mi="0" ci="1" mb="0" cb="0"/><line nr="37" mi="0" ci="4" mb="0" cb="0"/><line nr="38" mi="0" ci="1" mb="0" cb="0"/><line nr="41" mi="0" ci="4" mb="0" cb="2"/><line nr="42" mi="0" ci="5" mb="0" cb="0"/><line nr="45" mi="0" ci="5" mb="0" cb="2"/><line nr="46" mi="0" ci="10" mb="0" cb="0"/><line nr="49" mi="0" ci="9" mb="1" cb="1"/><line nr="50" mi="10" ci="0" mb="0" cb="0"/><line nr="52" mi="0" ci="2" mb="0" cb="0"/><line nr="54" mi="0" ci="11" mb="0" cb="2"/><line nr="55" mi="0" ci="21" mb="1" cb="7"/><line nr="56" mi="0" ci="7" mb="1" cb="1"/><line nr="57" mi="0" ci="2" mb="0" cb="0"/><line nr="58" mi="0" ci="1" mb="0" cb="0"/><line nr="61" mi="0" ci="1" mb="0" cb="0"/><line nr="62" mi="0" ci="2" mb="0" cb="2"/><line nr="63" mi="0" ci="10" mb="0" cb="0"/><line nr="65" mi="0" ci="1" mb="0" cb="0"/><line nr="68" mi="0" ci="5" mb="1" cb="1"/><line nr="69" mi="0" ci="5" mb="0" cb="0"/><line nr="70" mi="0" ci="12" mb="0" cb="0"/><line nr="71" mi="0" ci="12" mb="0" cb="0"/><line nr="72" mi="0" ci="35" mb="3" cb="3"/><line nr="73" mi="0" ci="12" mb="2" cb="2"/><line nr="74" mi="0" ci="6" mb="0" cb="0"/><line nr="75" mi="0" ci="13" mb="2" cb="2"/><line nr="76" mi="0" ci="2" mb="0" cb="0"/><line nr="78" mi="11" ci="0" mb="0" cb="0"/><line nr="80" mi="1" ci="0" mb="0" cb="0"/><line nr="81" mi="11" ci="0" mb="0" cb="0"/><line nr="84" mi="5" ci="0" mb="0" cb="0"/><line nr="87" mi="2" ci="0" mb="0" cb="0"/><line nr="91" mi="0" ci="7" mb="0" cb="0"/><line nr="92" mi="0" ci="1" mb="0" cb="0"/><line nr="95" mi="7" ci="0" mb="0" cb="0"/><line nr="96" mi="1" ci="0" mb="0" cb="0"/><counter type="INSTRUCTION" missed="48" covered="218"/><counter type="BRANCH" missed="11" covered="25"/><counter type="LINE" missed="8" covered="33"/><counter type="COMPLEXITY" missed="12" covered="12"/><counter type="METHOD" missed="1" covered="5"/><counter type="CLASS" missed="0" covered="1"/></sourcefile><sourcefile name="Compiler.java"/><sourcefile name="FunctionalCompiler.java"><line nr="16" mi="0" ci="3" mb="0" cb="0"/><line nr="25" mi="0" ci="3" mb="0" cb="0"/><line nr="26" mi="0" ci="5" mb="0" cb="0"/><line nr="27" mi="0" ci="4" mb="0" cb="0"/><line nr="28" mi="0" ci="4" mb="0" cb="0"/><line nr="29" mi="0" ci="4" mb="0" cb="0"/><line nr="30" mi="0" ci="1" mb="0" cb="0"/><line nr="35" mi="0" ci="7" mb="0" cb="0"/><line nr="36" mi="0" ci="10" mb="0" cb="2"/><line nr="37" mi="0" ci="11" mb="2" cb="2"/><line nr="38" mi="0" ci="5" mb="0" cb="0"/><line nr="39" mi="0" ci="20" mb="0" cb="0"/><line nr="40" mi="0" ci="11" mb="0" cb="0"/><line nr="42" mi="0" ci="1" mb="0" cb="0"/><line nr="43" mi="1" ci="0" mb="0" cb="0"/><line nr="44" mi="10" ci="0" mb="0" cb="0"/><line nr="45" mi="0" ci="1" mb="0" cb="0"/><line nr="46" mi="0" ci="2" mb="0" cb="0"/><line nr="50" mi="7" ci="0" mb="0" cb="0"/><line nr="51" mi="1" ci="0" mb="0" cb="0"/><line nr="55" mi="0" ci="8" mb="0" cb="0"/><line nr="60" mi="0" ci="2" mb="0" cb="0"/><counter type="INSTRUCTION" missed="19" covered="102"/><counter type="BRANCH" missed="2" covered="4"/><counter type="LINE" missed="4" covered="18"/><counter type="COMPLEXITY" missed="3" covered="8"/><counter type="METHOD" missed="1" covered="7"/><counter type="CLASS" missed="0" covered="1"/></sourcefile><sourcefile name="MonadCompiler.java"><line nr="28" mi="2" ci="0" mb="0" cb="0"/><line nr="29" mi="3" ci="0" mb="0" cb="0"/><line nr="30" mi="3" ci="0" mb="0" cb="0"/><line nr="31" mi="3" ci="0" mb="0" cb="0"/><line nr="32" mi="1" ci="0" mb="0" cb="0"/><line nr="36" mi="4" ci="0" mb="0" cb="0"/><line nr="37" mi="1" ci="0" mb="0" cb="0"/><line nr="40" mi="4" ci="0" mb="2" cb="0"/><line nr="41" mi="5" ci="0" mb="0" cb="0"/><line nr="44" mi="5" ci="0" mb="2" cb="0"/><line nr="45" mi="10" ci="0" mb="0" cb="0"/><line nr="48" mi="9" ci="0" mb="2" cb="0"/><line nr="49" mi="10" ci="0" mb="0" cb="0"/><line nr="51" mi="2" ci="0" mb="0" cb="0"/><line nr="52" mi="2" ci="0" mb="0" cb="0"/><line nr="53" mi="2" ci="0" mb="0" cb="0"/><line nr="54" mi="2" ci="0" mb="0" cb="0"/><line nr="55" mi="2" ci="0" mb="0" cb="0"/><line nr="56" mi="2" ci="0" mb="0" cb="0"/><line nr="57" mi="2" ci="0" mb="0" cb="0"/><line nr="58" mi="2" ci="0" mb="0" cb="0"/><line nr="60" mi="11" ci="0" mb="2" cb="0"/><line nr="61" mi="15" ci="0" mb="6" cb="0"/><line nr="62" mi="12" ci="0" mb="4" cb="0"/><line nr="63" mi="3" ci="0" mb="0" cb="0"/><line nr="64" mi="12" ci="0" mb="4" cb="0"/><line nr="65" mi="3" ci="0" mb="0" cb="0"/><line nr="66" mi="12" ci="0" mb="4" cb="0"/><line nr="67" mi="3" ci="0" mb="0" cb="0"/><line nr="68" mi="12" ci="0" mb="4" cb="0"/><line nr="69" mi="3" ci="0" mb="0" cb="0"/><line nr="70" mi="12" ci="0" mb="4" cb="0"/><line nr="71" mi="3" ci="0" mb="0" cb="0"/><line nr="72" mi="12" ci="0" mb="4" cb="0"/><line nr="73" mi="2" ci="0" mb="0" cb="0"/><line nr="75" mi="4" ci="0" mb="4" cb="0"/><line nr="76" mi="2" ci="0" mb="0" cb="0"/><line nr="78" mi="10" ci="0" mb="10" cb="0"/><line nr="79" mi="2" ci="0" mb="0" cb="0"/><line nr="80" mi="1" ci="0" mb="0" cb="0"/><line nr="83" mi="1" ci="0" mb="0" cb="0"/><line nr="84" mi="2" ci="0" mb="2" cb="0"/><line nr="85" mi="10" ci="0" mb="0" cb="0"/><line nr="87" mi="1" ci="0" mb="0" cb="0"/><line nr="90" mi="5" ci="0" mb="2" cb="0"/><line nr="91" mi="5" ci="0" mb="0" cb="0"/><line nr="92" mi="32" ci="0" mb="0" cb="0"/><line nr="93" mi="12" ci="0" mb="0" cb="0"/><line nr="94" mi="12" ci="0" mb="0" cb="0"/><line nr="95" mi="12" ci="0" mb="0" cb="0"/><line nr="96" mi="48" ci="0" mb="8" cb="0"/><line nr="97" mi="18" ci="0" mb="6" cb="0"/><line nr="98" mi="6" ci="0" mb="2" cb="0"/><line nr="99" mi="2" ci="0" mb="0" cb="0"/><line nr="101" mi="6" ci="0" mb="0" cb="0"/><line nr="104" mi="6" ci="0" mb="0" cb="0"/><line nr="107" mi="5" ci="0" mb="0" cb="0"/><line nr="111" mi="2" ci="0" mb="0" cb="0"/><line nr="115" mi="5" ci="0" mb="2" cb="0"/><line nr="116" mi="5" ci="0" mb="0" cb="0"/><line nr="117" mi="12" ci="0" mb="0" cb="0"/><line nr="118" mi="32" ci="0" mb="0" cb="0"/><line nr="119" mi="12" ci="0" mb="0" cb="0"/><line nr="120" mi="35" ci="0" mb="6" cb="0"/><line nr="121" mi="18" ci="0" mb="6" cb="0"/><line nr="122" mi="2" ci="0" mb="0" cb="0"/><line nr="124" mi="6" ci="0" mb="0" cb="0"/><line nr="127" mi="5" ci="0" mb="0" cb="0"/><line nr="130" mi="2" ci="0" mb="0" cb="0"/><line nr="134" mi="5" ci="0" mb="2" cb="0"/><line nr="135" mi="5" ci="0" mb="0" cb="0"/><line nr="136" mi="12" ci="0" mb="0" cb="0"/><line nr="137" mi="12" ci="0" mb="0" cb="0"/><line nr="138" mi="35" ci="0" mb="6" cb="0"/><line nr="139" mi="12" ci="0" mb="4" cb="0"/><line nr="140" mi="25" ci="0" mb="0" cb="0"/><line nr="141" mi="6" ci="0" mb="2" cb="0"/><line nr="142" mi="2" ci="0" mb="0" cb="0"/><line nr="144" mi="5" ci="0" mb="0" cb="0"/><line nr="146" mi="1" ci="0" mb="0" cb="0"/><line nr="147" mi="6" ci="0" mb="0" cb="0"/><line nr="150" mi="5" ci="0" mb="0" cb="0"/><line nr="153" mi="2" ci="0" mb="0" cb="0"/><line nr="157" mi="5" ci="0" mb="2" cb="0"/><line nr="158" mi="5" ci="0" mb="0" cb="0"/><line nr="159" mi="19" ci="0" mb="0" cb="0"/><line nr="160" mi="12" ci="0" mb="0" cb="0"/><line nr="161" mi="22" ci="0" mb="4" cb="0"/><line nr="162" mi="12" ci="0" mb="4" cb="0"/><line nr="163" mi="2" ci="0" mb="0" cb="0"/><line nr="165" mi="6" ci="0" mb="0" cb="0"/><line nr="168" mi="5" ci="0" mb="0" cb="0"/><line nr="171" mi="2" ci="0" mb="0" cb="0"/><line nr="175" mi="5" ci="0" mb="2" cb="0"/><line nr="176" mi="5" ci="0" mb="0" cb="0"/><line nr="177" mi="12" ci="0" mb="0" cb="0"/><line nr="178" mi="22" ci="0" mb="0" cb="0"/><line nr="179" mi="12" ci="0" mb="0" cb="0"/><line nr="180" mi="35" ci="0" mb="6" cb="0"/><line nr="181" mi="18" ci="0" mb="6" cb="0"/><line nr="182" mi="2" ci="0" mb="0" cb="0"/><line nr="184" mi="6" ci="0" mb="0" cb="0"/><line nr="187" mi="5" ci="0" mb="0" cb="0"/><line nr="190" mi="2" ci="0" mb="0" cb="0"/><line nr="194" mi="5" ci="0" mb="2" cb="0"/><line nr="195" mi="5" ci="0" mb="0" cb="0"/><line nr="196" mi="5" ci="0" mb="0" cb="0"/><line nr="197" mi="12" ci="0" mb="0" cb="0"/><line nr="198" mi="22" ci="0" mb="4" cb="0"/><line nr="199" mi="12" ci="0" mb="4" cb="0"/><line nr="200" mi="2" ci="0" mb="0" cb="0"/><line nr="202" mi="16" ci="0" mb="0" cb="0"/><line nr="205" mi="5" ci="0" mb="0" cb="0"/><line nr="208" mi="2" ci="0" mb="0" cb="0"/><line nr="212" mi="7" ci="0" mb="0" cb="0"/><line nr="213" mi="1" ci="0" mb="0" cb="0"/><line nr="216" mi="7" ci="0" mb="0" cb="0"/><line nr="217" mi="1" ci="0" mb="0" cb="0"/><counter type="INSTRUCTION" missed="978" covered="0"/><counter type="BRANCH" missed="134" covered="0"/><counter type="LINE" missed="118" covered="0"/><counter type="COMPLEXITY" missed="78" covered="0"/><counter type="METHOD" missed="11" covered="0"/><counter type="CLASS" missed="1" covered="0"/></sourcefile><counter type="INSTRUCTION" missed="1401" covered="749"/><counter type="BRANCH" missed="215" covered="67"/><counter type="LINE" missed="180" covered="119"/><counter type="COMPLEXITY" missed="147" covered="41"/><counter type="METHOD" missed="19" covered="28"/><counter type="CLASS" missed="1" covered="5"/></package><counter type="INSTRUCTION" missed="1401" covered="749"/><counter type="BRANCH" missed="215" covered="67"/><counter type="LINE" missed="180" covered="119"/><counter type="COMPLEXITY" missed="147" covered="41"/><counter type="METHOD" missed="19" covered="28"/><counter type="CLASS" missed="1" covered="5"/></group><group name="app"><package name="functional/data/optional"><class name="functional/data/optional/Just" sourcefilename="Just.java"><method name="&lt;init&gt;" desc="(Ljava/lang/Object;)V" line="10"><counter type="INSTRUCTION" missed="0" covered="6"/><counter type="LINE" missed="0" covered="3"/><counter type="COMPLEXITY" missed="0" covered="1"/><counter type="METHOD" missed="0" covered="1"/></method><method name="maybe" desc="(Ljava/util/function/Function;Ljava/lang/Object;)Ljava/lang/Object;" line="16"><counter type="INSTRUCTION" missed="0" covered="5"/><counter type="LINE" missed="0" covered="1"/><counter type="COMPLEXITY" missed="0" covered="1"/><counter type="METHOD" missed="0" covered="1"/></method><method name="equals" desc="(Ljava/lang/Object;)Z" line="21"><counter type="INSTRUCTION" missed="4" covered="19"/><counter type="BRANCH" missed="3" covered="3"/><counter type="LINE" missed="0" covered="4"/><counter type="COMPLEXITY" missed="3" covered="1"/><counter type="METHOD" missed="0" covered="1"/></method><method name="hashCode" desc="()I" line="29"><counter type="INSTRUCTION" missed="9" covered="0"/><counter type="LINE" missed="1" covered="0"/><counter type="COMPLEXITY" missed="1" covered="0"/><counter type="METHOD" missed="1" covered="0"/></method><counter type="INSTRUCTION" missed="13" covered="30"/><counter type="BRANCH" missed="3" covered="3"/><counter type="LINE" missed="1" covered="8"/><counter type="COMPLEXITY" missed="4" covered="3"/><counter type="METHOD" missed="1" covered="3"/><counter type="CLASS" missed="0" covered="1"/></class><class name="functional/data/optional/JOptionalFunctor" sourcefilename="JOptionalFunctor.java"><method name="&lt;init&gt;" desc="()V" line="10"><counter type="INSTRUCTION" missed="3" covered="0"/><counter type="LINE" missed="1" covered="0"/><counter type="COMPLEXITY" missed="1" covered="0"/><counter type="METHOD" missed="1" covered="0"/></method><method name="map" desc="(Ljava/util/Optional;Ljava/util/function/Function;)Ljava/util/Optional;" line="13"><counter type="INSTRUCTION" missed="0" covered="4"/><counter type="LINE" missed="0" covered="1"/><counter type="COMPLEXITY" missed="0" covered="1"/><counter type="METHOD" missed="0" covered="1"/></method><counter type="INSTRUCTION" missed="3" covered="4"/><counter type="LINE" missed="1" covered="1"/><counter type="COMPLEXITY" missed="1" covered="1"/><counter type="METHOD" missed="1" covered="1"/><counter type="CLASS" missed="0" covered="1"/></class><class name="functional/data/optional/Nothing" sourcefilename="Nothing.java"><method name="maybe" desc="(Ljava/util/function/Function;Ljava/lang/Object;)Ljava/lang/Object;" line="15"><counter type="INSTRUCTION" missed="0" covered="2"/><counter type="LINE" missed="0" covered="1"/><counter type="COMPLEXITY" missed="0" covered="1"/><counter type="METHOD" missed="0" covered="1"/></method><method name="equals" desc="(Ljava/lang/Object;)Z" line="20"><counter type="INSTRUCTION" missed="1" covered="6"/><counter type="BRANCH" missed="1" covered="1"/><counter type="LINE" missed="0" covered="1"/><counter type="COMPLEXITY" missed="1" covered="1"/><counter type="METHOD" missed="0" covered="1"/></method><method name="hashCode" desc="()I" line="25"><counter type="INSTRUCTION" missed="4" covered="0"/><counter type="LINE" missed="1" covered="0"/><counter type="COMPLEXITY" missed="1" covered="0"/><counter type="METHOD" missed="1" covered="0"/></method><method name="&lt;clinit&gt;" desc="()V" line="11"><counter type="INSTRUCTION" missed="0" covered="5"/><counter type="LINE" missed="0" covered="1"/><counter type="COMPLEXITY" missed="0" covered="1"/><counter type="METHOD" missed="0" covered="1"/></method><counter type="INSTRUCTION" missed="5" covered="13"/><counter type="BRANCH" missed="1" covered="1"/><counter type="LINE" missed="1" covered="3"/><counter type="COMPLEXITY" missed="2" covered="3"/><counter type="METHOD" missed="1" covered="3"/><counter type="CLASS" missed="0" covered="1"/></class><class name="functional/data/optional/Maybe" sourcefilename="Maybe.java"><method name="of" desc="(Ljava/lang/Object;)Lfunctional/data/optional/Maybe;" line="14"><counter type="INSTRUCTION" missed="0" covered="5"/><counter type="LINE" missed="0" covered="1"/><counter type="COMPLEXITY" missed="0" covered="1"/><counter type="METHOD" missed="0" covered="1"/></method><method name="of" desc="()Lfunctional/data/optional/Maybe;" line="18"><counter type="INSTRUCTION" missed="0" covered="2"/><counter type="LINE" missed="0" covered="1"/><counter type="COMPLEXITY" missed="0" covered="1"/><counter type="METHOD" missed="0" covered="1"/></method><method name="map" desc="(Lfunctional/data/optional/Maybe;Ljava/util/function/Function;)Lfunctional/data/optional/Maybe;" line="22"><counter type="INSTRUCTION" missed="0" covered="7"/><counter type="LINE" missed="0" covered="1"/><counter type="COMPLEXITY" missed="0" covered="1"/><counter type="METHOD" missed="0" covered="1"/></method><method name="lambda$map$0" desc="(Ljava/util/function/Function;Ljava/lang/Object;)Lfunctional/data/optional/Maybe;" line="22"><counter type="INSTRUCTION" missed="0" covered="5"/><counter type="LINE" missed="0" covered="1"/><counter type="COMPLEXITY" missed="0" covered="1"/><counter type="METHOD" missed="0" covered="1"/></method><counter type="INSTRUCTION" missed="0" covered="19"/><counter type="LINE" missed="0" covered="3"/><counter type="COMPLEXITY" missed="0" covered="4"/><counter type="METHOD" missed="0" covered="4"/><counter type="CLASS" missed="0" covered="1"/></class><sourcefile name="JOptionalFunctor.java"><line nr="10" mi="3" ci="0" mb="0" cb="0"/><line nr="13" mi="0" ci="4" mb="0" cb="0"/><counter type="INSTRUCTION" missed="3" covered="4"/><counter type="LINE" missed="1" covered="1"/><counter type="COMPLEXITY" missed="1" covered="1"/><counter type="METHOD" missed="1" covered="1"/><counter type="CLASS" missed="0" covered="1"/></sourcefile><sourcefile name="Maybe.java"><line nr="14" mi="0" ci="5" mb="0" cb="0"/><line nr="18" mi="0" ci="2" mb="0" cb="0"/><line nr="22" mi="0" ci="12" mb="0" cb="0"/><counter type="INSTRUCTION" missed="0" covered="19"/><counter type="LINE" missed="0" covered="3"/><counter type="COMPLEXITY" missed="0" covered="4"/><counter type="METHOD" missed="0" covered="4"/><counter type="CLASS" missed="0" covered="1"/></sourcefile><sourcefile name="Just.java"><line nr="10" mi="0" ci="2" mb="0" cb="0"/><line nr="11" mi="0" ci="3" mb="0" cb="0"/><line nr="12" mi="0" ci="1" mb="0" cb="0"/><line nr="16" mi="0" ci="5" mb="0" cb="0"/><line nr="21" mi="2" ci="3" mb="1" cb="1"/><line nr="22" mi="2" ci="7" mb="2" cb="2"/><line nr="23" mi="0" ci="3" mb="0" cb="0"/><line nr="24" mi="0" ci="6" mb="0" cb="0"/><line nr="29" mi="9" ci="0" mb="0" cb="0"/><counter type="INSTRUCTION" missed="13" covered="30"/><counter type="BRANCH" missed="3" covered="3"/><counter type="LINE" missed="1" covered="8"/><counter type="COMPLEXITY" missed="4" covered="3"/><counter type="METHOD" missed="1" covered="3"/><counter type="CLASS" missed="0" covered="1"/></sourcefile><sourcefile name="Nothing.java"><line nr="11" mi="0" ci="5" mb="0" cb="0"/><line nr="15" mi="0" ci="2" mb="0" cb="0"/><line nr="20" mi="1" ci="6" mb="1" cb="1"/><line nr="25" mi="4" ci="0" mb="0" cb="0"/><counter type="INSTRUCTION" missed="5" covered="13"/><counter type="BRANCH" missed="1" covered="1"/><counter type="LINE" missed="1" covered="3"/><counter type="COMPLEXITY" missed="2" covered="3"/><counter type="METHOD" missed="1" covered="3"/><counter type="CLASS" missed="0" covered="1"/></sourcefile><counter type="INSTRUCTION" missed="21" covered="66"/><counter type="BRANCH" missed="4" covered="4"/><counter type="LINE" missed="3" covered="15"/><counter type="COMPLEXITY" missed="7" covered="11"/><counter type="METHOD" missed="3" covered="11"/><counter type="CLASS" missed="0" covered="4"/></package><package name="functional/data/continuation"><class name="functional/data/continuation/Continuation" sourcefilename="Continuation.java"><method name="map" desc="(Lfunctional/data/continuation/Continuation;Ljava/util/function/Function;)Lfunctional/data/continuation/Continuation;" line="13"><counter type="INSTRUCTION" missed="0" covered="4"/><counter type="LINE" missed="0" covered="1"/><counter type="COMPLEXITY" missed="0" covered="1"/><counter type="METHOD" missed="0" covered="1"/></method><method name="lambda$map$0" desc="(Lfunctional/data/continuation/Continuation;Ljava/util/function/Function;Ljava/util/function/Function;)Ljava/lang/Object;" line="13"><counter type="INSTRUCTION" missed="0" covered="6"/><counter type="LINE" missed="0" covered="1"/><counter type="COMPLEXITY" missed="0" covered="1"/><counter type="METHOD" missed="0" covered="1"/></method><counter type="INSTRUCTION" missed="0" covered="10"/><counter type="LINE" missed="0" covered="1"/><counter type="COMPLEXITY" missed="0" covered="2"/><counter type="METHOD" missed="0" covered="2"/><counter type="CLASS" missed="0" covered="1"/></class><sourcefile name="Continuation.java"><line nr="13" mi="0" ci="10" mb="0" cb="0"/><counter type="INSTRUCTION" missed="0" covered="10"/><counter type="LINE" missed="0" covered="1"/><counter type="COMPLEXITY" missed="0" covered="2"/><counter type="METHOD" missed="0" covered="2"/><counter type="CLASS" missed="0" covered="1"/></sourcefile><counter type="INSTRUCTION" missed="0" covered="10"/><counter type="LINE" missed="0" covered="1"/><counter type="COMPLEXITY" missed="0" covered="2"/><counter type="METHOD" missed="0" covered="2"/><counter type="CLASS" missed="0" covered="1"/></package><package name="functional/data"><class name="functional/data/FunctionFrom" sourcefilename="FunctionFrom.java"><method name="&lt;init&gt;" desc="()V" line="9"><counter type="INSTRUCTION" missed="3" covered="0"/><counter type="LINE" missed="1" covered="0"/><counter type="COMPLEXITY" missed="1" covered="0"/><counter type="METHOD" missed="1" covered="0"/></method><method name="map" desc="(Ljava/util/function/Function;Ljava/util/function/Function;)Ljava/util/function/Function;" line="12"><counter type="INSTRUCTION" missed="0" covered="4"/><counter type="LINE" missed="0" covered="1"/><counter type="COMPLEXITY" missed="0" covered="1"/><counter type="METHOD" missed="0" covered="1"/></method><counter type="INSTRUCTION" missed="3" covered="4"/><counter type="LINE" missed="1" covered="1"/><counter type="COMPLEXITY" missed="1" covered="1"/><counter type="METHOD" missed="1" covered="1"/><counter type="CLASS" missed="0" covered="1"/></class><sourcefile name="FunctionFrom.java"><line nr="9" mi="3" ci="0" mb="0" cb="0"/><line nr="12" mi="0" ci="4" mb="0" cb="0"/><counter type="INSTRUCTION" missed="3" covered="4"/><counter type="LINE" missed="1" covered="1"/><counter type="COMPLEXITY" missed="1" covered="1"/><counter type="METHOD" missed="1" covered="1"/><counter type="CLASS" missed="0" covered="1"/></sourcefile><counter type="INSTRUCTION" missed="3" covered="4"/><counter type="LINE" missed="1" covered="1"/><counter type="COMPLEXITY" missed="1" covered="1"/><counter type="METHOD" missed="1" covered="1"/><counter type="CLASS" missed="0" covered="1"/></package><package name="functional/data/list/zipper"><class name="functional/data/list/zipper/ListZipper" sourcefilename="ListZipper.java"><method name="&lt;init&gt;" desc="(Lfunctional/data/list/FiniteList;Ljava/lang/Object;Lfunctional/data/list/FiniteList;)V" line="30"><counter type="INSTRUCTION" missed="5" covered="18"/><counter type="BRANCH" missed="3" covered="3"/><counter type="LINE" missed="1" covered="6"/><counter type="COMPLEXITY" missed="3" covered="1"/><counter type="METHOD" missed="0" covered="1"/></method><method name="zipFrom" desc="(Lfunctional/data/list/FiniteList;)Lfunctional/data/optional/Maybe;" line="40"><counter type="INSTRUCTION" missed="2" covered="12"/><counter type="BRANCH" missed="1" covered="1"/><counter type="LINE" missed="1" covered="2"/><counter type="COMPLEXITY" missed="1" covered="1"/><counter type="METHOD" missed="0" covered="1"/></method><method name="moveLeft" desc="()Lfunctional/data/optional/Maybe;" line="48"><counter type="INSTRUCTION" missed="0" covered="20"/><counter type="LINE" missed="0" covered="3"/><counter type="COMPLEXITY" missed="0" covered="1"/><counter type="METHOD" missed="0" covered="1"/></method><method name="moveRight" desc="()Lfunctional/data/optional/Maybe;" line="54"><counter type="INSTRUCTION" missed="0" covered="20"/><counter type="LINE" missed="0" covered="3"/><counter type="COMPLEXITY" missed="0" covered="1"/><counter type="METHOD" missed="0" covered="1"/></method><method name="modify" desc="(Ljava/util/function/Function;)Lfunctional/data/list/zipper/ListZipper;" line="60"><counter type="INSTRUCTION" missed="0" covered="12"/><counter type="LINE" missed="0" covered="1"/><counter type="COMPLEXITY" missed="0" covered="1"/><counter type="METHOD" missed="0" covered="1"/></method><method name="set" desc="(Ljava/lang/Object;)Lfunctional/data/list/zipper/ListZipper;" line="64"><counter type="INSTRUCTION" missed="0" covered="5"/><counter type="LINE" missed="0" covered="1"/><counter type="COMPLEXITY" missed="0" covered="1"/><counter type="METHOD" missed="0" covered="1"/></method><method name="toList" desc="()Lfunctional/data/list/List;" line="68"><counter type="INSTRUCTION" missed="0" covered="10"/><counter type="LINE" missed="0" covered="1"/><counter type="COMPLEXITY" missed="0" covered="1"/><counter type="METHOD" missed="0" covered="1"/></method><method name="map" desc="(Lfunctional/data/list/zipper/ListZipper;Ljava/util/function/Function;)Lfunctional/data/list/zipper/ListZipper;" line="72"><counter type="INSTRUCTION" missed="0" covered="16"/><counter type="LINE" missed="0" covered="1"/><counter type="COMPLEXITY" missed="0" covered="1"/><counter type="METHOD" missed="0" covered="1"/></method><method name="lambda$set$3" desc="(Ljava/lang/Object;Ljava/lang/Object;)Ljava/lang/Object;" line="64"><counter type="INSTRUCTION" missed="0" covered="2"/><counter type="LINE" missed="0" covered="1"/><counter type="COMPLEXITY" missed="0" covered="1"/><counter type="METHOD" missed="0" covered="1"/></method><method name="lambda$moveRight$2" desc="(Lfunctional/data/list/FiniteList;Lfunctional/data/list/FiniteList;Ljava/lang/Object;)Lfunctional/data/optional/Maybe;" line="56"><counter type="INSTRUCTION" missed="0" covered="8"/><counter type="LINE" missed="0" covered="1"/><counter type="COMPLEXITY" missed="0" covered="1"/><counter type="METHOD" missed="0" covered="1"/></method><method name="lambda$moveLeft$1" desc="(Lfunctional/data/list/FiniteList;Lfunctional/data/list/FiniteList;Ljava/lang/Object;)Lfunctional/data/optional/Maybe;" line="50"><counter type="INSTRUCTION" missed="8" covered="0"/><counter type="LINE" missed="1" covered="0"/><counter type="COMPLEXITY" missed="1" covered="0"/><counter type="METHOD" missed="1" covered="0"/></method><method name="lambda$zipFrom$0" desc="(Lfunctional/data/list/FiniteList;Ljava/lang/Object;)Lfunctional/data/optional/Maybe;" line="43"><counter type="INSTRUCTION" missed="0" covered="9"/><counter type="LINE" missed="0" covered="1"/><counter type="COMPLEXITY" missed="0" covered="1"/><counter type="METHOD" missed="0" covered="1"/></method><counter type="INSTRUCTION" missed="15" covered="132"/><counter type="BRANCH" missed="4" covered="4"/><counter type="LINE" missed="2" covered="18"/><counter type="COMPLEXITY" missed="5" covered="11"/><counter type="METHOD" missed="1" covered="11"/><counter type="CLASS" missed="0" covered="1"/></class><sourcefile name="ListZipper.java"><line nr="30" mi="0" ci="2" mb="0" cb="0"/><line nr="31" mi="0" ci="6" mb="3" cb="3"/><line nr="32" mi="5" ci="0" mb="0" cb="0"/><line nr="34" mi="0" ci="3" mb="0" cb="0"/><line nr="35" mi="0" ci="3" mb="0" cb="0"/><line nr="36" mi="0" ci="3" mb="0" cb="0"/><line nr="37" mi="0" ci="1" mb="0" cb="0"/><line nr="40" mi="0" ci="4" mb="1" cb="1"/><line nr="41" mi="2" ci="0" mb="0" cb="0"/><line nr="43" mi="0" ci="17" mb="0" cb="0"/><line nr="48" mi="0" ci="4" mb="0" cb="0"/><line nr="49" mi="0" ci="6" mb="0" cb="0"/><line nr="50" mi="8" ci="10" mb="0" cb="0"/><line nr="54" mi="0" ci="6" mb="0" cb="0"/><line nr="55" mi="0" ci="4" mb="0" cb="0"/><line nr="56" mi="0" ci="18" mb="0" cb="0"/><line nr="60" mi="0" ci="12" mb="0" cb="0"/><line nr="64" mi="0" ci="7" mb="0" cb="0"/><line nr="68" mi="0" ci="10" mb="0" cb="0"/><line nr="72" mi="0" ci="16" mb="0" cb="0"/><counter type="INSTRUCTION" missed="15" covered="132"/><counter type="BRANCH" missed="4" covered="4"/><counter type="LINE" missed="2" covered="18"/><counter type="COMPLEXITY" missed="5" covered="11"/><counter type="METHOD" missed="1" covered="11"/><counter type="CLASS" missed="0" covered="1"/></sourcefile><counter type="INSTRUCTION" missed="15" covered="132"/><counter type="BRANCH" missed="4" covered="4"/><counter type="LINE" missed="2" covered="18"/><counter type="COMPLEXITY" missed="5" covered="11"/><counter type="METHOD" missed="1" covered="11"/><counter type="CLASS" missed="0" covered="1"/></package><package name="functional/data/tree"><class name="functional/data/tree/BinaryNode" sourcefilename="BinaryNode.java"><method name="&lt;init&gt;" desc="(Lfunctional/data/tree/BinaryTree;Lfunctional/data/tree/BinaryTree;)V" line="9"><counter type="INSTRUCTION" missed="0" covered="9"/><counter type="LINE" missed="0" covered="4"/><counter type="COMPLEXITY" missed="0" covered="1"/><counter type="METHOD" missed="0" covered="1"/></method><method name="left" desc="()Lfunctional/data/tree/BinaryTree;" line="15"><counter type="INSTRUCTION" missed="0" covered="3"/><counter type="LINE" missed="0" covered="1"/><counter type="COMPLEXITY" missed="0" covered="1"/><counter type="METHOD" missed="0" covered="1"/></method><method name="right" desc="()Lfunctional/data/tree/BinaryTree;" line="19"><counter type="INSTRUCTION" missed="0" covered="3"/><counter type="LINE" missed="0" covered="1"/><counter type="COMPLEXITY" missed="0" covered="1"/><counter type="METHOD" missed="0" covered="1"/></method><method name="hashCode" desc="()I" line="24"><counter type="INSTRUCTION" missed="12" covered="0"/><counter type="LINE" missed="1" covered="0"/><counter type="COMPLEXITY" missed="1" covered="0"/><counter type="METHOD" missed="1" covered="0"/></method><method name="equals" desc="(Ljava/lang/Object;)Z" line="29"><counter type="INSTRUCTION" missed="5" covered="24"/><counter type="BRANCH" missed="4" covered="4"/><counter type="LINE" missed="1" covered="3"/><counter type="COMPLEXITY" missed="4" covered="1"/><counter type="METHOD" missed="0" covered="1"/></method><counter type="INSTRUCTION" missed="17" covered="39"/><counter type="BRANCH" missed="4" covered="4"/><counter type="LINE" missed="2" covered="9"/><counter type="COMPLEXITY" missed="5" covered="4"/><counter type="METHOD" missed="1" covered="4"/><counter type="CLASS" missed="0" covered="1"/></class><class name="functional/data/tree/Leaf" sourcefilename="Leaf.java"><method name="&lt;init&gt;" desc="(Ljava/lang/Object;)V" line="9"><counter type="INSTRUCTION" missed="5" covered="8"/><counter type="BRANCH" missed="1" covered="1"/><counter type="LINE" missed="0" covered="4"/><counter type="COMPLEXITY" missed="1" covered="1"/><counter type="METHOD" missed="0" covered="1"/></method><method name="value" desc="()Ljava/lang/Object;" line="15"><counter type="INSTRUCTION" missed="0" covered="3"/><counter type="LINE" missed="0" covered="1"/><counter type="COMPLEXITY" missed="0" covered="1"/><counter type="METHOD" missed="0" covered="1"/></method><method name="hashCode" desc="()I" line="20"><counter type="INSTRUCTION" missed="6" covered="0"/><counter type="LINE" missed="1" covered="0"/><counter type="COMPLEXITY" missed="1" covered="0"/><counter type="METHOD" missed="1" covered="0"/></method><method name="equals" desc="(Ljava/lang/Object;)Z" line="25"><counter type="INSTRUCTION" missed="4" covered="15"/><counter type="BRANCH" missed="2" covered="2"/><counter type="LINE" missed="1" covered="3"/><counter type="COMPLEXITY" missed="2" covered="1"/><counter type="METHOD" missed="0" covered="1"/></method><counter type="INSTRUCTION" missed="15" covered="26"/><counter type="BRANCH" missed="3" covered="3"/><counter type="LINE" missed="2" covered="8"/><counter type="COMPLEXITY" missed="4" covered="3"/><counter type="METHOD" missed="1" covered="3"/><counter type="CLASS" missed="0" covered="1"/></class><class name="functional/data/tree/BinaryTree" sourcefilename="BinaryTree.java"><method name="leaf" desc="(Ljava/lang/Object;)Lfunctional/data/tree/BinaryTree;" line="12"><counter type="INSTRUCTION" missed="0" covered="5"/><counter type="LINE" missed="0" covered="1"/><counter type="COMPLEXITY" missed="0" covered="1"/><counter type="METHOD" missed="0" covered="1"/></method><method name="node" desc="(Lfunctional/data/tree/BinaryTree;Lfunctional/data/tree/BinaryTree;)Lfunctional/data/tree/BinaryTree;" line="16"><counter type="INSTRUCTION" missed="0" covered="6"/><counter type="LINE" missed="0" covered="1"/><counter type="COMPLEXITY" missed="0" covered="1"/><counter type="METHOD" missed="0" covered="1"/></method><method name="map" desc="(Lfunctional/data/tree/BinaryTree;Ljava/util/function/Function;)Lfunctional/data/tree/BinaryTree;" line="20"><counter type="INSTRUCTION" missed="0" covered="29"/><counter type="BRANCH" missed="0" covered="2"/><counter type="LINE" missed="0" covered="4"/><counter type="COMPLEXITY" missed="0" covered="2"/><counter type="METHOD" missed="0" covered="1"/></method><counter type="INSTRUCTION" missed="0" covered="40"/><counter type="BRANCH" missed="0" covered="2"/><counter type="LINE" missed="0" covered="6"/><counter type="COMPLEXITY" missed="0" covered="4"/><counter type="METHOD" missed="0" covered="3"/><counter type="CLASS" missed="0" covered="1"/></class><sourcefile name="Leaf.java"><line nr="9" mi="0" ci="2" mb="0" cb="0"/><line nr="10" mi="5" ci="2" mb="1" cb="1"/><line nr="11" mi="0" ci="3" mb="0" cb="0"/><line nr="12" mi="0" ci="1" mb="0" cb="0"/><line nr="15" mi="0" ci="3" mb="0" cb="0"/><line nr="20" mi="6" ci="0" mb="0" cb="0"/><line nr="25" mi="2" ci="3" mb="1" cb="1"/><line nr="26" mi="0" ci="6" mb="1" cb="1"/><line nr="27" mi="0" ci="6" mb="0" cb="0"/><line nr="29" mi="2" ci="0" mb="0" cb="0"/><counter type="INSTRUCTION" missed="15" covered="26"/><counter type="BRANCH" missed="3" covered="3"/><counter type="LINE" missed="2" covered="8"/><counter type="COMPLEXITY" missed="4" covered="3"/><counter type="METHOD" missed="1" covered="3"/><counter type="CLASS" missed="0" covered="1"/></sourcefile><sourcefile name="BinaryTree.java"><line nr="12" mi="0" ci="5" mb="0" cb="0"/><line nr="16" mi="0" ci="6" mb="0" cb="0"/><line nr="20" mi="0" ci="6" mb="0" cb="2"/><line nr="21" mi="0" ci="8" mb="0" cb="0"/><line nr="23" mi="0" ci="3" mb="0" cb="0"/><line nr="24" mi="0" ci="12" mb="0" cb="0"/><counter type="INSTRUCTION" missed="0" covered="40"/><counter type="BRANCH" missed="0" covered="2"/><counter type="LINE" missed="0" covered="6"/><counter type="COMPLEXITY" missed="0" covered="4"/><counter type="METHOD" missed="0" covered="3"/><counter type="CLASS" missed="0" covered="1"/></sourcefile><sourcefile name="BinaryNode.java"><line nr="9" mi="0" ci="2" mb="0" cb="0"/><line nr="10" mi="0" ci="3" mb="0" cb="0"/><line nr="11" mi="0" ci="3" mb="0" cb="0"/><line nr="12" mi="0" ci="1" mb="0" cb="0"/><line nr="15" mi="0" ci="3" mb="0" cb="0"/><line nr="19" mi="0" ci="3" mb="0" cb="0"/><line nr="24" mi="12" ci="0" mb="0" cb="0"/><line nr="29" mi="2" ci="3" mb="1" cb="1"/><line nr="30" mi="0" ci="6" mb="1" cb="1"/><line nr="31" mi="1" ci="15" mb="2" cb="2"/><line nr="33" mi="2" ci="0" mb="0" cb="0"/><counter type="INSTRUCTION" missed="17" covered="39"/><counter type="BRANCH" missed="4" covered="4"/><counter type="LINE" missed="2" covered="9"/><counter type="COMPLEXITY" missed="5" covered="4"/><counter type="METHOD" missed="1" covered="4"/><counter type="CLASS" missed="0" covered="1"/></sourcefile><counter type="INSTRUCTION" missed="32" covered="105"/><counter type="BRANCH" missed="7" covered="9"/><counter type="LINE" missed="4" covered="23"/><counter type="COMPLEXITY" missed="9" covered="11"/><counter type="METHOD" missed="2" covered="10"/><counter type="CLASS" missed="0" covered="3"/></package><package name="functional/data/list"><class name="functional/data/list/Generating" sourcefilename="Generating.java"><method name="&lt;init&gt;" desc="(Ljava/lang/Object;Ljava/util/function/UnaryOperator;)V" line="13"><counter type="INSTRUCTION" missed="18" covered="0"/><counter type="BRANCH" missed="4" covered="0"/><counter type="LINE" missed="5" covered="0"/><counter type="COMPLEXITY" missed="3" covered="0"/><counter type="METHOD" missed="1" covered="0"/></method><method name="head" desc="()Lfunctional/data/optional/Maybe;" line="21"><counter type="INSTRUCTION" missed="4" covered="0"/><counter type="LINE" missed="1" covered="0"/><counter type="COMPLEXITY" missed="1" covered="0"/><counter type="METHOD" missed="1" covered="0"/></method><method name="tail" desc="()Lfunctional/data/list/List;" line="26"><counter type="INSTRUCTION" missed="11" covered="0"/><counter type="LINE" missed="1" covered="0"/><counter type="COMPLEXITY" missed="1" covered="0"/><counter type="METHOD" missed="1" covered="0"/></method><method name="map" desc="(Ljava/util/function/Function;)Lfunctional/data/list/List;" line="31"><counter type="INSTRUCTION" missed="6" covered="0"/><counter type="LINE" missed="1" covered="0"/><counter type="COMPLEXITY" missed="1" covered="0"/><counter type="METHOD" missed="1" covered="0"/></method><counter type="INSTRUCTION" missed="39" covered="0"/><counter type="BRANCH" missed="4" covered="0"/><counter type="LINE" missed="8" covered="0"/><counter type="COMPLEXITY" missed="6" covered="0"/><counter type="METHOD" missed="4" covered="0"/><counter type="CLASS" missed="1" covered="0"/></class><class name="functional/data/list/Repeat" sourcefilename="Repeat.java"><method name="&lt;init&gt;" desc="(Ljava/lang/Object;)V" line="17"><counter type="INSTRUCTION" missed="13" covered="0"/><counter type="BRANCH" missed="2" covered="0"/><counter type="LINE" missed="4" covered="0"/><counter type="COMPLEXITY" missed="2" covered="0"/><counter type="METHOD" missed="1" covered="0"/></method><method name="head" desc="()Lfunctional/data/optional/Maybe;" line="24"><counter type="INSTRUCTION" missed="4" covered="0"/><counter type="LINE" missed="1" covered="0"/><counter type="COMPLEXITY" missed="1" covered="0"/><counter type="METHOD" missed="1" covered="0"/></method><method name="tail" desc="()Lfunctional/data/list/List;" line="29"><counter type="INSTRUCTION" missed="2" covered="0"/><counter type="LINE" missed="1" covered="0"/><counter type="COMPLEXITY" missed="1" covered="0"/><counter type="METHOD" missed="1" covered="0"/></method><method name="map" desc="(Ljava/util/function/Function;)Lfunctional/data/list/List;" line="34"><counter type="INSTRUCTION" missed="8" covered="0"/><counter type="LINE" missed="1" covered="0"/><counter type="COMPLEXITY" missed="1" covered="0"/><counter type="METHOD" missed="1" covered="0"/></method><method name="equals" desc="(Ljava/lang/Object;)Z" line="39"><counter type="INSTRUCTION" missed="17" covered="0"/><counter type="BRANCH" missed="4" covered="0"/><counter type="LINE" missed="4" covered="0"/><counter type="COMPLEXITY" missed="3" covered="0"/><counter type="METHOD" missed="1" covered="0"/></method><method name="hashCode" desc="()I" line="49"><counter type="INSTRUCTION" missed="6" covered="0"/><counter type="LINE" missed="1" covered="0"/><counter type="COMPLEXITY" missed="1" covered="0"/><counter type="METHOD" missed="1" covered="0"/></method><method name="toString" desc="()Ljava/lang/String;" line="54"><counter type="INSTRUCTION" missed="4" covered="0"/><counter type="LINE" missed="1" covered="0"/><counter type="COMPLEXITY" missed="1" covered="0"/><counter type="METHOD" missed="1" covered="0"/></method><counter type="INSTRUCTION" missed="54" covered="0"/><counter type="BRANCH" missed="6" covered="0"/><counter type="LINE" missed="13" covered="0"/><counter type="COMPLEXITY" missed="10" covered="0"/><counter type="METHOD" missed="7" covered="0"/><counter type="CLASS" missed="1" covered="0"/></class><class name="functional/data/list/List" sourcefilename="List.java"><method name="limit" desc="(I)Lfunctional/data/list/FiniteList;" line="20"><counter type="INSTRUCTION" missed="9" covered="0"/><counter type="LINE" missed="1" covered="0"/><counter type="COMPLEXITY" missed="1" covered="0"/><counter type="METHOD" missed="1" covered="0"/></method><method name="generate" desc="(Ljava/lang/Object;Ljava/util/function/UnaryOperator;)Lfunctional/data/list/List;" line="24"><counter type="INSTRUCTION" missed="6" covered="0"/><counter type="LINE" missed="1" covered="0"/><counter type="COMPLEXITY" missed="1" covered="0"/><counter type="METHOD" missed="1" covered="0"/></method><method name="cons" desc="(Ljava/lang/Object;Lfunctional/data/list/List;)Lfunctional/data/list/List;" line="28"><counter type="INSTRUCTION" missed="15" covered="0"/><counter type="BRANCH" missed="4" covered="0"/><counter type="LINE" missed="3" covered="0"/><counter type="COMPLEXITY" missed="3" covered="0"/><counter type="METHOD" missed="1" covered="0"/></method><method name="nil" desc="()Lfunctional/data/list/List;" line="35"><counter type="INSTRUCTION" missed="2" covered="0"/><counter type="LINE" missed="1" covered="0"/><counter type="COMPLEXITY" missed="1" covered="0"/><counter type="METHOD" missed="1" covered="0"/></method><method name="map" desc="(Lfunctional/data/list/List;Ljava/util/function/Function;)Lfunctional/data/list/List;" line="39"><counter type="INSTRUCTION" missed="4" covered="0"/><counter type="LINE" missed="1" covered="0"/><counter type="COMPLEXITY" missed="1" covered="0"/><counter type="METHOD" missed="1" covered="0"/></method><method name="repeat" desc="(Ljava/lang/Object;)Lfunctional/data/list/List;" line="43"><counter type="INSTRUCTION" missed="5" covered="0"/><counter type="LINE" missed="1" covered="0"/><counter type="COMPLEXITY" missed="1" covered="0"/><counter type="METHOD" missed="1" covered="0"/></method><method name="lambda$limit$0" desc="(ILjava/lang/Object;)Lfunctional/data/list/FiniteList;" line="20"><counter type="INSTRUCTION" missed="9" covered="0"/><counter type="LINE" missed="1" covered="0"/><counter type="COMPLEXITY" missed="1" covered="0"/><counter type="METHOD" missed="1" covered="0"/></method><counter type="INSTRUCTION" missed="50" covered="0"/><counter type="BRANCH" missed="4" covered="0"/><counter type="LINE" missed="8" covered="0"/><counter type="COMPLEXITY" missed="9" covered="0"/><counter type="METHOD" missed="7" covered="0"/><counter type="CLASS" missed="1" covered="0"/></class><class name="functional/data/list/Nil" sourcefilename="Nil.java"><method name="head" desc="()Lfunctional/data/optional/Maybe;" line="18"><counter type="INSTRUCTION" missed="0" covered="2"/><counter type="LINE" missed="0" covered="1"/><counter type="COMPLEXITY" missed="0" covered="1"/><counter type="METHOD" missed="0" covered="1"/></method><method name="tail" desc="()Lfunctional/data/list/FiniteList;" line="23"><counter type="INSTRUCTION" missed="0" covered="4"/><counter type="LINE" missed="0" covered="1"/><counter type="COMPLEXITY" missed="0" covered="1"/><counter type="METHOD" missed="0" covered="1"/></method><method name="toString" desc="()Ljava/lang/String;" line="28"><counter type="INSTRUCTION" missed="2" covered="0"/><counter type="LINE" missed="1" covered="0"/><counter type="COMPLEXITY" missed="1" covered="0"/><counter type="METHOD" missed="1" covered="0"/></method><method name="equals" desc="(Ljava/lang/Object;)Z" line="48"><counter type="INSTRUCTION" missed="7" covered="0"/><counter type="BRANCH" missed="2" covered="0"/><counter type="LINE" missed="1" covered="0"/><counter type="COMPLEXITY" missed="2" covered="0"/><counter type="METHOD" missed="1" covered="0"/></method><method name="hashCode" desc="()I" line="53"><counter type="INSTRUCTION" missed="2" covered="0"/><counter type="LINE" missed="1" covered="0"/><counter type="COMPLEXITY" missed="1" covered="0"/><counter type="METHOD" missed="1" covered="0"/></method><method name="&lt;clinit&gt;" desc="()V" line="14"><counter type="INSTRUCTION" missed="0" covered="5"/><counter type="LINE" missed="0" covered="1"/><counter type="COMPLEXITY" missed="0" covered="1"/><counter type="METHOD" missed="0" covered="1"/></method><counter type="INSTRUCTION" missed="11" covered="11"/><counter type="BRANCH" missed="2" covered="0"/><counter type="LINE" missed="3" covered="3"/><counter type="COMPLEXITY" missed="4" covered="3"/><counter type="METHOD" missed="3" covered="3"/><counter type="CLASS" missed="0" covered="1"/></class><class name="functional/data/list/FinCons" sourcefilename="FinCons.java"><method name="&lt;init&gt;" desc="(Ljava/lang/Object;Lfunctional/data/list/FiniteList;)V" line="8"><counter type="INSTRUCTION" missed="0" covered="5"/><counter type="LINE" missed="0" covered="2"/><counter type="COMPLEXITY" missed="0" covered="1"/><counter type="METHOD" missed="0" covered="1"/></method><method name="tail" desc="()Lfunctional/data/list/FiniteList;" line="13"><counter type="INSTRUCTION" missed="0" covered="4"/><counter type="LINE" missed="0" covered="1"/><counter type="COMPLEXITY" missed="0" covered="1"/><counter type="METHOD" missed="0" covered="1"/></method><method name="map" desc="(Ljava/util/function/Function;)Lfunctional/data/list/FiniteList;" line="18"><counter type="INSTRUCTION" missed="4" covered="0"/><counter type="LINE" missed="1" covered="0"/><counter type="COMPLEXITY" missed="1" covered="0"/><counter type="METHOD" missed="1" covered="0"/></method><counter type="INSTRUCTION" missed="4" covered="9"/><counter type="LINE" missed="1" covered="3"/><counter type="COMPLEXITY" missed="1" covered="2"/><counter type="METHOD" missed="1" covered="2"/><counter type="CLASS" missed="0" covered="1"/></class><class name="functional/data/list/Cons" sourcefilename="Cons.java"><method name="&lt;init&gt;" desc="(Ljava/lang/Object;Lfunctional/data/list/List;)V" line="16"><counter type="INSTRUCTION" missed="4" covered="13"/><counter type="BRANCH" missed="2" covered="2"/><counter type="LINE" missed="1" covered="5"/><counter type="COMPLEXITY" missed="2" covered="1"/><counter type="METHOD" missed="0" covered="1"/></method><method name="head" desc="()Lfunctional/data/optional/Maybe;" line="26"><counter type="INSTRUCTION" missed="0" covered="4"/><counter type="LINE" missed="0" covered="1"/><counter type="COMPLEXITY" missed="0" covered="1"/><counter type="METHOD" missed="0" covered="1"/></method><method name="tail" desc="()Lfunctional/data/list/List;" line="31"><counter type="INSTRUCTION" missed="0" covered="3"/><counter type="LINE" missed="0" covered="1"/><counter type="COMPLEXITY" missed="0" covered="1"/><counter type="METHOD" missed="0" covered="1"/></method><method name="map" desc="(Ljava/util/function/Function;)Lfunctional/data/list/List;" line="36"><counter type="INSTRUCTION" missed="12" covered="0"/><counter type="LINE" missed="1" covered="0"/><counter type="COMPLEXITY" missed="1" covered="0"/><counter type="METHOD" missed="1" covered="0"/></method><method name="toString" desc="()Ljava/lang/String;" line="41"><counter type="INSTRUCTION" missed="6" covered="0"/><counter type="LINE" missed="1" covered="0"/><counter type="COMPLEXITY" missed="1" covered="0"/><counter type="METHOD" missed="1" covered="0"/></method><method name="equals" desc="(Ljava/lang/Object;)Z" line="51"><counter type="INSTRUCTION" missed="3" covered="30"/><counter type="BRANCH" missed="4" covered="6"/><counter type="LINE" missed="0" covered="4"/><counter type="COMPLEXITY" missed="4" covered="2"/><counter type="METHOD" missed="0" covered="1"/></method><method name="hashCode" desc="()I" line="59"><counter type="INSTRUCTION" missed="14" covered="0"/><counter type="LINE" missed="1" covered="0"/><counter type="COMPLEXITY" missed="1" covered="0"/><counter type="METHOD" missed="1" covered="0"/></method><counter type="INSTRUCTION" missed="39" covered="50"/><counter type="BRANCH" missed="6" covered="8"/><counter type="LINE" missed="4" covered="11"/><counter type="COMPLEXITY" missed="9" covered="5"/><counter type="METHOD" missed="3" covered="4"/><counter type="CLASS" missed="0" covered="1"/></class><class name="functional/data/list/Generating$GeneratingMapped" sourcefilename="Generating.java"><method name="&lt;init&gt;" desc="(Lfunctional/data/list/List;Ljava/util/function/Function;)V" line="39"><counter type="INSTRUCTION" missed="9" covered="0"/><counter type="LINE" missed="4" covered="0"/><counter type="COMPLEXITY" missed="1" covered="0"/><counter type="METHOD" missed="1" covered="0"/></method><method name="head" desc="()Lfunctional/data/optional/Maybe;" line="46"><counter type="INSTRUCTION" missed="9" covered="0"/><counter type="LINE" missed="1" covered="0"/><counter type="COMPLEXITY" missed="1" covered="0"/><counter type="METHOD" missed="1" covered="0"/></method><method name="tail" desc="()Lfunctional/data/list/List;" line="51"><counter type="INSTRUCTION" missed="9" covered="0"/><counter type="LINE" missed="1" covered="0"/><counter type="COMPLEXITY" missed="1" covered="0"/><counter type="METHOD" missed="1" covered="0"/></method><method name="map" desc="(Ljava/util/function/Function;)Lfunctional/data/list/List;" line="56"><counter type="INSTRUCTION" missed="10" covered="0"/><counter type="LINE" missed="1" covered="0"/><counter type="COMPLEXITY" missed="1" covered="0"/><counter type="METHOD" missed="1" covered="0"/></method><method name="lambda$head$0" desc="(Ljava/lang/Object;)Lfunctional/data/optional/Maybe;" line="46"><counter type="INSTRUCTION" missed="6" covered="0"/><counter type="LINE" missed="1" covered="0"/><counter type="COMPLEXITY" missed="1" covered="0"/><counter type="METHOD" missed="1" covered="0"/></method><counter type="INSTRUCTION" missed="43" covered="0"/><counter type="LINE" missed="7" covered="0"/><counter type="COMPLEXITY" missed="5" covered="0"/><counter type="METHOD" missed="5" covered="0"/><counter type="CLASS" missed="1" covered="0"/></class><class name="functional/data/list/JListFunctor" sourcefilename="JListFunctor.java"><method name="&lt;init&gt;" desc="()V" line="10"><counter type="INSTRUCTION" missed="3" covered="0"/><counter type="LINE" missed="1" covered="0"/><counter type="COMPLEXITY" missed="1" covered="0"/><counter type="METHOD" missed="1" covered="0"/></method><method name="map" desc="(Ljava/util/List;Ljava/util/function/Function;)Ljava/util/List;" line="13"><counter type="INSTRUCTION" missed="0" covered="6"/><counter type="LINE" missed="0" covered="1"/><counter type="COMPLEXITY" missed="0" covered="1"/><counter type="METHOD" missed="0" covered="1"/></method><counter type="INSTRUCTION" missed="3" covered="6"/><counter type="LINE" missed="1" covered="1"/><counter type="COMPLEXITY" missed="1" covered="1"/><counter type="METHOD" missed="1" covered="1"/><counter type="CLASS" missed="0" covered="1"/></class><class name="functional/data/list/FiniteListFunctor" sourcefilename="FiniteListFunctor.java"><method name="&lt;init&gt;" desc="()V" line="9"><counter type="INSTRUCTION" missed="3" covered="0"/><counter type="LINE" missed="1" covered="0"/><counter type="COMPLEXITY" missed="1" covered="0"/><counter type="METHOD" missed="1" covered="0"/></method><method name="map" desc="(Lfunctional/data/list/FiniteList;Ljava/util/function/Function;)Lfunctional/data/list/FiniteList;" line="12"><counter type="INSTRUCTION" missed="0" covered="9"/><counter type="LINE" missed="0" covered="1"/><counter type="COMPLEXITY" missed="0" covered="1"/><counter type="METHOD" missed="0" covered="1"/></method><method name="lambda$map$0" desc="(Ljava/util/function/Function;Lfunctional/data/list/FiniteList;Ljava/lang/Object;)Lfunctional/data/list/FiniteList;" line="12"><counter type="INSTRUCTION" missed="0" covered="9"/><counter type="LINE" missed="0" covered="1"/><counter type="COMPLEXITY" missed="0" covered="1"/><counter type="METHOD" missed="0" covered="1"/></method><counter type="INSTRUCTION" missed="3" covered="18"/><counter type="LINE" missed="1" covered="1"/><counter type="COMPLEXITY" missed="1" covered="2"/><counter type="METHOD" missed="1" covered="2"/><counter type="CLASS" missed="0" covered="1"/></class><class name="functional/data/list/ListUtils" sourcefilename="ListUtils.java"><method name="&lt;init&gt;" desc="()V" line="5"><counter type="INSTRUCTION" missed="3" covered="0"/><counter type="LINE" missed="1" covered="0"/><counter type="COMPLEXITY" missed="1" covered="0"/><counter type="METHOD" missed="1" covered="0"/></method><method name="reverse" desc="(Lfunctional/data/list/FiniteList;)Lfunctional/data/list/FiniteList;" line="8"><counter type="INSTRUCTION" missed="0" covered="8"/><counter type="LINE" missed="0" covered="1"/><counter type="COMPLEXITY" missed="0" covered="1"/><counter type="METHOD" missed="0" covered="1"/></method><method name="concat" desc="(Lfunctional/data/list/List;Lfunctional/data/list/List;)Lfunctional/data/list/List;" line="12"><counter type="INSTRUCTION" missed="25" covered="0"/><counter type="BRANCH" missed="8" covered="0"/><counter type="LINE" missed="5" covered="0"/><counter type="COMPLEXITY" missed="5" covered="0"/><counter type="METHOD" missed="1" covered="0"/></method><method name="concat" desc="(Lfunctional/data/list/FiniteList;Lfunctional/data/list/FiniteList;)Lfunctional/data/list/FiniteList;" line="22"><counter type="INSTRUCTION" missed="0" covered="9"/><counter type="LINE" missed="0" covered="1"/><counter type="COMPLEXITY" missed="0" covered="1"/><counter type="METHOD" missed="0" covered="1"/></method><method name="join" desc="(Lfunctional/data/list/List;)Lfunctional/data/list/List;" line="26"><counter type="INSTRUCTION" missed="10" covered="0"/><counter type="LINE" missed="3" covered="0"/><counter type="COMPLEXITY" missed="1" covered="0"/><counter type="METHOD" missed="1" covered="0"/></method><method name="lambda$join$3" desc="(Lfunctional/data/list/List;Lfunctional/data/list/List;)Lfunctional/data/list/List;" line="28"><counter type="INSTRUCTION" missed="17" covered="0"/><counter type="BRANCH" missed="6" covered="0"/><counter type="LINE" missed="3" covered="0"/><counter type="COMPLEXITY" missed="4" covered="0"/><counter type="METHOD" missed="1" covered="0"/></method><method name="lambda$concat$2" desc="(Lfunctional/data/list/FiniteList;Lfunctional/data/list/FiniteList;Ljava/lang/Object;)Lfunctional/data/list/FiniteList;" line="22"><counter type="INSTRUCTION" missed="0" covered="7"/><counter type="LINE" missed="0" covered="1"/><counter type="COMPLEXITY" missed="0" covered="1"/><counter type="METHOD" missed="0" covered="1"/></method><method name="lambda$concat$1" desc="(Lfunctional/data/list/List;Lfunctional/data/list/List;Ljava/lang/Object;)Lfunctional/data/list/List;" line="17"><counter type="INSTRUCTION" missed="7" covered="0"/><counter type="LINE" missed="1" covered="0"/><counter type="COMPLEXITY" missed="1" covered="0"/><counter type="METHOD" missed="1" covered="0"/></method><method name="lambda$reverse$0" desc="(Lfunctional/data/list/FiniteList;Ljava/lang/Object;)Lfunctional/data/list/FiniteList;" line="8"><counter type="INSTRUCTION" missed="0" covered="8"/><counter type="LINE" missed="0" covered="1"/><counter type="COMPLEXITY" missed="0" covered="1"/><counter type="METHOD" missed="0" covered="1"/></method><counter type="INSTRUCTION" missed="62" covered="32"/><counter type="BRANCH" missed="14" covered="0"/><counter type="LINE" missed="12" covered="2"/><counter type="COMPLEXITY" missed="12" covered="4"/><counter type="METHOD" missed="5" covered="4"/><counter type="CLASS" missed="0" covered="1"/></class><class name="functional/data/list/FiniteList" sourcefilename="FiniteList.java"><method name="cons" desc="(Ljava/lang/Object;Lfunctional/data/list/FiniteList;)Lfunctional/data/list/FiniteList;" line="12"><counter type="INSTRUCTION" missed="0" covered="6"/><counter type="LINE" missed="0" covered="1"/><counter type="COMPLEXITY" missed="0" covered="1"/><counter type="METHOD" missed="0" covered="1"/></method><method name="nil" desc="()Lfunctional/data/list/FiniteList;" line="16"><counter type="INSTRUCTION" missed="0" covered="2"/><counter type="LINE" missed="0" covered="1"/><counter type="COMPLEXITY" missed="0" covered="1"/><counter type="METHOD" missed="0" covered="1"/></method><method name="map" desc="(Ljava/util/function/Function;)Lfunctional/data/list/FiniteList;" line="32"><counter type="INSTRUCTION" missed="9" covered="0"/><counter type="LINE" missed="1" covered="0"/><counter type="COMPLEXITY" missed="1" covered="0"/><counter type="METHOD" missed="1" covered="0"/></method><method name="of" desc="([Ljava/lang/Object;)Lfunctional/data/list/FiniteList;" line="39"><counter type="INSTRUCTION" missed="2" covered="7"/><counter type="BRANCH" missed="1" covered="1"/><counter type="LINE" missed="1" covered="2"/><c
[...]
a/lang/Class;Ljava/lang/Class;)Ljava/util/Optional;" line="152"><counter type="INSTRUCTION" missed="0" covered="14"/><counter type="LINE" missed="0" covered="2"/><counter type="COMPLEXITY" missed="0" covered="1"/><counter type="METHOD" missed="0" covered="1"/></method><method name="lambda$monadLiftA2$20" desc="(Ljava/lang/Class;Ljava/lang/Class;Ljava/lang/reflect/Method;)Ljava/util/Optional;" line="153"><counter type="INSTRUCTION" missed="14" covered="0"/><counter type="LINE" missed="1" covered="0"/><counter type="COMPLEXITY" missed="1" covered="0"/><counter type="METHOD" missed="1" covered="0"/></method><method name="lambda$applicativeLiftA2$19" desc="(Ljava/lang/Class;Ljava/lang/Class;Ljava/lang/Object;Ljava/lang/Object;Ljava/util/function/BiFunction;)Ljava/util/Optional;" line="142"><counter type="INSTRUCTION" missed="0" covered="21"/><counter type="LINE" missed="0" covered="2"/><counter type="COMPLEXITY" missed="0" covered="1"/><counter type="METHOD" missed="0" covered="1"/></method><method name="lambda$applicativeLiftA2$18" desc="(Ljava/lang/Class;Ljava/lang/Class;Ljava/lang/Object;Ljava/lang/Object;Ljava/util/function/BiFunction;Ljava/lang/reflect/Method;)Ljava/lang/Object;" line="143"><counter type="INSTRUCTION" missed="0" covered="11"/><counter type="LINE" missed="0" covered="1"/><counter type="COMPLEXITY" missed="0" covered="1"/><counter type="METHOD" missed="0" covered="1"/></method><method name="lambda$applicativeLiftA2$17" desc="(Ljava/util/function/BiFunction;Ljava/lang/Object;)Ljava/util/function/Function;" line="143"><counter type="INSTRUCTION" missed="0" covered="4"/><counter type="LINE" missed="0" covered="1"/><counter type="COMPLEXITY" missed="0" covered="1"/><counter type="METHOD" missed="0" covered="1"/></method><method name="lambda$applicativeLiftA2$16" desc="(Ljava/util/function/BiFunction;Ljava/lang/Object;Ljava/lang/Object;)Ljava/lang/Object;" line="143"><counter type="INSTRUCTION" missed="0" covered="5"/><counter type="LINE" missed="0" covered="1"/><counter type="COMPLEXITY" missed="0" covered="1"/><counter type="METHOD" missed="0" covered="1"/></method><method name="lambda$applicativeLiftA2$15" desc="(Ljava/util/function/BiFunction;Ljava/lang/Object;Ljava/lang/Object;Ljava/lang/reflect/Method;)Ljava/lang/Object;" line="141"><counter type="INSTRUCTION" missed="0" covered="17"/><counter type="LINE" missed="0" covered="1"/><counter type="COMPLEXITY" missed="0" covered="1"/><counter type="METHOD" missed="0" covered="1"/></method><method name="lambda$monadFapply$14" desc="(Ljava/lang/Class;Ljava/lang/Class;Ljava/lang/Object;Ljava/lang/Object;Ljava/lang/reflect/Method;)Ljava/lang/Object;" line="130"><counter type="INSTRUCTION" missed="0" covered="9"/><counter type="LINE" missed="0" covered="1"/><counter type="COMPLEXITY" missed="0" covered="1"/><counter type="METHOD" missed="0" covered="1"/></method><method name="lambda$monadFapply$13" desc="(Ljava/lang/Class;Ljava/lang/Class;Ljava/lang/Object;Ljava/lang/Object;)Ljava/lang/Object;" line="130"><counter type="INSTRUCTION" missed="0" covered="7"/><counter type="LINE" missed="0" covered="1"/><counter type="COMPLEXITY" missed="0" covered="1"/><counter type="METHOD" missed="0" covered="1"/></method><method name="lambda$monadFapply$12" desc="(Ljava/lang/Class;Ljava/lang/Class;)Ljava/util/Optional;" line="128"><counter type="INSTRUCTION" missed="0" covered="14"/><counter type="LINE" missed="0" covered="2"/><counter type="COMPLEXITY" missed="0" covered="1"/><counter type="METHOD" missed="0" covered="1"/></method><method name="lambda$monadFapply$11" desc="(Ljava/lang/Class;Ljava/lang/Class;Ljava/lang/reflect/Method;)Ljava/util/Optional;" line="129"><counter type="INSTRUCTION" missed="14" covered="0"/><counter type="LINE" missed="1" covered="0"/><counter type="COMPLEXITY" missed="1" covered="0"/><counter type="METHOD" missed="1" covered="0"/></method><method name="lambda$applicativeFapply$10" desc="(Ljava/lang/Class;Ljava/lang/Class;Ljava/lang/Object;Ljava/lang/Object;)Ljava/util/Optional;" line="118"><counter type="INSTRUCTION" missed="0" covered="24"/><counter type="LINE" missed="0" covered="2"/><counter type="COMPLEXITY" missed="0" covered="1"/><counter type="METHOD" missed="0" covered="1"/></method><method name="lambda$applicativeFapply$9" desc="(Ljava/lang/Class;Ljava/lang/Class;Ljava/lang/Object;Ljava/lang/Object;Ljava/lang/reflect/Method;)Ljava/lang/Object;" line="119"><counter type="INSTRUCTION" missed="0" covered="7"/><counter type="LINE" missed="0" covered="1"/><counter type="COMPLEXITY" missed="0" covered="1"/><counter type="METHOD" missed="0" covered="1"/></method><method name="lambda$applicativeFapply$8" desc="(Ljava/util/function/Function;Ljava/lang/Object;)Ljava/lang/Object;" line="119"><counter type="INSTRUCTION" missed="0" covered="4"/><counter type="LINE" missed="0" covered="1"/><counter type="COMPLEXITY" missed="0" covered="1"/><counter type="METHOD" missed="0" covered="1"/></method><method name="lambda$applicativeFapply$7" desc="(Ljava/lang/Object;Ljava/lang/Object;Ljava/lang/reflect/Method;)Ljava/lang/Object;" line="117"><counter type="INSTRUCTION" missed="0" covered="13"/><counter type="LINE" missed="0" covered="1"/><counter type="COMPLEXITY" missed="0" covered="1"/><counter type="METHOD" missed="0" covered="1"/></method><method name="lambda$applicativePure$6" desc="(Ljava/lang/Object;Ljava/lang/reflect/Method;)Ljava/lang/Object;" line="106"><counter type="INSTRUCTION" missed="0" covered="9"/><counter type="LINE" missed="0" covered="1"/><counter type="COMPLEXITY" missed="0" covered="1"/><counter type="METHOD" missed="0" covered="1"/></method><method name="lambda$functorMap$5" desc="(Ljava/lang/Object;Ljava/util/function/Function;Ljava/lang/reflect/Method;)Ljava/lang/Object;" line="95"><counter type="INSTRUCTION" missed="0" covered="13"/><counter type="LINE" missed="0" covered="1"/><counter type="COMPLEXITY" missed="0" covered="1"/><counter type="METHOD" missed="0" covered="1"/></method><method name="lambda$monadMap$4" desc="(Ljava/lang/Class;Ljava/lang/Class;Ljava/util/function/Function;Ljava/lang/Object;Ljava/lang/reflect/Method;)Ljava/lang/Object;" line="86"><counter type="INSTRUCTION" missed="0" covered="9"/><counter type="LINE" missed="0" covered="1"/><counter type="COMPLEXITY" missed="0" covered="1"/><counter type="METHOD" missed="0" covered="1"/></method><method name="lambda$monadMap$3" desc="(Ljava/lang/Class;Ljava/lang/Class;Ljava/util/function/Function;Ljava/lang/Object;)Ljava/lang/Object;" line="86"><counter type="INSTRUCTION" missed="0" covered="7"/><counter type="LINE" missed="0" covered="1"/><counter type="COMPLEXITY" missed="0" covered="1"/><counter type="METHOD" missed="0" covered="1"/></method><method name="lambda$monadMap$2" desc="(Ljava/lang/Class;Ljava/lang/reflect/Method;)Ljava/util/Optional;" line="85"><counter type="INSTRUCTION" missed="0" covered="10"/><counter type="LINE" missed="0" covered="1"/><counter type="COMPLEXITY" missed="0" covered="1"/><counter type="METHOD" missed="0" covered="1"/></method><method name="lambda$applicativeMap$1" desc="(Ljava/lang/Class;Ljava/lang/Class;Ljava/lang/Object;Ljava/util/function/Function;Ljava/lang/reflect/Method;)Ljava/lang/Object;" line="76"><counter type="INSTRUCTION" missed="0" covered="9"/><counter type="LINE" missed="0" covered="1"/><counter type="COMPLEXITY" missed="0" covered="1"/><counter type="METHOD" missed="0" covered="1"/></method><method name="lambda$applicativeMap$0" desc="(Ljava/lang/Class;Ljava/lang/Class;)Ljava/util/Optional;" line="75"><counter type="INSTRUCTION" missed="0" covered="18"/><counter type="LINE" missed="0" covered="1"/><counter type="COMPLEXITY" missed="0" covered="1"/><counter type="METHOD" missed="0" covered="1"/></method><counter type="INSTRUCTION" missed="137" covered="660"/><counter type="BRANCH" missed="15" covered="23"/><counter type="LINE" missed="17" covered="61"/><counter type="COMPLEXITY" missed="21" covered="48"/><counter type="METHOD" missed="6" covered="44"/><counter type="CLASS" missed="0" covered="1"/></class><class name="functional/annotation/iface/util/MonadUtil" sourcefilename="MonadUtil.java"><method name="&lt;init&gt;" desc="()V" line="7"><counter type="INSTRUCTION" missed="6" covered="0"/><counter type="LINE" missed="2" covered="0"/><counter type="COMPLEXITY" missed="1" covered="0"/><counter type="METHOD" missed="1" covered="0"/></method><method name="flatMap" desc="(Ljava/lang/Class;Ljava/lang/Class;Ljava/util/function/Function;Ljava/lang/Object;)Ljava/lang/Object;" line="12"><counter type="INSTRUCTION" missed="0" covered="8"/><counter type="LINE" missed="0" covered="2"/><counter type="COMPLEXITY" missed="0" covered="1"/><counter type="METHOD" missed="0" covered="1"/></method><method name="join" desc="(Ljava/lang/Class;Ljava/lang/Class;Ljava/lang/Object;)Ljava/lang/Object;" line="17"><counter type="INSTRUCTION" missed="0" covered="7"/><counter type="LINE" missed="0" covered="2"/><counter type="COMPLEXITY" missed="0" covered="1"/><counter type="METHOD" missed="0" covered="1"/></method><method name="lambda$join$1" desc="()Ljava/lang/IllegalArgumentException;" line="18"><counter type="INSTRUCTION" missed="0" covered="5"/><counter type="LINE" missed="0" covered="1"/><counter type="COMPLEXITY" missed="0" covered="1"/><counter type="METHOD" missed="0" covered="1"/></method><method name="lambda$flatMap$0" desc="()Ljava/lang/IllegalArgumentException;" line="13"><counter type="INSTRUCTION" missed="0" covered="5"/><counter type="LINE" missed="0" covered="1"/><counter type="COMPLEXITY" missed="0" covered="1"/><counter type="METHOD" missed="0" covered="1"/></method><counter type="INSTRUCTION" missed="6" covered="25"/><counter type="LINE" missed="2" covered="4"/><counter type="COMPLEXITY" missed="1" covered="4"/><counter type="METHOD" missed="1" covered="4"/><counter type="CLASS" missed="0" covered="1"/></class><class name="functional/annotation/iface/util/ApplicativeUtil" sourcefilename="ApplicativeUtil.java"><method name="&lt;init&gt;" desc="()V" line="7"><counter type="INSTRUCTION" missed="6" covered="0"/><counter type="LINE" missed="2" covered="0"/><counter type="COMPLEXITY" missed="1" covered="0"/><counter type="METHOD" missed="1" covered="0"/></method><method name="pure" desc="(Ljava/lang/Class;Ljava/lang/Class;Ljava/lang/Object;)Ljava/lang/Object;" line="12"><counter type="INSTRUCTION" missed="0" covered="7"/><counter type="LINE" missed="0" covered="1"/><counter type="COMPLEXITY" missed="0" covered="1"/><counter type="METHOD" missed="0" covered="1"/></method><method name="fapply" desc="(Ljava/lang/Class;Ljava/lang/Class;Ljava/lang/Object;Ljava/lang/Object;)Ljava/lang/Object;" line="16"><counter type="INSTRUCTION" missed="0" covered="14"/><counter type="LINE" missed="0" covered="3"/><counter type="COMPLEXITY" missed="0" covered="1"/><counter type="METHOD" missed="0" covered="1"/></method><method name="liftA2" desc="(Ljava/lang/Class;Ljava/lang/Class;Ljava/util/function/BiFunction;Ljava/lang/Object;Ljava/lang/Object;)Ljava/lang/Object;" line="22"><counter type="INSTRUCTION" missed="0" covered="16"/><counter type="LINE" missed="0" covered="3"/><counter type="COMPLEXITY" missed="0" covered="1"/><counter type="METHOD" missed="0" covered="1"/></method><method name="lambda$liftA2$4" desc="()Ljava/lang/IllegalArgumentException;" line="24"><counter type="INSTRUCTION" missed="0" covered="5"/><counter type="LINE" missed="0" covered="1"/><counter type="COMPLEXITY" missed="0" covered="1"/><counter type="METHOD" missed="0" covered="1"/></method><method name="lambda$liftA2$3" desc="(Ljava/lang/Class;Ljava/lang/Class;Ljava/util/function/BiFunction;Ljava/lang/Object;Ljava/lang/Object;)Ljava/util/Optional;" line="23"><counter type="INSTRUCTION" missed="0" covered="7"/><counter type="LINE" missed="0" covered="1"/><counter type="COMPLEXITY" missed="0" covered="1"/><counter type="METHOD" missed="0" covered="1"/></method><method name="lambda$fapply$2" desc="()Ljava/lang/IllegalArgumentException;" line="18"><counter type="INSTRUCTION" missed="0" covered="5"/><counter type="LINE" missed="0" covered="1"/><counter type="COMPLEXITY" missed="0" covered="1"/><counter type="METHOD" missed="0" covered="1"/></method><method name="lambda$fapply$1" desc="(Ljava/lang/Class;Ljava/lang/Class;Ljava/lang/Object;Ljava/lang/Object;)Ljava/util/Optional;" line="17"><counter type="INSTRUCTION" missed="0" covered="6"/><counter type="LINE" missed="0" covered="1"/><counter type="COMPLEXITY" missed="0" covered="1"/><counter type="METHOD" missed="0" covered="1"/></method><method name="lambda$pure$0" desc="()Ljava/lang/IllegalArgumentException;" line="12"><counter type="INSTRUCTION" missed="0" covered="5"/><counter type="LINE" missed="0" covered="1"/><counter type="COMPLEXITY" missed="0" covered="1"/><counter type="METHOD" missed="0" covered="1"/></method><counter type="INSTRUCTION" missed="6" covered="65"/><counter type="LINE" missed="2" covered="7"/><counter type="COMPLEXITY" missed="1" covered="8"/><counter type="METHOD" missed="1" covered="8"/><counter type="CLASS" missed="0" covered="1"/></class><sourcefile name="FunctorUtil.java"><line nr="9" mi="2" ci="0" mb="0" cb="0"/><line nr="10" mi="4" ci="0" mb="0" cb="0"/><line nr="14" mi="0" ci="11" mb="0" cb="0"/><line nr="15" mi="0" ci="12" mb="0" cb="0"/><line nr="16" mi="0" ci="8" mb="0" cb="0"/><line nr="17" mi="0" ci="6" mb="0" cb="0"/><counter type="INSTRUCTION" missed="6" covered="37"/><counter type="LINE" missed="2" covered="4"/><counter type="COMPLEXITY" missed="1" covered="4"/><counter type="METHOD" missed="1" covered="4"/><counter type="CLASS" missed="0" covered="1"/></sourcefile><sourcefile name="MonadUtil.java"><line nr="7" mi="2" ci="0" mb="0" cb="0"/><line nr="8" mi="4" ci="0" mb="0" cb="0"/><line nr="12" mi="0" ci="7" mb="0" cb="0"/><line nr="13" mi="0" ci="6" mb="0" cb="0"/><line nr="17" mi="0" ci="6" mb="0" cb="0"/><line nr="18" mi="0" ci="6" mb="0" cb="0"/><counter type="INSTRUCTION" missed="6" covered="25"/><counter type="LINE" missed="2" covered="4"/><counter type="COMPLEXITY" missed="1" covered="4"/><counter type="METHOD" missed="1" covered="4"/><counter type="CLASS" missed="0" covered="1"/></sourcefile><sourcefile name="FunctionalUtils.java"><line nr="15" mi="2" ci="0" mb="0" cb="0"/><line nr="16" mi="4" ci="0" mb="0" cb="0"/><line nr="20" mi="1" ci="11" mb="1" cb="3"/><line nr="24" mi="1" ci="7" mb="1" cb="1"/><line nr="28" mi="1" ci="15" mb="1" cb="5"/><line nr="33" mi="0" ci="5" mb="0" cb="0"/><line nr="34" mi="0" ci="2" mb="0" cb="0"/><line nr="35" mi="0" ci="1" mb="0" cb="0"/><line nr="36" mi="0" ci="2" mb="0" cb="0"/><line nr="42" mi="0" ci="5" mb="0" cb="0"/><line nr="43" mi="1" ci="0" mb="0" cb="0"/><line nr="44" mi="5" ci="0" mb="0" cb="0"/><line nr="49" mi="0" ci="5" mb="0" cb="2"/><line nr="50" mi="0" ci="6" mb="0" cb="0"/><line nr="52" mi="0" ci="2" mb="0" cb="0"/><line nr="58" mi="0" ci="5" mb="0" cb="0"/><line nr="59" mi="1" ci="0" mb="0" cb="0"/><line nr="60" mi="5" ci="0" mb="0" cb="0"/><line nr="61" mi="0" ci="1" mb="0" cb="0"/><line nr="62" mi="0" ci="2" mb="0" cb="0"/><line nr="63" mi="3" ci="15" mb="2" cb="2"/><line nr="64" mi="3" ci="0" mb="0" cb="0"/><line nr="66" mi="0" ci="20" mb="0" cb="0"/><line nr="73" mi="0" ci="3" mb="1" cb="1"/><line nr="74" mi="0" ci="17" mb="0" cb="0"/><line nr="75" mi="0" ci="24" mb="0" cb="0"/><line nr="76" mi="0" ci="10" mb="0" cb="0"/><line nr="78" mi="5" ci="0" mb="0" cb="0"/><line nr="83" mi="0" ci="3" mb="1" cb="1"/><line nr="84" mi="0" ci="16" mb="0" cb="0"/><line nr="85" mi="0" ci="16" mb="0" cb="0"/><line nr="86" mi="0" ci="17" mb="0" cb="0"/><line nr="88" mi="5" ci="0" mb="0" cb="0"/><line nr="93" mi="0" ci="3" mb="1" cb="1"/><line nr="94" mi="0" ci="17" mb="0" cb="0"/><line nr="95" mi="0" ci="14" mb="0" cb="0"/><line nr="97" mi="5" ci="0" mb="0" cb="0"/><line nr="104" mi="0" ci="3" mb="1" cb="1"/><line nr="105" mi="0" ci="12" mb="0" cb="0"/><line nr="106" mi="0" ci="10" mb="0" cb="0"/><line nr="108" mi="5" ci="0" mb="0" cb="0"/><line nr="115" mi="0" ci="3" mb="1" cb="1"/><line nr="116" mi="0" ci="17" mb="0" cb="0"/><line nr="117" mi="0" ci="19" mb="0" cb="0"/><line nr="118" mi="0" ci="24" mb="0" cb="0"/><line nr="119" mi="0" ci="12" mb="0" cb="0"/><line nr="121" mi="5" ci="0" mb="0" cb="0"/><line nr="126" mi="0" ci="3" mb="1" cb="1"/><line nr="127" mi="0" ci="17" mb="0" cb="0"/><line nr="128" mi="0" ci="19" mb="0" cb="0"/><line nr="129" mi="14" ci="1" mb="0" cb="0"/><line nr="130" mi="0" ci="17" mb="0" cb="0"/><line nr="132" mi="5" ci="0" mb="0" cb="0"/><line nr="139" mi="0" ci="3" mb="1" cb="1"/><line nr="140" mi="0" ci="22" mb="0" cb="0"/><line nr="141" mi="0" ci="24" mb="0" cb="0"/><line nr="142" mi="0" ci="21" mb="0" cb="0"/><line nr="143" mi="0" ci="21" mb="0" cb="0"/><line nr="145" mi="5" ci="0" mb="0" cb="0"/><line nr="150" mi="0" ci="3" mb="1" cb="1"/><line nr="151" mi="0" ci="17" mb="0" cb="0"/><line nr="152" mi="0" ci="20" mb="0" cb="0"/><line nr="153" mi="14" ci="1" mb="0" cb="0"/><line nr="154" mi="0" ci="21" mb="0" cb="0"/><line nr="156" mi="5" ci="0" mb="0" cb="0"/><line nr="164" mi="0" ci="3" mb="1" cb="1"/><line nr="165" mi="0" ci="17" mb="0" cb="0"/><line nr="166" mi="0" ci="19" mb="0" cb="0"/><line nr="167" mi="0" ci="14" mb="0" cb="0"/><line nr="168" mi="14" ci="6" mb="0" cb="0"/><line nr="169" mi="9" ci="1" mb="0" cb="0"/><line nr="171" mi="5" ci="0" mb="0" cb="0"/><line nr="178" mi="0" ci="3" mb="1" cb="1"/><line nr="179" mi="0" ci="12" mb="0" cb="0"/><line nr="180" mi="9" ci="5" mb="0" cb="0"/><line nr="181" mi="0" ci="19" mb="0" cb="0"/><line nr="182" mi="0" ci="7" mb="0" cb="0"/><line nr="184" mi="5" ci="0" mb="0" cb="0"/><counter type="INSTRUCTION" missed="137" covered="660"/><counter type="BRANCH" missed="15" covered="23"/><counter type="LINE" missed="17" covered="61"/><counter type="COMPLEXITY" missed="21" covered="48"/><counter type="METHOD" missed="6" covered="44"/><counter type="CLASS" missed="0" covered="1"/></sourcefile><sourcefile name="ApplicativeUtil.java"><line nr="7" mi="2" ci="0" mb="0" cb="0"/><line nr="8" mi="4" ci="0" mb="0" cb="0"/><line nr="12" mi="0" ci="12" mb="0" cb="0"/><line nr="16" mi="0" ci="11" mb="0" cb="0"/><line nr="17" mi="0" ci="8" mb="0" cb="0"/><line nr="18" mi="0" ci="6" mb="0" cb="0"/><line nr="22" mi="0" ci="13" mb="0" cb="0"/><line nr="23" mi="0" ci="9" mb="0" cb="0"/><line nr="24" mi="0" ci="6" mb="0" cb="0"/><counter type="INSTRUCTION" missed="6" covered="65"/><counter type="LINE" missed="2" covered="7"/><counter type="COMPLEXITY" missed="1" covered="8"/><counter type="METHOD" missed="1" covered="8"/><counter type="CLASS" missed="0" covered="1"/></sourcefile><counter type="INSTRUCTION" missed="155" covered="787"/><counter type="BRANCH" missed="15" covered="23"/><counter type="LINE" missed="23" covered="76"/><counter type="COMPLEXITY" missed="24" covered="64"/><counter type="METHOD" missed="9" covered="60"/><counter type="CLASS" missed="0" covered="4"/></package><package name="functional/annotation/iface"><class name="functional/annotation/iface/IFunctor" sourcefilename="IFunctor.java"/><class name="functional/annotation/iface/IMonad" sourcefilename="IMonad.java"/><class name="functional/annotation/iface/IApplicative" sourcefilename="IApplicative.java"/><sourcefile name="IApplicative.java"/><sourcefile name="IFunctor.java"/><sourcefile name="IMonad.java"/></package><counter type="INSTRUCTION" missed="155" covered="787"/><counter type="BRANCH" missed="15" covered="23"/><counter type="LINE" missed="23" covered="76"/><counter type="COMPLEXITY" missed="24" covered="64"/><counter type="METHOD" missed="9" covered="60"/><counter type="CLASS" missed="0" covered="4"/></group><counter type="INSTRUCTION" missed="1989" covered="2104"/><counter type="BRANCH" missed="290" covered="126"/><counter type="LINE" missed="279" covered="301"/><counter type="COMPLEXITY" missed="266" covered="175"/><counter type="METHOD" missed="78" covered="155"/><counter type="CLASS" missed="5" covered="31"/></report>