GROUP,PACKAGE,CLASS,INSTRUCTION_MISSED,INSTRUCTION_COVERED,BRANCH_MISSED,BRANCH_COVERED,LINE_MISSED,LINE_COVERED,COMPLEXITY_MISSED,COMPLEXITY_COVERED,METHOD_MISSED,METHOD_COVERED
Functionals by annotation in Java/example-functional,com.dan323.functional.data.util.alternative,AlternativeFuns,32,0,0,0,4,0,5,0,5,0
Functionals by annotation in Java/example-functional,com.dan323.functional.data.util.alternative,AlternativeMonoid,0,16,0,0,0,5,0,3,0,3
Functionals by annotation in Java/example-functional,com.dan323.functional.data.integer,ProdMonoid,0,17,0,0,0,4,0,4,0,4
Functionals by annotation in Java/example-functional,com.dan323.functional.data.integer,SumMonoid,0,17,0,0,0,4,0,4,0,4
Functionals by annotation in Java/example-functional,com.dan323.functional.data.state,State,17,12,0,0,2,2,4,2,4,2
Functionals by annotation in Java/example-functional,com.dan323.functional.data.state,StateMonad,24,52,0,0,5,12,5,10,5,10
Functionals by annotation in Java/example-functional,com.dan323.functional.data,Stack,7,39,0,0,1,6,1,6,1,6
Functionals by annotation in Java/example-functional,com.dan323.functional.data,IdentityMonad,11,29,0,0,3,5,3,5,3,5
Functionals by annotation in Java/example-functional,com.dan323.functional.data,Pair,84,39,8,0,9,7,10,5,6,5
Functionals by annotation in Java/example-functional,com.dan323.functional.data,Identity,0,9,0,0,0,4,0,2,0,2
Functionals by annotation in Java/example-functional,com.dan323.functional.data.util.foldable,FoldableFuns,6,55,0,2,2,4,1,9,1,8
Functionals by annotation in Java/example-functional,com.dan323.functional.data.list.zipper,ListZipperFunctor,0,41,0,0,0,7,0,6,0,6
Functionals by annotation in Java/example-functional,com.dan323.functional.data.list.zipper,ListZipper,18,123,3,3,4,21,5,17,2,17
Functionals by annotation in Java/example-functional,com.dan323.functional.data.optional,JOptionalFunctor,0,11,0,0,0,3,0,3,0,3
Functionals by annotation in Java/example-functional,com.dan323.functional.data.optional,Maybe,0,7,0,0,0,2,0,2,0,2
Functionals by annotation in Java/example-functional,com.dan323.functional.data.optional,Nothing,7,13,1,1,2,3,3,3,2,3
Functionals by annotation in Java/example-functional,com.dan323.functional.data.optional,MaybeMonad,13,41,0,0,3,7,3,9,3,9
Functionals by annotation in Java/example-functional,com.dan323.functional.data.optional,Just,18,30,3,3,2,8,5,3,2,3
Functionals by annotation in Java/example-functional,com.dan323.functional.data.continuation,ContinuationMonad,2,49,0,0,1,5,1,11,1,11
Functionals by annotation in Java/example-functional,com.dan323.functional.data.continuation,Continuation,23,0,0,0,3,0,5,0,5,0
Functionals by annotation in Java/example-functional,com.dan323.functional.data.function,FunctionFrom,2,59,0,0,1,8,1,12,1,12
Functionals by annotation in Java/example-functional,com.dan323.functional.data.function,EndoMonoid,0,13,0,0,0,4,0,4,0,4
Functionals by annotation in Java/example-functional,com.dan323.functional.data.tree,BinaryNode,25,45,4,4,3,11,6,5,2,5
Functionals by annotation in Java/example-functional,com.dan323.functional.data.tree,BTreeFunctor,10,32,1,3,2,6,2,4,1,3
Functionals by annotation in Java/example-functional,com.dan323.functional.data.tree,Leaf,7,5,0,0,3,1,3,1,3,1
Functionals by annotation in Java/example-functional,com.dan323.functional.data.tree,BinaryTree,0,9,0,0,0,2,0,2,0,2
Functionals by annotation in Java/example-functional,com.dan323.functional.data.pair,ProdApplicative,0,39,0,0,0,4,0,3,0,3
Functionals by annotation in Java/example-functional,com.dan323.functional.data.pair,ProdMonad,0,37,0,0,0,3,0,4,0,4
Functionals by annotation in Java/example-functional,com.dan323.functional.data.pair,ProdFunctor,0,23,0,0,0,3,0,2,0,2
Functionals by annotation in Java/example-functional,com.dan323.functional.data.pair,ProdFunctional,0,11,0,0,0,5,0,2,0,2
Functionals by annotation in Java/example-functional,com.dan323.functional.data.pair,PairTypeContructor,17,39,4,4,2,9,5,4,1,4
Functionals by annotation in Java/example-functional,com.dan323.functional.data.list,Nil,7,15,1,1,3,4,4,4,3,4
Functionals by annotation in Java/example-functional,com.dan323.functional.data.list,JListFunctor,0,13,0,0,0,3,0,3,0,3
Functionals by annotation in Java/example-functional,com.dan323.functional.data.list,Generating.GeneratingMapped,0,43,0,0,0,7,0,5,0,5
Functionals by annotation in Java/example-functional,com.dan323.functional.data.list,FiniteListFunctional,0,65,0,0,0,9,0,11,0,11
Functionals by annotation in Java/example-functional,com.dan323.functional.data.list,FiniteList,0,51,0,4,0,9,0,8,0,6
Functionals by annotation in Java/example-functional,com.dan323.functional.data.list,ZipApplicative,0,161,0,8,0,15,0,17,0,13
Functionals by annotation in Java/example-functional,com.dan323.functional.data.list,Generating,5,34,2,2,1,8,2,4,0,4
Functionals by annotation in Java/example-functional,com.dan323.functional.data.list,Zipped,0,59,0,0,0,9,0,6,0,6
Functionals by annotation in Java/example-functional,com.dan323.functional.data.list,InfiniteList,9,3,0,0,2,1,2,1,2,1
Functionals by annotation in Java/example-functional,com.dan323.functional.data.list,Repeat,9,22,1,1,1,7,2,4,1,4
Functionals by annotation in Java/example-functional,com.dan323.functional.data.list,Cons,10,32,2,2,2,8,3,4,1,4
Functionals by annotation in Java/example-functional,com.dan323.functional.data.list,FinCons,35,44,5,5,3,10,8,4,3,4
Functionals by annotation in Java/example-functional,com.dan323.functional.data.list,List,5,63,2,6,1,11,2,9,0,7
Functionals by annotation in Java/example-functional,com.dan323.functional.data.list,ListUtils,3,32,0,0,1,2,1,4,1,4
Functionals by annotation in Java/example-functional,com.dan323.functional.data.either,LeftAlternative,22,0,0,0,6,0,5,0,5,0
Functionals by annotation in Java/example-functional,com.dan323.functional.data.either,Right,19,30,4,4,3,8,6,3,2,3
Functionals by annotation in Java/example-functional,com.dan323.functional.data.either,Either,0,10,0,0,0,2,0,2,0,2
Functionals by annotation in Java/example-functional,com.dan323.functional.data.either,LeftEither,0,45,0,0,0,8,0,9,0,9
Functionals by annotation in Java/example-functional,com.dan323.functional.data.either,Left,19,30,4,4,3,8,6,3,2,3
Functionals by annotation in Java/example-functional,com.dan323.functional.data.either,RightEither,2,44,0,0,1,6,1,8,1,8
Functionals by annotation in Java/example-functional,com.dan323.functional.data.bool,AndMonoid,0,18,0,4,0,3,0,5,0,3
Functionals by annotation in Java/example-functional,com.dan323.functional.data.bool,OrMonoid,0,18,0,4,0,3,0,5,0,3
Functionals by annotation in Java/example-functional,com.dan323.functional.data.util.applicative,ApplicativeSemigroup,0,23,0,0,0,5,0,3,0,3
Functionals by annotation in Java/example-functional,com.dan323.functional.data.util.applicative,ApplicativeMonoid,0,13,0,0,0,3,0,2,0,2
Functionals by annotation in Java/functional-compiler,com.dan323.functional.annotation.compiler.internal,CompilerFactory,140,0,14,0,17,0,9,0,2,0
Functionals by annotation in Java/functional-compiler,com.dan323.functional.annotation.compiler.internal,FunctionalDependencyTree,87,0,0,0,23,0,5,0,5,0
Functionals by annotation in Java/functional-compiler,com.dan323.functional.annotation.compiler.internal,CompilerUtils,152,0,10,0,29,0,17,0,12,0
Functionals by annotation in Java/functional-compiler,com.dan323.functional.annotation.compiler.internal,Compiler,141,0,16,0,29,0,17,0,9,0
Functionals by annotation in Java/functional-compiler,com.dan323.functional.annotation.compiler,FunctionalCompiler,121,0,6,0,23,0,12,0,9,0
Functionals by annotation in Java/functional-compiler,com.dan323.functional.annotation.compiler.internal.signature,StructureSignatures,1100,0,32,0,120,0,73,0,57,0
Functionals by annotation in Java/functional-compiler,com.dan323.functional.annotation.compiler.internal.signature,ConjNecessaryMethods,69,0,6,0,15,0,9,0,6,0
Functionals by annotation in Java/functional-compiler,com.dan323.functional.annotation.compiler.internal.signature,DisjNecessaryMethods,56,0,2,0,11,0,7,0,6,0
Functionals by annotation in Java/functional-compiler,com.dan323.functional.annotation.compiler.internal.signature,EmptyNecessaryMethods,7,0,0,0,3,0,3,0,3,0
Functionals by annotation in Java/functional-compiler,com.dan323.functional.annotation.compiler.internal.signature,Signature.InvalidSignature,13,0,0,0,4,0,3,0,3,0
Functionals by annotation in Java/functional-compiler,com.dan323.functional.annotation.compiler.internal.signature,FunctionSignature,29,0,2,0,8,0,4,0,3,0
Functionals by annotation in Java/functional-compiler,com.dan323.functional.annotation.compiler.internal.signature,Signature,74,0,12,0,14,0,10,0,4,0
Functionals by annotation in Java/functional-compiler,com.dan323.functional.annotation.compiler.util,AlternativeUtil,16,12,0,0,2,4,3,2,3,2
Functionals by annotation in Java/functional-compiler,com.dan323.functional.annotation.compiler.util,FunctionalUtil.IdentityApplicative,28,0,0,0,5,0,5,0,5,0
Functionals by annotation in Java/functional-compiler,com.dan323.functional.annotation.compiler.util,FunctionalUtil,950,901,55,33,82,89,92,63,52,59
Functionals by annotation in Java/functional-compiler,com.dan323.functional.annotation.compiler.util,MonadUtil,16,13,0,0,2,4,3,2,3,2
Functionals by annotation in Java/functional-compiler,com.dan323.functional.annotation.compiler.util,SemigroupUtil,12,7,0,0,2,2,2,1,2,1
Functionals by annotation in Java/functional-compiler,com.dan323.functional.annotation.compiler.util,FunctionalUtil.EndoMonoid,9,0,0,0,3,0,3,0,3,0
Functionals by annotation in Java/functional-compiler,com.dan323.functional.annotation.compiler.util,ApplicativeUtil,51,37,0,0,6,8,9,4,9,4
Functionals by annotation in Java/functional-compiler,com.dan323.functional.annotation.compiler.util,MonoidUtil,8,5,0,0,1,2,2,1,2,1
Functionals by annotation in Java/functional-compiler,com.dan323.functional.annotation.compiler.util,FoldableUtil,28,16,0,0,4,4,5,2,5,2
Functionals by annotation in Java/functional-compiler,com.dan323.functional.annotation.compiler.util,FunctionalUtil.Identity,9,0,0,0,4,0,2,0,2,0
Functionals by annotation in Java/functional-compiler,com.dan323.functional.annotation.compiler.util,TraversalUtil,31,0,0,0,6,0,5,0,5,0
Functionals by annotation in Java/functional-compiler,com.dan323.functional.annotation.compiler.util,FunctorUtil,28,32,0,0,4,5,5,3,5,3
