GROUP,PACKAGE,CLASS,INSTRUCTION_MISSED,INSTRUCTION_COVERED,BRANCH_MISSED,BRANCH_COVERED,LINE_MISSED,LINE_COVERED,COMPLEXITY_MISSED,COMPLEXITY_COVERED,METHOD_MISSED,METHOD_COVERED
Functionals by annotation in Java/example-functional,com.dan323.functional.data.util.alternative,AlternativeFuns,55,0,0,0,4,0,9,0,9,0
Functionals by annotation in Java/example-functional,com.dan323.functional.data.util.alternative,AlternativeMonoid,0,16,0,0,0,5,0,3,0,3
Functionals by annotation in Java/example-functional,com.dan323.functional.data.integer,ProdMonoid,0,17,0,0,0,4,0,4,0,4
Functionals by annotation in Java/example-functional,com.dan323.functional.data.integer,SumMonoid,0,17,0,0,0,4,0,4,0,4
Functionals by annotation in Java/example-functional,com.dan323.functional.data.parser,Parser.ParserError,14,32,2,2,3,6,5,4,3,4
Functionals by annotation in Java/example-functional,com.dan323.functional.data.parser,Parser,45,66,6,4,5,6,8,7,5,5
Functionals by annotation in Java/example-functional,com.dan323.functional.data.parser,ParserSupplierApplicative,114,0,0,0,12,0,19,0,19,0
Functionals by annotation in Java/example-functional,com.dan323.functional.data.parser,ParserApplicative,23,122,0,0,3,10,5,19,5,19
Functionals by annotation in Java/example-functional,com.dan323.functional.data.state,StackActions.StackError,5,31,2,2,1,6,3,4,1,4
Functionals by annotation in Java/example-functional,com.dan323.functional.data.state,State,0,9,0,0,0,1,0,2,0,2
Functionals by annotation in Java/example-functional,com.dan323.functional.data.state,StateMonad,0,117,0,0,0,17,0,18,0,18
Functionals by annotation in Java/example-functional,com.dan323.functional.data.state,StackActions,62,122,0,0,4,10,11,20,11,20
Functionals by annotation in Java/example-functional,com.dan323.functional.data.state,StateWithError,18,58,0,0,2,5,4,10,4,10
Functionals by annotation in Java/example-functional,com.dan323.functional.data,Void,7,0,0,0,2,0,1,0,1,0
Functionals by annotation in Java/example-functional,com.dan323.functional.data,Unit,7,15,1,1,3,4,4,4,3,4
Functionals by annotation in Java/example-functional,com.dan323.functional.data,IdentityMonad,11,29,0,0,3,5,3,5,3,5
Functionals by annotation in Java/example-functional,com.dan323.functional.data,Identity,0,9,0,0,0,4,0,2,0,2
Functionals by annotation in Java/example-functional,com.dan323.functional.data.util.foldable,FoldableFuns,6,55,0,2,2,4,1,9,1,8
Functionals by annotation in Java/example-functional,com.dan323.functional.data.list.zipper,ListZipperFunctor,0,41,0,0,0,7,0,6,0,6
Functionals by annotation in Java/example-functional,com.dan323.functional.data.list.zipper,ListZipper,18,123,3,3,4,21,5,17,2,17
Functionals by annotation in Java/example-functional,com.dan323.functional.data.optional,JOptionalFunctor,0,11,0,0,0,3,0,3,0,3
Functionals by annotation in Java/example-functional,com.dan323.functional.data.optional,Maybe,0,7,0,0,0,2,0,2,0,2
Functionals by annotation in Java/example-functional,com.dan323.functional.data.optional,Nothing,5,13,1,1,2,3,3,3,2,3
Functionals by annotation in Java/example-functional,com.dan323.functional.data.optional,MaybeMonad,13,41,0,0,3,7,3,9,3,9
Functionals by annotation in Java/example-functional,com.dan323.functional.data.optional,Just,18,26,2,2,4,7,4,3,2,3
Functionals by annotation in Java/example-functional,com.dan323.functional.data.continuation,ContinuationMonad,2,49,0,0,1,5,1,11,1,11
Functionals by annotation in Java/example-functional,com.dan323.functional.data.continuation,Continuation,0,4,0,0,0,1,0,1,0,1
Functionals by annotation in Java/example-functional,com.dan323.functional.data.function,FunctionFrom,2,59,0,0,1,8,1,12,1,12
Functionals by annotation in Java/example-functional,com.dan323.functional.data.function,EndoMonoid,0,17,0,0,0,4,0,4,0,4
Functionals by annotation in Java/example-functional,com.dan323.functional.data.tree,BinaryNode,28,45,4,4,3,11,6,5,2,5
Functionals by annotation in Java/example-functional,com.dan323.functional.data.tree,BTreeFunctor,10,32,1,3,2,6,2,4,1,3
Functionals by annotation in Java/example-functional,com.dan323.functional.data.tree,Leaf,7,5,0,0,3,1,3,1,3,1
Functionals by annotation in Java/example-functional,com.dan323.functional.data.tree,BinaryTree,0,9,0,0,0,2,0,2,0,2
Functionals by annotation in Java/example-functional,com.dan323.functional.data.pair,ProdApplicative,0,39,0,0,0,4,0,3,0,3
Functionals by annotation in Java/example-functional,com.dan323.functional.data.pair,ProdMonad,0,37,0,0,0,3,0,4,0,4
Functionals by annotation in Java/example-functional,com.dan323.functional.data.pair,ProdFunctor,0,23,0,0,0,3,0,2,0,2
Functionals by annotation in Java/example-functional,com.dan323.functional.data.pair,ProdFunctional,0,11,0,0,0,5,0,2,0,2
Functionals by annotation in Java/example-functional,com.dan323.functional.data.pair,PairTypeContructor,17,39,4,4,2,9,5,4,1,4
Functionals by annotation in Java/example-functional,com.dan323.functional.data.pair,Pair,76,63,4,4,8,10,12,6,8,6
Functionals by annotation in Java/example-functional,com.dan323.functional.data.list,Nil,7,15,1,1,3,4,4,4,3,4
Functionals by annotation in Java/example-functional,com.dan323.functional.data.list,JListFunctor,0,13,0,0,0,3,0,3,0,3
Functionals by annotation in Java/example-functional,com.dan323.functional.data.list,Generating.GeneratingMapped,0,43,0,0,0,7,0,5,0,5
Functionals by annotation in Java/example-functional,com.dan323.functional.data.list,FiniteListFunctional,19,83,0,0,2,10,2,13,2,13
Functionals by annotation in Java/example-functional,com.dan323.functional.data.list,FiniteList,0,51,0,4,0,9,0,8,0,6
Functionals by annotation in Java/example-functional,com.dan323.functional.data.list,ZipApplicative,0,161,0,8,0,15,0,17,0,13
Functionals by annotation in Java/example-functional,com.dan323.functional.data.list,Generating,5,34,2,2,1,8,2,4,0,4
Functionals by annotation in Java/example-functional,com.dan323.functional.data.list,Zipped,0,59,0,0,0,9,0,6,0,6
Functionals by annotation in Java/example-functional,com.dan323.functional.data.list,InfiniteList,9,3,0,0,2,1,2,1,2,1
Functionals by annotation in Java/example-functional,com.dan323.functional.data.list,Repeat,10,22,1,1,1,7,2,4,1,4
Functionals by annotation in Java/example-functional,com.dan323.functional.data.list,Cons,12,32,2,2,2,8,3,4,1,4
Functionals by annotation in Java/example-functional,com.dan323.functional.data.list,FinCons,37,44,5,5,3,10,8,4,3,4
Functionals by annotation in Java/example-functional,com.dan323.functional.data.list,List,5,63,2,6,1,11,2,9,0,7
Functionals by annotation in Java/example-functional,com.dan323.functional.data.list,ListUtils,3,32,0,0,1,2,1,4,1,4
Functionals by annotation in Java/example-functional,com.dan323.functional.data.writer,StringConcatMonoid,16,0,0,0,5,0,5,0,5,0
Functionals by annotation in Java/example-functional,com.dan323.functional.data.writer,Accumulator,4,0,0,0,2,0,1,0,1,0
Functionals by annotation in Java/example-functional,com.dan323.functional.data.writer,WriterMonad,100,0,0,0,13,0,8,0,8,0
Functionals by annotation in Java/example-functional,com.dan323.functional.data.writer,Writer,21,0,0,0,7,0,4,0,4,0
Functionals by annotation in Java/example-functional,com.dan323.functional.data.writer,LoggerMonad,4,0,0,0,2,0,1,0,1,0
Functionals by annotation in Java/example-functional,com.dan323.functional.data.either,LeftAlternative,11,11,0,0,2,4,3,2,3,2
Functionals by annotation in Java/example-functional,com.dan323.functional.data.either,Right,19,30,4,4,3,8,6,3,2,3
Functionals by annotation in Java/example-functional,com.dan323.functional.data.either,Either,5,15,0,0,1,3,1,3,1,3
Functionals by annotation in Java/example-functional,com.dan323.functional.data.either,LeftEither,0,45,0,0,0,8,0,9,0,9
Functionals by annotation in Java/example-functional,com.dan323.functional.data.either,RightEither,2,47,0,0,1,8,1,9,1,9
Functionals by annotation in Java/example-functional,com.dan323.functional.data.either,Left,19,30,4,4,3,8,6,3,2,3
Functionals by annotation in Java/example-functional,com.dan323.functional.data.either,RightAlternative,22,0,0,0,6,0,5,0,5,0
Functionals by annotation in Java/example-functional,com.dan323.functional.data.bool,AndMonoid,0,18,0,4,0,3,0,5,0,3
Functionals by annotation in Java/example-functional,com.dan323.functional.data.bool,OrMonoid,0,18,0,4,0,3,0,5,0,3
Functionals by annotation in Java/example-functional,com.dan323.functional.data.util.applicative,ApplicativeSemigroup,0,23,0,0,0,5,0,3,0,3
Functionals by annotation in Java/example-functional,com.dan323.functional.data.util.applicative,ApplicativeMonoid,0,13,0,0,0,3,0,2,0,2
Functionals by annotation in Java/functional-compiler,com.dan323.functional.annotation.compiler.internal,CompilerFactory,46,128,5,13,5,16,3,8,0,2
Functionals by annotation in Java/functional-compiler,com.dan323.functional.annotation.compiler.internal,FunctionalDependencyTree,0,93,0,0,0,24,0,5,0,5
Functionals by annotation in Java/functional-compiler,com.dan323.functional.annotation.compiler.internal,CompilerUtils,9,165,2,10,3,28,3,15,1,11
Functionals by annotation in Java/functional-compiler,com.dan323.functional.annotation.compiler.internal,Compiler,6,135,1,15,2,27,2,15,1,8
Functionals by annotation in Java/functional-compiler,com.dan323.functional.annotation.compiler,FunctionalCompiler,19,105,2,4,4,19,3,9,1,8
Functionals by annotation in Java/functional-compiler,com.dan323.functional.annotation.compiler.internal.signature,StructureSignatures,270,802,14,18,33,86,24,50,14,44
Functionals by annotation in Java/functional-compiler,com.dan323.functional.annotation.compiler.internal.signature,ConjNecessaryMethods,4,65,1,5,1,14,1,8,0,6
Functionals by annotation in Java/functional-compiler,com.dan323.functional.annotation.compiler.internal.signature,DisjNecessaryMethods,0,56,0,2,0,11,0,7,0,6
Functionals by annotation in Java/functional-compiler,com.dan323.functional.annotation.compiler.internal.signature,EmptyNecessaryMethods,2,5,0,0,1,2,1,2,1,2
Functionals by annotation in Java/functional-compiler,com.dan323.functional.annotation.compiler.internal.signature,Signature.InvalidSignature,0,13,0,0,0,4,0,3,0,3
Functionals by annotation in Java/functional-compiler,com.dan323.functional.annotation.compiler.internal.signature,FunctionSignature,0,29,0,2,0,8,0,4,0,3
Functionals by annotation in Java/functional-compiler,com.dan323.functional.annotation.compiler.internal.signature,Signature,0,74,0,12,0,14,0,10,0,4
Functionals by annotation in Java/functional-compiler,com.dan323.functional.annotation.compiler.util,AlternativeUtil,16,12,0,0,2,4,3,2,3,2
Functionals by annotation in Java/functional-compiler,com.dan323.functional.annotation.compiler.util,FunctionalUtil.IdentityApplicative,0,28,0,0,0,5,0,5,0,5
Functionals by annotation in Java/functional-compiler,com.dan323.functional.annotation.compiler.util,FunctionalUtil,155,1696,23,65,24,147,30,125,7,104
Functionals by annotation in Java/functional-compiler,com.dan323.functional.annotation.compiler.util,MonadUtil,6,23,0,0,2,4,1,4,1,4
Functionals by annotation in Java/functional-compiler,com.dan323.functional.annotation.compiler.util,SemigroupUtil,7,12,0,0,2,2,1,2,1,2
Functionals by annotation in Java/functional-compiler,com.dan323.functional.annotation.compiler.util,FunctionalUtil.EndoMonoid,0,9,0,0,0,3,0,3,0,3
Functionals by annotation in Java/functional-compiler,com.dan323.functional.annotation.compiler.util,ApplicativeUtil,16,72,0,0,2,12,3,10,3,10
Functionals by annotation in Java/functional-compiler,com.dan323.functional.annotation.compiler.util,MonoidUtil,3,10,0,0,1,2,1,2,1,2
Functionals by annotation in Java/functional-compiler,com.dan323.functional.annotation.compiler.util,FoldableUtil,16,28,0,0,2,6,3,4,3,4
Functionals by annotation in Java/functional-compiler,com.dan323.functional.annotation.compiler.util,FunctionalUtil.Identity,0,9,0,0,0,4,0,2,0,2
Functionals by annotation in Java/functional-compiler,com.dan323.functional.annotation.compiler.util,TraversalUtil,16,15,0,0,2,4,3,2,3,2
Functionals by annotation in Java/functional-compiler,com.dan323.functional.annotation.compiler.util,FunctorUtil,11,49,0,0,2,7,2,6,2,6
