<?xml version="1.0" encoding="UTF-8" standalone="yes"?><!DOCTYPE report PUBLIC "-//JACOCO//DTD Report 1.1//EN" "report.dtd"><report name="Functionals by annotation in Java"><sessioninfo id="runnervmjduv7-596956cc" start="1771023545939" dump="1771023551132"/><group name="example-functional"><package name="com/dan323/functional/data/util/alternative"><class name="com/dan323/functional/data/util/alternative/AlternativeFuns" sourcefilename="AlternativeFuns.java"><method name="&lt;init&gt;" desc="()V" line="21"><counter type="INSTRUCTION" missed="6" covered="0"/><counter type="LINE" missed="2" covered="0"/><counter type="COMPLEXITY" missed="1" covered="0"/><counter type="METHOD" missed="1" covered="0"/></method><method name="some" desc="(Lcom/dan323/functional/annotation/funcs/IAlternative;Lcom/dan323/functional/annotation/funcs/IAlternative;Ljava/lang/Object;)Ljava/util/function/Supplier;" line="26"><counter type="INSTRUCTION" missed="5" covered="0"/><counter type="LINE" missed="1" covered="0"/><counter type="COMPLEXITY" missed="1" covered="0"/><counter type="METHOD" missed="1" covered="0"/></method><method name="many" desc="(Lcom/dan323/functional/annotation/funcs/IAlternative;Lcom/dan323/functional/annotation/funcs/IAlternative;Ljava/lang/Object;)Ljava/util/function/Supplier;" line="30"><counter type="INSTRUCTION" missed="5" covered="0"/><counter type="LINE" missed="1" covered="0"/><counter type="COMPLEXITY" missed="1" covered="0"/><counter type="METHOD" missed="1" covered="0"/></method><method name="lambda$many$0" desc="(Lcom/dan323/functional/annotation/funcs/IAlternative;Lcom/dan323/functional/annotation/funcs/IAlternative;Ljava/lang/Object;)Ljava/lang/Object;" line="30"><counter type="INSTRUCTION" missed="11" covered="0"/><counter type="LINE" missed="1" covered="0"/><counter type="COMPLEXITY" missed="1" covered="0"/><counter type="METHOD" missed="1" covered="0"/></method><method name="lambda$many$1" desc="(Lcom/dan323/functional/annotation/funcs/IAlternative;)Ljava/lang/Object;" line="30"><counter type="INSTRUCTION" missed="4" covered="0"/><counter type="LINE" missed="1" covered="0"/><counter type="COMPLEXITY" missed="1" covered="0"/><counter type="METHOD" missed="1" covered="0"/></method><method name="lambda$some$0" desc="(Lcom/dan323/functional/annotation/funcs/IAlternative;Lcom/dan323/functional/annotation/funcs/IAlternative;Ljava/lang/Object;)Ljava/lang/Object;" line="26"><counter type="INSTRUCTION" missed="12" covered="0"/><counter type="LINE" missed="1" covered="0"/><counter type="COMPLEXITY" missed="1" covered="0"/><counter type="METHOD" missed="1" covered="0"/></method><method name="lambda$some$1" desc="(Lcom/dan323/functional/annotation/funcs/IAlternative;Ljava/lang/Object;)Ljava/lang/Object;" line="26"><counter type="INSTRUCTION" missed="5" covered="0"/><counter type="LINE" missed="1" covered="0"/><counter type="COMPLEXITY" missed="1" covered="0"/><counter type="METHOD" missed="1" covered="0"/></method><method name="lambda$some$2" desc="(Ljava/lang/Object;)Ljava/util/function/Function;" line="26"><counter type="INSTRUCTION" missed="3" covered="0"/><counter type="LINE" missed="1" covered="0"/><counter type="COMPLEXITY" missed="1" covered="0"/><counter type="METHOD" missed="1" covered="0"/></method><method name="lambda$some$3" desc="(Ljava/lang/Object;Lcom/dan323/functional/data/list/FiniteList;)Lcom/dan323/functional/data/list/FiniteList;" line="26"><counter type="INSTRUCTION" missed="4" covered="0"/><counter type="LINE" missed="1" covered="0"/><counter type="COMPLEXITY" missed="1" covered="0"/><counter type="METHOD" missed="1" covered="0"/></method><counter type="INSTRUCTION" missed="55" covered="0"/><counter type="LINE" missed="4" covered="0"/><counter type="COMPLEXITY" missed="9" covered="0"/><counter type="METHOD" missed="9" covered="0"/><counter type="CLASS" missed="1" covered="0"/></class><class name="com/dan323/functional/data/util/alternative/AlternativeMonoid" sourcefilename="AlternativeMonoid.java"><method name="&lt;init&gt;" desc="(Lcom/dan323/functional/annotation/funcs/IAlternative;)V" line="13"><counter type="INSTRUCTION" missed="6" covered="0"/><counter type="LINE" missed="3" covered="0"/><counter type="COMPLEXITY" missed="1" covered="0"/><counter type="METHOD" missed="1" covered="0"/></method><method name="op" desc="(Ljava/lang/Object;Ljava/lang/Object;)Ljava/lang/Object;" line="18"><counter type="INSTRUCTION" missed="6" covered="0"/><counter type="LINE" missed="1" covered="0"/><counter type="COMPLEXITY" missed="1" covered="0"/><counter type="METHOD" missed="1" covered="0"/></method><method name="unit" desc="()Ljava/lang/Object;" line="22"><counter type="INSTRUCTION" missed="4" covered="0"/><counter type="LINE" missed="1" covered="0"/><counter type="COMPLEXITY" missed="1" covered="0"/><counter type="METHOD" missed="1" covered="0"/></method><counter type="INSTRUCTION" missed="16" covered="0"/><counter type="LINE" missed="5" covered="0"/><counter type="COMPLEXITY" missed="3" covered="0"/><counter type="METHOD" missed="3" covered="0"/><counter type="CLASS" missed="1" covered="0"/></class><sourcefile name="AlternativeFuns.java"><line nr="21" mi="2" ci="0" mb="0" cb="0"/><line nr="22" mi="4" ci="0" mb="0" cb="0"/><line nr="26" mi="29" ci="0" mb="0" cb="0"/><line nr="30" mi="20" ci="0" mb="0" cb="0"/><counter type="INSTRUCTION" missed="55" covered="0"/><counter type="LINE" missed="4" covered="0"/><counter type="COMPLEXITY" missed="9" covered="0"/><counter type="METHOD" missed="9" covered="0"/><counter type="CLASS" missed="1" covered="0"/></sourcefile><sourcefile name="AlternativeMonoid.java"><line nr="13" mi="2" ci="0" mb="0" cb="0"/><line nr="14" mi="3" ci="0" mb="0" cb="0"/><line nr="15" mi="1" ci="0" mb="0" cb="0"/><line nr="18" mi="6" ci="0" mb="0" cb="0"/><line nr="22" mi="4" ci="0" mb="0" cb="0"/><counter type="INSTRUCTION" missed="16" covered="0"/><counter type="LINE" missed="5" covered="0"/><counter type="COMPLEXITY" missed="3" covered="0"/><counter type="METHOD" missed="3" covered="0"/><counter type="CLASS" missed="1" covered="0"/></sourcefile><counter type="INSTRUCTION" missed="71" covered="0"/><counter type="LINE" missed="9" covered="0"/><counter type="COMPLEXITY" missed="12" covered="0"/><counter type="METHOD" missed="12" covered="0"/><counter type="CLASS" missed="2" covered="0"/></package><package name="com/dan323/functional/data/integer"><class name="com/dan323/functional/data/integer/ProdMonoid" sourcefilename="ProdMonoid.java"><method name="getInstance" desc="()Lcom/dan323/functional/data/integer/ProdMonoid;" line="12"><counter type="INSTRUCTION" missed="2" covered="0"/><counter type="LINE" missed="1" covered="0"/><counter type="COMPLEXITY" missed="1" covered="0"/><counter type="METHOD" missed="1" covered="0"/></method><method name="op" desc="(Ljava/lang/Integer;Ljava/lang/Integer;)Ljava/lang/Integer;" line="16"><counter type="INSTRUCTION" missed="7" covered="0"/><counter type="LINE" missed="1" covered="0"/><counter type="COMPLEXITY" missed="1" covered="0"/><counter type="METHOD" missed="1" covered="0"/></method><method name="unit" desc="()Ljava/lang/Integer;" line="20"><counter type="INSTRUCTION" missed="3" covered="0"/><counter type="LINE" missed="1" covered="0"/><counter type="COMPLEXITY" missed="1" covered="0"/><counter type="METHOD" missed="1" covered="0"/></method><method name="&lt;clinit&gt;" desc="()V" line="23"><counter type="INSTRUCTION" missed="5" covered="0"/><counter type="LINE" missed="1" covered="0"/><counter type="COMPLEXITY" missed="1" covered="0"/><counter type="METHOD" missed="1" covered="0"/></method><counter type="INSTRUCTION" missed="17" covered="0"/><counter type="LINE" missed="4" covered="0"/><counter type="COMPLEXITY" missed="4" covered="0"/><counter type="METHOD" missed="4" covered="0"/><counter type="CLASS" missed="1" covered="0"/></class><class name="com/dan323/functional/data/integer/SumMonoid" sourcefilename="SumMonoid.java"><method name="getInstance" desc="()Lcom/dan323/functional/data/integer/SumMonoid;" line="13"><counter type="INSTRUCTION" missed="2" covered="0"/><counter type="LINE" missed="1" covered="0"/><counter type="COMPLEXITY" missed="1" covered="0"/><counter type="METHOD" missed="1" covered="0"/></method><method name="op" desc="(Ljava/lang/Integer;Ljava/lang/Integer;)Ljava/lang/Integer;" line="17"><counter type="INSTRUCTION" missed="7" covered="0"/><counter type="LINE" missed="1" covered="0"/><counter type="COMPLEXITY" missed="1" covered="0"/><counter type="METHOD" missed="1" covered="0"/></method><method name="unit" desc="()Ljava/lang/Integer;" line="21"><counter type="INSTRUCTION" missed="3" covered="0"/><counter type="LINE" missed="1" covered="0"/><counter type="COMPLEXITY" missed="1" covered="0"/><counter type="METHOD" missed="1" covered="0"/></method><method name="&lt;clinit&gt;" desc="()V" line="24"><counter type="INSTRUCTION" missed="5" covered="0"/><counter type="LINE" missed="1" covered="0"/><counter type="COMPLEXITY" missed="1" covered="0"/><counter type="METHOD" missed="1" covered="0"/></method><counter type="INSTRUCTION" missed="17" covered="0"/><counter type="LINE" missed="4" covered="0"/><counter type="COMPLEXITY" missed="4" covered="0"/><counter type="METHOD" missed="4" covered="0"/><counter type="CLASS" missed="1" covered="0"/></class><sourcefile name="SumMonoid.java"><line nr="13" mi="2" ci="0" mb="0" cb="0"/><line nr="17" mi="7" ci="0" mb="0" cb="0"/><line nr="21" mi="3" ci="0" mb="0" cb="0"/><line nr="24" mi="5" ci="0" mb="0" cb="0"/><counter type="INSTRUCTION" missed="17" covered="0"/><counter type="LINE" missed="4" covered="0"/><counter type="COMPLEXITY" missed="4" covered="0"/><counter type="METHOD" missed="4" covered="0"/><counter type="CLASS" missed="1" covered="0"/></sourcefile><sourcefile name="ProdMonoid.java"><line nr="12" mi="2" ci="0" mb="0" cb="0"/><line nr="16" mi="7" ci="0" mb="0" cb="0"/><line nr="20" mi="3" ci="0" mb="0" cb="0"/><line nr="23" mi="5" ci="0" mb="0" cb="0"/><counter type="INSTRUCTION" missed="17" covered="0"/><counter type="LINE" missed="4" covered="0"/><counter type="COMPLEXITY" missed="4" covered="0"/><counter type="METHOD" missed="4" covered="0"/><counter type="CLASS" missed="1" covered="0"/></sourcefile><counter type="INSTRUCTION" missed="34" covered="0"/><counter type="LINE" missed="8" covered="0"/><counter type="COMPLEXITY" missed="8" covered="0"/><counter type="METHOD" missed="8" covered="0"/><counter type="CLASS" missed="2" covered="0"/></package><package name="com/dan323/functional/data/parser"><class name="com/dan323/functional/data/parser/Parser$ParserError" sourcefilename="Parser.java"><method name="&lt;init&gt;" desc="(Ljava/lang/String;)V" line="25"><counter type="INSTRUCTION" missed="6" covered="0"/><counter type="LINE" missed="3" covered="0"/><counter type="COMPLEXITY" missed="1" covered="0"/><counter type="METHOD" missed="1" covered="0"/></method><method name="unexpectedChar" desc="(Ljava/lang/Character;)Lcom/dan323/functional/data/parser/Parser$ParserError;" line="30"><counter type="INSTRUCTION" missed="6" covered="0"/><counter type="LINE" missed="1" covered="0"/><counter type="COMPLEXITY" missed="1" covered="0"/><counter type="METHOD" missed="1" covered="0"/></method><method name="unexpectedEnd" desc="()Lcom/dan323/functional/data/parser/Parser$ParserError;" line="34"><counter type="INSTRUCTION" missed="5" covered="0"/><counter type="LINE" missed="1" covered="0"/><counter type="COMPLEXITY" missed="1" covered="0"/><counter type="METHOD" missed="1" covered="0"/></method><method name="empty" desc="()Lcom/dan323/functional/data/parser/Parser$ParserError;" line="38"><counter type="INSTRUCTION" missed="5" covered="0"/><counter type="LINE" missed="1" covered="0"/><counter type="COMPLEXITY" missed="1" covered="0"/><counter type="METHOD" missed="1" covered="0"/></method><method name="toString" desc="()Ljava/lang/String;" line="43"><counter type="INSTRUCTION" missed="4" covered="0"/><counter type="LINE" missed="1" covered="0"/><counter type="COMPLEXITY" missed="1" covered="0"/><counter type="METHOD" missed="1" covered="0"/></method><method name="equals" desc="(Ljava/lang/Object;)Z" line="48"><counter type="INSTRUCTION" missed="16" covered="0"/><counter type="BRANCH" missed="4" covered="0"/><counter type="LINE" missed="1" covered="0"/><counter type="COMPLEXITY" missed="3" covered="0"/><counter type="METHOD" missed="1" covered="0"/></method><method name="hashCode" desc="()I" line="53"><counter type="INSTRUCTION" missed="4" covered="0"/><counter type="LINE" missed="1" covered="0"/><counter type="COMPLEXITY" missed="1" covered="0"/><counter type="METHOD" missed="1" covered="0"/></method><counter type="INSTRUCTION" missed="46" covered="0"/><counter type="BRANCH" missed="4" covered="0"/><counter type="LINE" missed="9" covered="0"/><counter type="COMPLEXITY" missed="9" covered="0"/><counter type="METHOD" missed="7" covered="0"/><counter type="CLASS" missed="1" covered="0"/></class><class name="com/dan323/functional/data/parser/Parser" sourcefilename="Parser.java"><method name="predicateParser" desc="(Ljava/util/function/Predicate;)Lcom/dan323/functional/data/parser/Parser;" line="59"><counter type="INSTRUCTION" missed="3" covered="0"/><counter type="LINE" missed="1" covered="0"/><counter type="COMPLEXITY" missed="1" covered="0"/><counter type="METHOD" missed="1" covered="0"/></method><method name="charParser" desc="(Ljava/lang/Character;)Lcom/dan323/functional/data/parser/Parser;" line="69"><counter type="INSTRUCTION" missed="4" covered="0"/><counter type="LINE" missed="1" covered="0"/><counter type="COMPLEXITY" missed="1" covered="0"/><counter type="METHOD" missed="1" covered="0"/></method><method name="stringParser" desc="(Ljava/lang/String;)Lcom/dan323/functional/data/parser/Parser;" line="73"><counter type="INSTRUCTION" missed="21" covered="0"/><counter type="BRANCH" missed="2" covered="0"/><counter type="LINE" missed="7" covered="0"/><counter type="COMPLEXITY" missed="2" covered="0"/><counter type="METHOD" missed="1" covered="0"/></method><method name="intParser" desc="()Lcom/dan323/functional/data/parser/Parser;" line="86"><counter type="INSTRUCTION" missed="8" covered="0"/><counter type="LINE" missed="1" covered="0"/><counter type="COMPLEXITY" missed="1" covered="0"/><counter type="METHOD" missed="1" covered="0"/></method><method name="fromChars" desc="(Lcom/dan323/functional/data/list/FiniteList;)Ljava/lang/String;" line="90"><counter type="INSTRUCTION" missed="6" covered="0"/><counter type="LINE" missed="1" covered="0"/><counter type="COMPLEXITY" missed="1" covered="0"/><counter type="METHOD" missed="1" covered="0"/></method><method name="optional" desc="(Lcom/dan323/functional/data/parser/Parser;)Lcom/dan323/functional/data/parser/Parser;" line="94"><counter type="INSTRUCTION" missed="3" covered="0"/><counter type="LINE" missed="1" covered="0"/><counter type="COMPLEXITY" missed="1" covered="0"/><counter type="METHOD" missed="1" covered="0"/></method><method name="sepBy" desc="(Lcom/dan323/functional/data/parser/Parser;Lcom/dan323/functional/data/parser/Parser;)Lcom/dan323/functional/data/parser/Parser;" line="99"><counter type="INSTRUCTION" missed="16" covered="0"/><counter type="LINE" missed="3" covered="0"/><counter type="COMPLEXITY" missed="1" covered="0"/><counter type="METHOD" missed="1" covered="0"/></method><method name="lambda$sepBy$0" desc="(Lcom/dan323/functional/data/optional/Maybe;)Ljava/util/function/Function;" line="99"><counter type="INSTRUCTION" missed="3" covered="0"/><counter type="LINE" missed="1" covered="0"/><counter type="COMPLEXITY" missed="1" covered="0"/><counter type="METHOD" missed="1" covered="0"/></method><method name="lambda$sepBy$1" desc="(Lcom/dan323/functional/data/optional/Maybe;Lcom/dan323/functional/data/list/FiniteList;)Lcom/dan323/functional/data/list/FiniteList;" line="99"><counter type="INSTRUCTION" missed="7" covered="0"/><counter type="LINE" missed="1" covered="0"/><counter type="COMPLEXITY" missed="1" covered="0"/><counter type="METHOD" missed="1" covered="0"/></method><method name="lambda$sepBy$2" desc="(Lcom/dan323/functional/data/list/FiniteList;Ljava/lang/Object;)Lcom/dan323/functional/data/list/FiniteList;" line="99"><counter type="INSTRUCTION" missed="4" covered="0"/><counter type="LINE" missed="1" covered="0"/><counter type="COMPLEXITY" missed="1" covered="0"/><counter type="METHOD" missed="1" covered="0"/></method><method name="lambda$optional$0" desc="(Lcom/dan323/functional/data/parser/Parser;Ljava/lang/String;)Lcom/dan323/functional/data/either/Either;" line="94"><counter type="INSTRUCTION" missed="10" covered="0"/><counter type="LINE" missed="1" covered="0"/><counter type="COMPLEXITY" missed="1" covered="0"/><counter type="METHOD" missed="1" covered="0"/></method><method name="lambda$optional$2" desc="(Lcom/dan323/functional/data/pair/Pair;)Lcom/dan323/functional/data/either/Either;" line="95"><counter type="INSTRUCTION" missed="5" covered="0"/><counter type="LINE" missed="1" covered="0"/><counter type="COMPLEXITY" missed="1" covered="0"/><counter type="METHOD" missed="1" covered="0"/></method><method name="lambda$optional$3" desc="(Ljava/lang/Object;Ljava/lang/String;)Lcom/dan323/functional/data/either/Either;" line="95"><counter type="INSTRUCTION" missed="8" covered="0"/><counter type="LINE" missed="1" covered="0"/><counter type="COMPLEXITY" missed="1" covered="0"/><counter type="METHOD" missed="1" covered="0"/></method><method name="lambda$optional$1" desc="(Ljava/lang/String;Lcom/dan323/functional/data/list/FiniteList;)Lcom/dan323/functional/data/either/Either;" line="94"><counter type="INSTRUCTION" missed="7" covered="0"/><counter type="LINE" missed="1" covered="0"/><counter type="COMPLEXITY" missed="1" covered="0"/><counter type="METHOD" missed="1" covered="0"/></method><method name="lambda$fromChars$0" desc="(Ljava/lang/Character;Ljava/lang/String;)Ljava/lang/String;" line="90"><counter type="INSTRUCTION" missed="5" covered="0"/><counter type="LINE" missed="1" covered="0"/><counter type="COMPLEXITY" missed="1" covered="0"/><counter type="METHOD" missed="1" covered="0"/></method><method name="lambda$stringParser$1" desc="(I)Ljava/lang/Character;" line="80"><counter type="INSTRUCTION" missed="4" covered="0"/><counter type="LINE" missed="1" covered="0"/><counter type="COMPLEXITY" missed="1" covered="0"/><counter type="METHOD" missed="1" covered="0"/></method><method name="lambda$stringParser$0" desc="(Ljava/lang/String;)Lcom/dan323/functional/data/either/Either;" line="74"><counter type="INSTRUCTION" missed="7" covered="0"/><counter type="LINE" missed="1" covered="0"/><counter type="COMPLEXITY" missed="1" covered="0"/><counter type="METHOD" missed="1" covered="0"/></method><method name="lambda$charParser$0" desc="(Ljava/lang/Character;Ljava/lang/Character;)Z" line="69"><counter type="INSTRUCTION" missed="10" covered="0"/><counter type="BRANCH" missed="4" covered="0"/><counter type="LINE" missed="1" covered="0"/><counter type="COMPLEXITY" missed="3" covered="0"/><counter type="METHOD" missed="1" covered="0"/></method><method name="lambda$predicateParser$0" desc="(Ljava/util/function/Predicate;Ljava/lang/String;)Lcom/dan323/functional/data/either/Either;" line="60"><counter type="INSTRUCTION" missed="44" covered="0"/><counter type="BRANCH" missed="4" covered="0"/><counter type="LINE" missed="3" covered="0"/><counter type="COMPLEXITY" missed="3" covered="0"/><counter type="METHOD" missed="1" covered="0"/></method><counter type="INSTRUCTION" missed="175" covered="0"/><counter type="BRANCH" missed="10" covered="0"/><counter type="LINE" missed="19" covered="0"/><counter type="COMPLEXITY" missed="24" covered="0"/><counter type="METHOD" missed="19" covered="0"/><counter type="CLASS" missed="1" covered="0"/></class><class name="com/dan323/functional/data/parser/ParserSupplierApplicative" sourcefilename="ParserSupplierApplicative.java"><method name="getInstance" desc="()Lcom/dan323/functional/data/parser/ParserSupplierApplicative;" line="24"><counter type="INSTRUCTION" missed="2" covered="0"/><counter type="LINE" missed="1" covered="0"/><counter type="COMPLEXITY" missed="1" covered="0"/><counter type="METHOD" missed="1" covered="0"/></method><method name="getClassAtRuntime" desc="()Ljava/lang/Class;" line="29"><counter type="INSTRUCTION" missed="2" covered="0"/><counter type="LINE" missed="1" covered="0"/><counter type="COMPLEXITY" missed="1" covered="0"/><counter type="METHOD" missed="1" covered="0"/></method><method name="map" desc="(Ljava/util/function/Supplier;Ljava/util/function/Function;)Ljava/util/function/Supplier;" line="33"><counter type="INSTRUCTION" missed="4" covered="0"/><counter type="LINE" missed="1" covered="0"/><counter type="COMPLEXITY" missed="1" covered="0"/><counter type="METHOD" missed="1" covered="0"/></method><method name="pure" desc="(Ljava/lang/Object;)Ljava/util/function/Supplier;" line="38"><counter type="INSTRUCTION" missed="3" covered="0"/><counter type="LINE" missed="1" covered="0"/><counter type="COMPLEXITY" missed="1" covered="0"/><counter type="METHOD" missed="1" covered="0"/></method><method name="fapply" desc="(Ljava/util/function/Supplier;Ljava/util/function/Supplier;)Ljava/util/function/Supplier;" line="42"><counter type="INSTRUCTION" missed="4" covered="0"/><counter type="LINE" missed="1" covered="0"/><counter type="COMPLEXITY" missed="1" covered="0"/><counter type="METHOD" missed="1" covered="0"/></method><method name="empty" desc="()Ljava/util/function/Supplier;" line="52"><counter type="INSTRUCTION" missed="2" covered="0"/><counter type="LINE" missed="1" covered="0"/><counter type="COMPLEXITY" missed="1" covered="0"/><counter type="METHOD" missed="1" covered="0"/></method><method name="disjunction" desc="(Ljava/util/function/Supplier;Ljava/util/function/Supplier;)Ljava/util/function/Supplier;" line="56"><counter type="INSTRUCTION" missed="4" covered="0"/><counter type="LINE" missed="1" covered="0"/><counter type="COMPLEXITY" missed="1" covered="0"/><counter type="METHOD" missed="1" covered="0"/></method><method name="lambda$disjunction$0" desc="(Ljava/util/function/Supplier;Ljava/util/function/Supplier;)Lcom/dan323/functional/data/parser/Parser;" line="56"><counter type="INSTRUCTION" missed="4" covered="0"/><counter type="LINE" missed="1" covered="0"/><counter type="COMPLEXITY" missed="1" covered="0"/><counter type="METHOD" missed="1" covered="0"/></method><method name="lambda$disjunction$1" desc="(Ljava/util/function/Supplier;Ljava/util/function/Supplier;Ljava/lang/String;)Lcom/dan323/functional/data/either/Either;" line="56"><counter type="INSTRUCTION" missed="13" covered="0"/><counter type="LINE" missed="1" covered="0"/><counter type="COMPLEXITY" missed="1" covered="0"/><counter type="METHOD" missed="1" covered="0"/></method><method name="lambda$disjunction$2" desc="(Ljava/util/function/Supplier;Ljava/lang/String;Lcom/dan323/functional/data/list/FiniteList;)Lcom/dan323/functional/data/either/Either;" line="56"><counter type="INSTRUCTION" missed="7" covered="0"/><counter type="LINE" missed="1" covered="0"/><counter type="COMPLEXITY" missed="1" covered="0"/><counter type="METHOD" missed="1" covered="0"/></method><method name="lambda$empty$0" desc="()Lcom/dan323/functional/data/parser/Parser;" line="52"><counter type="INSTRUCTION" missed="2" covered="0"/><counter type="LINE" missed="1" covered="0"/><counter type="COMPLEXITY" missed="1" covered="0"/><counter type="METHOD" missed="1" covered="0"/></method><method name="lambda$empty$1" desc="(Ljava/lang/String;)Lcom/dan323/functional/data/either/Either;" line="52"><counter type="INSTRUCTION" missed="9" covered="0"/><counter type="LINE" missed="1" covered="0"/><counter type="COMPLEXITY" missed="1" covered="0"/><counter type="METHOD" missed="1" covered="0"/></method><method name="lambda$fapply$0" desc="(Ljava/util/function/Supplier;Ljava/util/function/Supplier;)Lcom/dan323/functional/data/parser/Parser;" line="42"><counter type="INSTRUCTION" missed="4" covered="0"/><counter type="LINE" missed="1" covered="0"/><counter type="COMPLEXITY" missed="1" covered="0"/><counter type="METHOD" missed="1" covered="0"/></method><method name="lambda$fapply$1" desc="(Ljava/util/function/Supplier;Ljava/util/function/Supplier;Ljava/lang/String;)Lcom/dan323/functional/data/either/Either;" line="43"><counter type="INSTRUCTION" missed="12" covered="0"/><counter type="LINE" missed="3" covered="0"/><counter type="COMPLEXITY" missed="1" covered="0"/><counter type="METHOD" missed="1" covered="0"/></method><method name="lambda$fapply$2" desc="(Ljava/util/function/Supplier;Lcom/dan323/functional/data/pair/Pair;)Lcom/dan323/functional/data/either/Either;" line="47"><counter type="INSTRUCTION" missed="14" covered="0"/><counter type="LINE" missed="1" covered="0"/><counter type="COMPLEXITY" missed="1" covered="0"/><counter type="METHOD" missed="1" covered="0"/></method><method name="lambda$fapply$3" desc="(Lcom/dan323/functional/data/pair/Pair;Lcom/dan323/functional/data/pair/Pair;)Lcom/dan323/functional/data/either/Either;" line="47"><counter type="INSTRUCTION" missed="14" covered="0"/><counter type="LINE" missed="1" covered="0"/><counter type="COMPLEXITY" missed="1" covered="0"/><counter type="METHOD" missed="1" covered="0"/></method><method name="lambda$pure$0" desc="(Ljava/lang/Object;)Lcom/dan323/functional/data/parser/Parser;" line="38"><counter type="INSTRUCTION" missed="3" covered="0"/><counter type="LINE" missed="1" covered="0"/><counter type="COMPLEXITY" missed="1" covered="0"/><counter type="METHOD" missed="1" covered="0"/></method><method name="lambda$map$0" desc="(Ljava/util/function/Supplier;Ljava/util/function/Function;)Lcom/dan323/functional/data/parser/Parser;" line="33"><counter type="INSTRUCTION" missed="6" covered="0"/><counter type="LINE" missed="1" covered="0"/><counter type="COMPLEXITY" missed="1" covered="0"/><counter type="METHOD" missed="1" covered="0"/></method><method name="&lt;clinit&gt;" desc="()V" line="21"><counter type="INSTRUCTION" missed="5" covered="0"/><counter type="LINE" missed="1" covered="0"/><counter type="COMPLEXITY" missed="1" covered="0"/><counter type="METHOD" missed="1" covered="0"/></method><counter type="INSTRUCTION" missed="114" covered="0"/><counter type="LINE" missed="12" covered="0"/><counter type="COMPLEXITY" missed="19" covered="0"/><counter type="METHOD" missed="19" covered="0"/><counter type="CLASS" missed="1" covered="0"/></class><class name="com/dan323/functional/data/parser/ParserApplicative" sourcefilename="ParserApplicative.java"><method name="&lt;init&gt;" desc="()V" line="16"><counter type="INSTRUCTION" missed="3" covered="0"/><counter type="LINE" missed="1" covered="0"/><counter type="COMPLEXITY" missed="1" covered="0"/><counter type="METHOD" missed="1" covered="0"/></method><method name="getInstance" desc="()Lcom/dan323/functional/data/parser/ParserApplicative;" line="23"><counter type="INSTRUCTION" missed="2" covered="0"/><counter type="LINE" missed="1" covered="0"/><counter type="COMPLEXITY" missed="1" covered="0"/><counter type="METHOD" missed="1" covered="0"/></method><method name="getClassAtRuntime" desc="()Ljava/lang/Class;" line="28"><counter type="INSTRUCTION" missed="2" covered="0"/><counter type="LINE" missed="1" covered="0"/><counter type="COMPLEXITY" missed="1" covered="0"/><counter type="METHOD" missed="1" covered="0"/></method><method name="map" desc="(Lcom/dan323/functional/data/parser/Parser;Ljava/util/function/Function;)Lcom/dan323/functional/data/parser/Parser;" line="32"><counter type="INSTRUCTION" missed="9" covered="0"/><counter type="LINE" missed="1" covered="0"/><counter type="COMPLEXITY" missed="1" covered="0"/><counter type="METHOD" missed="1" covered="0"/></method><method name="pure" desc="(Ljava/lang/Object;)Lcom/dan323/functional/data/parser/Parser;" line="36"><counter type="INSTRUCTION" missed="8" covered="0"/><counter type="LINE" missed="1" covered="0"/><counter type="COMPLEXITY" missed="1" covered="0"/><counter type="METHOD" missed="1" covered="0"/></method><method name="fapply" desc="(Lcom/dan323/functional/data/parser/Parser;Lcom/dan323/functional/data/parser/Parser;)Lcom/dan323/functional/data/parser/Parser;" line="40"><counter type="INSTRUCTION" missed="9" covered="0"/><counter type="LINE" missed="1" covered="0"/><counter type="COMPLEXITY" missed="1" covered="0"/><counter type="METHOD" missed="1" covered="0"/></method><method name="empty" desc="()Lcom/dan323/functional/data/parser/Parser;" line="44"><counter type="INSTRUCTION" missed="2" covered="0"/><counter type="LINE" missed="1" covered="0"/><counter type="COMPLEXITY" missed="1" covered="0"/><counter type="METHOD" missed="1" covered="0"/></method><method name="disjunction" desc="(Lcom/dan323/functional/data/parser/Parser;Lcom/dan323/functional/data/parser/Parser;)Lcom/dan323/functional/data/parser/Parser;" line="48"><counter type="INSTRUCTION" missed="4" covered="0"/><counter type="LINE" missed="1" covered="0"/><counter type="COMPLEXITY" missed="1" covered="0"/><counter type="METHOD" missed="1" covered="0"/></method><method name="many" desc="(Lcom/dan323/functional/data/parser/Parser;)Lcom/dan323/functional/data/parser/Parser;" line="52"><counter type="INSTRUCTION" missed="6" covered="0"/><counter type="LINE" missed="1" covered="0"/><counter type="COMPLEXITY" missed="1" covered="0"/><counter type="METHOD" missed="1" covered="0"/></method><method name="whenFailureWhenSuccess" desc="(Lcom/dan323/functional/data/parser/Parser;Ljava/util/function/Supplier;Ljava/util/function/Supplier;)Lcom/dan323/functional/data/parser/Parser;" line="56"><counter type="INSTRUCTION" missed="5" covered="0"/><counter type="LINE" missed="1" covered="0"/><counter type="COMPLEXITY" missed="1" covered="0"/><counter type="METHOD" missed="1" covered="0"/></method><method name="some" desc="(Lcom/dan323/functional/data/parser/Parser;)Lcom/dan323/functional/data/parser/Parser;" line="60"><counter type="INSTRUCTION" missed="7" covered="0"/><counter type="LINE" missed="1" covered="0"/><counter type="COMPLEXITY" missed="1" covered="0"/><counter type="METHOD" missed="1" covered="0"/></method><method name="lambda$some$2" desc="(Lcom/dan323/functional/data/parser/Parser;)Lcom/dan323/functional/data/parser/Parser;" line="60"><counter type="INSTRUCTION" missed="7" covered="0"/><counter type="LINE" missed="1" covered="0"/><counter type="COMPLEXITY" missed="1" covered="0"/><counter type="METHOD" missed="1" covered="0"/></method><method name="lambda$some$3" desc="(Ljava/lang/Object;)Ljava/util/function/Function;" line="60"><counter type="INSTRUCTION" missed="3" covered="0"/><counter type="LINE" missed="1" covered="0"/><counter type="COMPLEXITY" missed="1" covered="0"/><counter type="METHOD" missed="1" covered="0"/></method><method name="lambda$some$4" desc="(Ljava/lang/Object;Lcom/dan323/functional/data/list/FiniteList;)Lcom/dan323/functional/data/list/FiniteList;" line="60"><counter type="INSTRUCTION" missed="4" covered="0"/><counter type="LINE" missed="1" covered="0"/><counter type="COMPLEXITY" missed="1" covered="0"/><counter type="METHOD" missed="1" covered="0"/></method><method name="lambda$some$0" desc="(Lcom/dan323/functional/data/parser/Parser;)Lcom/dan323/functional/data/parser/Parser;" line="60"><counter type="INSTRUCTION" missed="4" covered="0"/><counter type="LINE" missed="1" covered="0"/><counter type="COMPLEXITY" missed="1" covered="0"/><counter type="METHOD" missed="1" covered="0"/></method><method name="lambda$some$1" desc="(Ljava/lang/Object;)Lcom/dan323/functional/data/list/FiniteList;" line="60"><counter type="INSTRUCTION" missed="8" covered="0"/><counter type="LINE" missed="1" covered="0"/><counter type="COMPLEXITY" missed="1" covered="0"/><counter type="METHOD" missed="1" covered="0"/></method><method name="lambda$whenFailureWhenSuccess$0" desc="(Lcom/dan323/functional/data/parser/Parser;Ljava/util/function/Supplier;Ljava/util/function/Supplier;Ljava/lang/String;)Lcom/dan323/functional/data/either/Either;" line="56"><counter type="INSTRUCTION" missed="13" covered="0"/><counter type="LINE" missed="1" covered="0"/><counter type="COMPLEXITY" missed="1" covered="0"/><counter type="METHOD" missed="1" covered="0"/></method><method name="lambda$whenFailureWhenSuccess$2" desc="(Ljava/util/function/Supplier;Ljava/lang/String;Lcom/dan323/functional/data/pair/Pair;)Lcom/dan323/functional/data/either/Either;" line="56"><counter type="INSTRUCTION" missed="7" covered="0"/><counter type="LINE" missed="1" covered="0"/><counter type="COMPLEXITY" missed="1" covered="0"/><counter type="METHOD" missed="1" covered="0"/></method><method name="lambda$whenFailureWhenSuccess$1" desc="(Ljava/util/function/Supplier;Ljava/lang/String;Lcom/dan323/functional/data/list/FiniteList;)Lcom/dan323/functional/data/either/Either;" line="56"><counter type="INSTRUCTION" missed="7" covered="0"/><counter type="LINE" missed="1" covered="0"/><counter type="COMPLEXITY" missed="1" covered="0"/><counter type="METHOD" missed="1" covered="0"/></method><method name="lambda$disjunction$0" desc="(Lcom/dan323/functional/data/parser/Parser;Lcom/dan323/functional/data/parser/Parser;Ljava/lang/String;)Lcom/dan323/functional/data/either/Either;" line="48"><counter type="INSTRUCTION" missed="11" covered="0"/><counter type="LINE" missed="1" covered="0"/><counter type="COMPLEXITY" missed="1" covered="0"/><counter type="METHOD" missed="1" covered="0"/></method><method name="lambda$disjunction$2" desc="(Lcom/dan323/functional/data/pair/Pair;)Lcom/dan323/functional/data/either/Either;" line="48"><counter type="INSTRUCTION" missed="3" covered="0"/><counter type="LINE" missed="1" covered="0"/><counter type="COMPLEXITY" missed="1" covered="0"/><counter type="METHOD" missed="1" covered="0"/></method><method name="lambda$disjunction$1" desc="(Lcom/dan323/functional/data/parser/Parser;Ljava/lang/String;Lcom/dan323/functional/data/list/FiniteList;)Lcom/dan323/functional/data/either/Either;" line="48"><counter type="INSTRUCTION" missed="5" covered="0"/><counter type="LINE" missed="1" covered="0"/><counter type="COMPLEXITY" missed="1" covered="0"/><counter type="METHOD" missed="1" covered="0"/></method><method name="lambda$empty$0" desc="(Ljava/lang/String;)Lcom/dan323/functional/data/either/Either;" line="44"><counter type="INSTRUCTION" missed="9" covered="0"/><counter type="LINE" missed="1" covered="0"/><counter type="COMPLEXITY" missed="1" covered="0"/><counter type="METHOD" missed="1" covered="0"/></method><method name="&lt;clinit&gt;" desc="()V" line="18"><counter type="INSTRUCTION" missed="7" covered="0"/><counter type="LINE" missed="2" covered="0"/><counter type="COMPLEXITY" missed="1" covered="0"/><counter type="METHOD" missed="1" covered="0"/></method><counter type="INSTRUCTION" missed="145" covered="0"/><counter type="LINE" missed="13" covered="0"/><counter type="COMPLEXITY" missed="24" covered="0"/><counter type="METHOD" missed="24" covered="0"/><counter type="CLASS" missed="1" covered="0"/></class><sourcefile name="ParserSupplierApplicative.java"><line nr="21" mi="5" ci="0" mb="0" cb="0"/><line nr="24" mi="2" ci="0" mb="0" cb="0"/><line nr="29" mi="2" ci="0" mb="0" cb="0"/><line nr="33" mi="10" ci="0" mb="0" cb="0"/><line nr="38" mi="6" ci="0" mb="0" cb="0"/><line nr="42" mi="8" ci="0" mb="0" cb="0"/><line nr="43" mi="3" ci="0" mb="0" cb="0"/><line nr="44" mi="5" ci="0" mb="0" cb="0"/><line nr="45" mi="4" ci="0" mb="0" cb="0"/><line nr="47" mi="28" ci="0" mb="0" cb="0"/><line nr="52" mi="13" ci="0" mb="0" cb="0"/><line nr="56" mi="28" ci="0" mb="0" cb="0"/><counter type="INSTRUCTION" missed="114" covered="0"/><counter type="LINE" missed="12" covered="0"/><counter type="COMPLEXITY" missed="19" covered="0"/><counter type="METHOD" missed="19" covered="0"/><counter type="CLASS" missed="1" covered="0"/></sourcefile><sourcefile name="Parser.java"><line nr="25" mi="2" ci="0" mb="0" cb="0"/><line nr="26" mi="3" ci="0" mb="0" cb="0"/><line nr="27" mi="1" ci="0" mb="0" cb="0"/><line nr="30" mi="6" ci="0" mb="0" cb="0"/><line nr="34" mi="5" ci="0" mb="0" cb="0"/><line nr="38" mi="5" ci="0" mb="0" cb="0"/><line nr="43" mi="4" ci="0" mb="0" cb="0"/><line nr="48" mi="16" ci="0" mb="4" cb="0"/><line nr="53" mi="4" ci="0" mb="0" cb="0"/><line nr="59" mi="3" ci="0" mb="0" cb="0"/><line nr="60" mi="3" ci="0" mb="2" cb="0"/><line nr="61" mi="9" ci="0" mb="0" cb="0"/><line nr="63" mi="32" ci="0" mb="2" cb="0"/><line nr="69" mi="14" ci="0" mb="4" cb="0"/><line nr="73" mi="3" ci="0" mb="2" cb="0"/><line nr="74" mi="9" ci="0" mb="0" cb="0"/><line nr="76" mi="3" ci="0" mb="0" cb="0"/><line nr="77" mi="1" ci="0" mb="0" cb="0"/><line nr="78" mi="3" ci="0" mb="0" cb="0"/><line nr="80" mi="9" ci="0" mb="0" cb="0"/><line nr="81" mi="4" ci="0" mb="0" cb="0"/><line nr="86" mi="8" ci="0" mb="0" cb="0"/><line nr="90" mi="11" ci="0" mb="0" cb="0"/><line nr="94" mi="20" ci="0" mb="0" cb="0"/><line nr="95" mi="13" ci="0" mb="0" cb="0"/><line nr="99" mi="19" ci="0" mb="0" cb="0"/><line nr="100" mi="6" ci="0" mb="0" cb="0"/><line nr="101" mi="5" ci="0" mb="0" cb="0"/><counter type="INSTRUCTION" missed="221" covered="0"/><counter type="BRANCH" missed="14" covered="0"/><counter type="LINE" missed="28" covered="0"/><counter type="COMPLEXITY" missed="33" covered="0"/><counter type="METHOD" missed="26" covered="0"/><counter type="CLASS" missed="2" covered="0"/></sourcefile><sourcefile name="ParserApplicative.java"><line nr="16" mi="3" ci="0" mb="0" cb="0"/><line nr="18" mi="2" ci="0" mb="0" cb="0"/><line nr="20" mi="5" ci="0" mb="0" cb="0"/><line nr="23" mi="2" ci="0" mb="0" cb="0"/><line nr="28" mi="2" ci="0" mb="0" cb="0"/><line nr="32" mi="9" ci="0" mb="0" cb="0"/><line nr="36" mi="8" ci="0" mb="0" cb="0"/><line nr="40" mi="9" ci="0" mb="0" cb="0"/><line nr="44" mi="11" ci="0" mb="0" cb="0"/><line nr="48" mi="23" ci="0" mb="0" cb="0"/><line nr="52" mi="6" ci="0" mb="0" cb="0"/><line nr="56" mi="32" ci="0" mb="0" cb="0"/><line nr="60" mi="33" ci="0" mb="0" cb="0"/><counter type="INSTRUCTION" missed="145" covered="0"/><counter type="LINE" missed="13" covered="0"/><counter type="COMPLEXITY" missed="24" covered="0"/><counter type="METHOD" missed="24" covered="0"/><counter type="CLASS" missed="1" covered="0"/></sourcefile><counter type="INSTRUCTION" missed="480" covered="0"/><counter type="BRANCH" missed="14" covered="0"/><counter type="LINE" missed="53" covered="0"/><counter type="COMPLEXITY" missed="76" covered="0"/><counter type="METHOD" missed="69" covered="0"/><counter type="CLASS" missed="4" covered="0"/></package><package name="com/dan323/functional/data/state"><class name="com/dan323/functional/data/state/StackActions$StackError" sourcefilename="StackActions.java"><method name="&lt;init&gt;" desc="(Ljava/lang/String;)V" line="26"><counter type="INSTRUCTION" missed="6" covered="0"/><counter type="LINE" missed="3" covered="0"/><counter type="COMPLEXITY" missed="1" covered="0"/><counter type="METHOD" missed="1" covered="0"/></method><method name="poppingEmpty" desc="()Lcom/dan323/functional/data/state/StackActions$StackError;" line="31"><counter type="INSTRUCTION" missed="5" covered="0"/><counter type="LINE" missed="1" covered="0"/><counter type="COMPLEXITY" missed="1" covered="0"/><counter type="METHOD" missed="1" covered="0"/></method><method name="illegalState" desc="()Lcom/dan323/functional/data/state/StackActions$StackError;" line="35"><counter type="INSTRUCTION" missed="5" covered="0"/><counter type="LINE" missed="1" covered="0"/><counter type="COMPLEXITY" missed="1" covered="0"/><counter type="METHOD" missed="1" covered="0"/></method><method name="toString" desc="()Ljava/lang/String;" line="40"><counter type="INSTRUCTION" missed="4" covered="0"/><counter type="LINE" missed="1" covered="0"/><counter type="COMPLEXITY" missed="1" covered="0"/><counter type="METHOD" missed="1" covered="0"/></method><method name="equals" desc="(Ljava/lang/Object;)Z" line="45"><counter type="INSTRUCTION" missed="16" covered="0"/><counter type="BRANCH" missed="4" covered="0"/><counter type="LINE" missed="1" covered="0"/><counter type="COMPLEXITY" missed="3" covered="0"/><counter type="METHOD" missed="1" covered="0"/></method><counter type="INSTRUCTION" missed="36" covered="0"/><counter type="BRANCH" missed="4" covered="0"/><counter type="LINE" missed="7" covered="0"/><counter type="COMPLEXITY" missed="7" covered="0"/><counter type="METHOD" missed="5" covered="0"/><counter type="CLASS" missed="1" covered="0"/></class><class name="com/dan323/functional/data/state/State" sourcefilename="State.java"><method name="fromFun" desc="(Ljava/util/function/Function;)Lcom/dan323/functional/data/state/State;" line="19"><counter type="INSTRUCTION" missed="3" covered="0"/><counter type="LINE" missed="1" covered="0"/><counter type="COMPLEXITY" missed="1" covered="0"/><counter type="METHOD" missed="1" covered="0"/></method><method name="lambda$fromFun$0" desc="(Ljava/util/function/Function;Ljava/lang/Object;)Lcom/dan323/functional/data/either/Either;" line="19"><counter type="INSTRUCTION" missed="6" covered="0"/><counter type="LINE" missed="1" covered="0"/><counter type="COMPLEXITY" missed="1" covered="0"/><counter type="METHOD" missed="1" covered="0"/></method><counter type="INSTRUCTION" missed="9" covered="0"/><counter type="LINE" missed="1" covered="0"/><counter type="COMPLEXITY" missed="2" covered="0"/><counter type="METHOD" missed="2" covered="0"/><counter type="CLASS" missed="1" covered="0"/></class><class name="com/dan323/functional/data/state/StateMonad" sourcefilename="StateMonad.java"><method name="getInstance" desc="()Lcom/dan323/functional/data/state/StateMonad;" line="19"><counter type="INSTRUCTION" missed="2" covered="0"/><counter type="LINE" missed="1" covered="0"/><counter type="COMPLEXITY" missed="1" covered="0"/><counter type="METHOD" missed="1" covered="0"/></method><method name="map" desc="(Lcom/dan323/functional/data/state/StateWithError;Ljava/util/function/Function;)Lcom/dan323/functional/data/state/StateWithError;" line="23"><counter type="INSTRUCTION" missed="4" covered="0"/><counter type="LINE" missed="1" covered="0"/><counter type="COMPLEXITY" missed="1" covered="0"/><counter type="METHOD" missed="1" covered="0"/></method><method name="pure" desc="(Ljava/lang/Object;)Lcom/dan323/functional/data/state/StateWithError;" line="29"><counter type="INSTRUCTION" missed="3" covered="0"/><counter type="LINE" missed="1" covered="0"/><counter type="COMPLEXITY" missed="1" covered="0"/><counter type="METHOD" missed="1" covered="0"/></method><method name="fapply" desc="(Lcom/dan323/functional/data/state/StateWithError;Lcom/dan323/functional/data/state/StateWithError;)Lcom/dan323/functional/data/state/StateWithError;" line="33"><counter type="INSTRUCTION" missed="4" covered="0"/><counter type="LINE" missed="1" covered="0"/><counter type="COMPLEXITY" missed="1" covered="0"/><counter type="METHOD" missed="1" covered="0"/></method><method name="join" desc="(Lcom/dan323/functional/data/state/StateWithError;)Lcom/dan323/functional/data/state/StateWithError;" line="42"><counter type="INSTRUCTION" missed="3" covered="0"/><counter type="LINE" missed="1" covered="0"/><counter type="COMPLEXITY" missed="1" covered="0"/><counter type="METHOD" missed="1" covered="0"/></method><method name="flatMap" desc="(Ljava/util/function/Function;Lcom/dan323/functional/data/state/StateWithError;)Lcom/dan323/functional/data/state/StateWithError;" line="48"><counter type="INSTRUCTION" missed="4" covered="0"/><counter type="LINE" missed="1" covered="0"/><counter type="COMPLEXITY" missed="1" covered="0"/><counter type="METHOD" missed="1" covered="0"/></method><method name="getClassAtRuntime" desc="()Ljava/lang/Class;" line="55"><counter type="INSTRUCTION" missed="2" covered="0"/><counter type="LINE" missed="1" covered="0"/><counter type="COMPLEXITY" missed="1" covered="0"/><counter type="METHOD" missed="1" covered="0"/></method><method name="lambda$flatMap$0" desc="(Lcom/dan323/functional/data/state/StateWithError;Ljava/util/function/Function;Ljava/lang/Object;)Lcom/dan323/functional/data/either/Either;" line="49"><counter type="INSTRUCTION" missed="10" covered="0"/><counter type="LINE" missed="2" covered="0"/><counter type="COMPLEXITY" missed="1" covered="0"/><counter type="METHOD" missed="1" covered="0"/></method><method name="lambda$flatMap$1" desc="(Ljava/util/function/Function;Lcom/dan323/functional/data/pair/Pair;)Lcom/dan323/functional/data/either/Either;" line="50"><counter type="INSTRUCTION" missed="7" covered="0"/><counter type="LINE" missed="1" covered="0"/><counter type="COMPLEXITY" missed="1" covered="0"/><counter type="METHOD" missed="1" covered="0"/></method><method name="lambda$join$0" desc="(Lcom/dan323/functional/data/state/StateWithError;Ljava/lang/Object;)Lcom/dan323/functional/data/either/Either;" line="43"><counter type="INSTRUCTION" missed="9" covered="0"/><counter type="LINE" missed="2" covered="0"/><counter type="COMPLEXITY" missed="1" covered="0"/><counter type="METHOD" missed="1" covered="0"/></method><method name="lambda$join$1" desc="(Lcom/dan323/functional/data/pair/Pair;)Lcom/dan323/functional/data/either/Either;" line="44"><counter type="INSTRUCTION" missed="8" covered="0"/><counter type="LINE" missed="1" covered="0"/><counter type="COMPLEXITY" missed="1" covered="0"/><counter type="METHOD" missed="1" covered="0"/></method><method name="lambda$fapply$0" desc="(Lcom/dan323/functional/data/state/StateWithError;Lcom/dan323/functional/data/state/StateWithError;Ljava/lang/Object;)Lcom/dan323/functional/data/either/Either;" line="34"><counter type="INSTRUCTION" missed="10" covered="0"/><counter type="LINE" missed="2" covered="0"/><counter type="COMPLEXITY" missed="1" covered="0"/><counter type="METHOD" missed="1" covered="0"/></method><method name="lambda$fapply$1" desc="(Lcom/dan323/functional/data/state/StateWithError;Lcom/dan323/functional/data/pair/Pair;)Lcom/dan323/functional/data/either/Either;" line="37"><counter type="INSTRUCTION" missed="11" covered="0"/><counter type="LINE" missed="1" covered="0"/><counter type="COMPLEXITY" missed="1" covered="0"/><counter type="METHOD" missed="1" covered="0"/></method><method name="lambda$fapply$2" desc="(Lcom/dan323/functional/data/pair/Pair;Lcom/dan323/functional/data/pair/Pair;)Lcom/dan323/functional/data/either/Either;" line="37"><counter type="INSTRUCTION" missed="13" covered="0"/><counter type="LINE" missed="1" covered="0"/><counter type="COMPLEXITY" missed="1" covered="0"/><counter type="METHOD" missed="1" covered="0"/></method><method name="lambda$pure$0" desc="(Ljava/lang/Object;Ljava/lang/Object;)Lcom/dan323/functional/data/either/Either;" line="29"><counter type="INSTRUCTION" missed="7" covered="0"/><counter type="LINE" missed="1" covered="0"/><counter type="COMPLEXITY" missed="1" covered="0"/><counter type="METHOD" missed="1" covered="0"/></method><method name="lambda$map$0" desc="(Lcom/dan323/functional/data/state/StateWithError;Ljava/util/function/Function;Ljava/lang/Object;)Lcom/dan323/functional/data/either/Either;" line="24"><counter type="INSTRUCTION" missed="10" covered="0"/><counter type="LINE" missed="2" covered="0"/><counter type="COMPLEXITY" missed="1" covered="0"/><counter type="METHOD" missed="1" covered="0"/></method><method name="lambda$map$1" desc="(Ljava/util/function/Function;Lcom/dan323/functional/data/pair/Pair;)Lcom/dan323/functional/data/either/Either;" line="25"><counter type="INSTRUCTION" missed="5" covered="0"/><counter type="LINE" missed="1" covered="0"/><counter type="COMPLEXITY" missed="1" covered="0"/><counter type="METHOD" missed="1" covered="0"/></method><method name="&lt;clinit&gt;" desc="()V" line="16"><counter type="INSTRUCTION" missed="5" covered="0"/><counter type="LINE" missed="1" covered="0"/><counter type="COMPLEXITY" missed="1" covered="0"/><counter type="METHOD" missed="1" covered="0"/></method><counter type="INSTRUCTION" missed="117" covered="0"/><counter type="LINE" missed="17" covered="0"/><counter type="COMPLEXITY" missed="18" covered="0"/><counter type="METHOD" missed="18" covered="0"/><counter type="CLASS" missed="1" covered="0"/></class><class name="com/dan323/functional/data/state/StackActions" sourcefilename="StackActions.java"><method name="push" desc="(Ljava/lang/Object;)Lcom/dan323/functional/data/state/StackActions;" line="59"><counter type="INSTRUCTION" missed="3" covered="0"/><counter type="LINE" missed="1" covered="0"/><counter type="COMPLEXITY" missed="1" covered="0"/><counter type="METHOD" missed="1" covered="0"/></method><method name="pop" desc="()Lcom/dan323/functional/data/state/StackActions;" line="69"><counter type="INSTRUCTION" missed="2" covered="0"/><counter type="LINE" missed="1" covered="0"/><counter type="COMPLEXITY" missed="1" covered="0"/><counter type="METHOD" missed="1" covered="0"/></method><method name="reset" desc="()Lcom/dan323/functional/data/state/StackActions;" line="83"><counter type="INSTRUCTION" missed="2" covered="0"/><counter type="LINE" missed="1" covered="0"/><counter type="COMPLEXITY" missed="1" covered="0"/><counter type="METHOD" missed="1" covered="0"/></method><method name="modify" desc="(Ljava/util/function/UnaryOperator;)Lcom/dan323/functional/data/state/StackActions;" line="94"><counter type="INSTRUCTION" missed="5" covered="0"/><counter type="LINE" missed="1" covered="0"/><counter type="COMPLEXITY" missed="1" covered="0"/><counter type="METHOD" missed="1" covered="0"/></method><method name="error" desc="(Lcom/dan323/functional/data/state/StackActions$StackError;)Lcom/dan323/functional/data/state/StackActions;" line="105"><counter type="INSTRUCTION" missed="3" covered="0"/><counter type="LINE" missed="1" covered="0"/><counter type="COMPLEXITY" missed="1" covered="0"/><counter type="METHOD" missed="1" covered="0"/></method><method name="drop" desc="()Lcom/dan323/functional/data/state/StackActions;" line="115"><counter type="INSTRUCTION" missed="4" covered="0"/><counter type="LINE" missed="1" covered="0"/><counter type="COMPLEXITY" missed="1" covered="0"/><counter type="METHOD" missed="1" covered="0"/></method><method name="doNothing" desc="()Lcom/dan323/functional/data/state/StackActions;" line="125"><counter type="INSTRUCTION" missed="2" covered="0"/><counter type="LINE" missed="1" covered="0"/><counter type="COMPLEXITY" missed="1" covered="0"/><counter type="METHOD" missed="1" covered="0"/></method><method name="dup" desc="()Lcom/dan323/functional/data/state/StackActions;" line="135"><counter type="INSTRUCTION" missed="4" covered="0"/><counter type="LINE" missed="1" covered="0"/><counter type="COMPLEXITY" missed="1" covered="0"/><counter type="METHOD" missed="1" covered="0"/></method><method name="swap" desc="()Lcom/dan323/functional/data/state/StackActions;" line="145"><counter type="INSTRUCTION" missed="4" covered="0"/><counter type="LINE" missed="1" covered="0"/><counter type="COMPLEXITY" missed="1" covered="0"/><counter type="METHOD" missed="1" covered="0"/></method><method name="over" desc="()Lcom/dan323/functional/data/state/StackActions;" line="155"><counter type="INSTRUCTION" missed="4" covered="0"/><counter type="LINE" missed="1" covered="0"/><counter type="COMPLEXITY" missed="1" covered="0"/><counter type="METHOD" missed="1" covered="0"/></method><method name="thenByPopped" desc="(Ljava/util/function/Function;)Lcom/dan323/functional/data/state/StackActions;" line="168"><counter type="INSTRUCTION" missed="10" covered="0"/><counter type="LINE" missed="2" covered="0"/><counter type="COMPLEXITY" missed="1" covered="0"/><counter type="METHOD" missed="1" covered="0"/></method><method name="then" desc="(Lcom/dan323/functional/data/state/StackActions;)Lcom/dan323/functional/data/state/StackActions;" line="180"><counter type="INSTRUCTION" missed="6" covered="0"/><counter type="LINE" missed="1" covered="0"/><counter type="COMPLEXITY" missed="1" covered="0"/><counter type="METHOD" missed="1" covered="0"/></method><method name="print" desc="()Ljava/lang/String;" line="192"><counter type="INSTRUCTION" missed="6" covered="0"/><counter type="LINE" missed="1" covered="0"/><counter type="COMPLEXITY" missed="1" covered="0"/><counter type="METHOD" missed="1" covered="0"/></method><method name="lambda$thenByPopped$0" desc="(Ljava/util/function/Function;Lcom/dan323/functional/data/list/FiniteList;)Lcom/dan323/functional/data/either/Either;" line="169"><counter type="INSTRUCTION" missed="8" covered="0"/><counter type="LINE" missed="1" covered="0"/><counter type="COMPLEXITY" missed="1" covered="0"/><counter type="METHOD" missed="1" covered="0"/></method><method name="lambda$over$0" desc="(Lcom/dan323/functional/data/optional/Maybe;)Lcom/dan323/functional/data/state/StackActions;" line="155"><counter type="INSTRUCTION" missed="7" covered="0"/><counter type="LINE" missed="1" covered="0"/><counter type="COMPLEXITY" missed="1" covered="0"/><counter type="METHOD" missed="1" covered="0"/></method><method name="lambda$over$1" desc="(Ljava/lang/Object;)Lcom/dan323/functional/data/state/StackActions;" line="155"><counter type="INSTRUCTION" missed="5" covered="0"/><counter type="LINE" missed="1" covered="0"/><counter type="COMPLEXITY" missed="1" covered="0"/><counter type="METHOD" missed="1" covered="0"/></method><method name="lambda$over$2" desc="(Ljava/lang/Object;Lcom/dan323/functional/data/optional/Maybe;)Lcom/dan323/functional/data/state/StackActions;" line="155"><counter type="INSTRUCTION" missed="8" covered="0"/><counter type="LINE" missed="1" covered="0"/><counter type="COMPLEXITY" missed="1" covered="0"/><counter type="METHOD" missed="1" covered="0"/></method><method name="lambda$over$3" desc="(Ljava/lang/Object;Ljava/lang/Object;)Lcom/dan323/functional/data/state/StackActions;" line="155"><counter type="INSTRUCTION" missed="9" covered="0"/><counter type="LINE" missed="1" covered="0"/><counter type="COMPLEXITY" missed="1" covered="0"/><counter type="METHOD" missed="1" covered="0"/></method><method name="lambda$swap$0" desc="(Lcom/dan323/functional/data/optional/Maybe;)Lcom/dan323/functional/data/state/StackActions;" line="145"><counter type="INSTRUCTION" missed="7" covered="0"/><counter type="LINE" missed="1" covered="0"/><counter type="COMPLEXITY" missed="1" covered="0"/><counter type="METHOD" missed="1" covered="0"/></method><method name="lambda$swap$1" desc="(Ljava/lang/Object;)Lcom/dan323/functional/data/state/StackActions;" line="145"><counter type="INSTRUCTION" missed="5" covered="0"/><counter type="LINE" missed="1" covered="0"/><counter type="COMPLEXITY" missed="1" covered="0"/><counter type="METHOD" missed="1" covered="0"/></method><method name="lambda$swap$2" desc="(Ljava/lang/Object;Lcom/dan323/functional/data/optional/Maybe;)Lcom/dan323/functional/data/state/StackActions;" line="145"><counter type="INSTRUCTION" missed="8" covered="0"/><counter type="LINE" missed="1" covered="0"/><counter type="COMPLEXITY" missed="1" covered="0"/><counter type="METHOD" missed="1" covered="0"/></method><method name="lambda$swap$3" desc="(Ljava/lang/Object;Ljava/lang/Object;)Lcom/dan323/functional/data/state/StackActions;" line="145"><counter type="INSTRUCTION" missed="6" covered="0"/><counter type="LINE" missed="1" covered="0"/><counter type="COMPLEXITY" missed="1" covered="0"/><counter type="METHOD" missed="1" covered="0"/></method><method name="lambda$dup$0" desc="(Lcom/dan323/functional/data/optional/Maybe;)Lcom/dan323/functional/data/state/StackActions;" line="135"><counter type="INSTRUCTION" missed="7" covered="0"/><counter type="LINE" missed="1" covered="0"/><counter type="COMPLEXITY" missed="1" covered="0"/><counter type="METHOD" missed="1" covered="0"/></method><method name="lambda$dup$1" desc="(Ljava/lang/Object;)Lcom/dan323/functional/data/state/StackActions;" line="135"><counter type="INSTRUCTION" missed="6" covered="0"/><counter type="LINE" missed="1" covered="0"/><counter type="COMPLEXITY" missed="1" covered="0"/><counter type="METHOD" missed="1" covered="0"/></method><method name="lambda$doNothing$0" desc="(Lcom/dan323/functional/data/list/FiniteList;)Lcom/dan323/functional/data/either/Either;" line="125"><counter type="INSTRUCTION" missed="7" covered="0"/><counter type="LINE" missed="1" covered="0"/><counter type="COMPLEXITY" missed="1" covered="0"/><counter type="METHOD" missed="1" covered="0"/></method><method name="lambda$error$0" desc="(Lcom/dan323/functional/data/state/StackActions$StackError;Lcom/dan323/functional/data/list/FiniteList;)Lcom/dan323/functional/data/either/Either;" line="105"><counter type="INSTRUCTION" missed="3" covered="0"/><counter type="LINE" missed="1" covered="0"/><counter type="COMPLEXITY" missed="1" covered="0"/><counter type="METHOD" missed="1" covered="0"/></method><method name="lambda$modify$0" desc="(Ljava/util/function/UnaryOperator;Lcom/dan323/functional/data/optional/Maybe;)Lcom/dan323/functional/data/state/StackActions;" line="94"><counter type="INSTRUCTION" missed="9" covered="0"/><counter type="LINE" missed="1" covered="0"/><counter type="COMPLEXITY" missed="1" covered="0"/><counter type="METHOD" missed="1" covered="0"/></method><method name="lambda$reset$0" desc="(Lcom/dan323/functional/data/list/FiniteList;)Lcom/dan323/functional/data/either/Either;" line="83"><counter type="INSTRUCTION" missed="7" covered="0"/><counter type="LINE" missed="1" covered="0"/><counter type="COMPLEXITY" missed="1" covered="0"/><counter type="METHOD" missed="1" covered="0"/></method><method name="lambda$pop$0" desc="(Lcom/dan323/functional/data/list/FiniteList;)Lcom/dan323/functional/data/either/Either;" line="69"><counter type="INSTRUCTION" missed="9" covered="0"/><counter type="LINE" missed="1" covered="0"/><counter type="COMPLEXITY" missed="1" covered="0"/><counter type="METHOD" missed="1" covered="0"/></method><method name="lambda$pop$1" desc="(Lcom/dan323/functional/data/list/FiniteList;Ljava/lang/Object;)Lcom/dan323/functional/data/either/Either;" line="69"><counter type="INSTRUCTION" missed="9" covered="0"/><counter type="LINE" missed="1" covered="0"/><counter type="COMPLEXITY" missed="1" covered="0"/><counter type="METHOD" missed="1" covered="0"/></method><method name="lambda$push$0" desc="(Ljava/lang/Object;Lcom/dan323/functional/data/list/FiniteList;)Lcom/dan323/functional/data/either/Either;" line="59"><counter type="INSTRUCTION" missed="9" covered="0"/><counter type="LINE" missed="1" covered="0"/><counter type="COMPLEXITY" missed="1" covered="0"/><counter type="METHOD" missed="1" covered="0"/></method><counter type="INSTRUCTION" missed="184" covered="0"/><counter type="LINE" missed="14" covered="0"/><counter type="COMPLEXITY" missed="31" covered="0"/><counter type="METHOD" missed="31" covered="0"/><counter type="CLASS" missed="1" covered="0"/></class><class name="com/dan323/functional/data/state/StateWithError" sourcefilename="StateWithError.java"><method name="fromState" desc="(Lcom/dan323/functional/data/state/State;)Lcom/dan323/functional/data/state/StateWithError;" line="14"><counter type="INSTRUCTION" missed="3" covered="0"/><counter type="LINE" missed="1" covered="0"/><counter type="COMPLEXITY" missed="1" covered="0"/><counter type="METHOD" missed="1" covered="0"/></method><method name="fromStateWithVoidError" desc="(Lcom/dan323/functional/data/state/StateWithError;)Lcom/dan323/functional/data/state/State;" line="18"><counter type="INSTRUCTION" missed="4" covered="0"/><counter type="LINE" missed="1" covered="0"/><counter type="COMPLEXITY" missed="1" covered="0"/><counter type="METHOD" missed="1" covered="0"/></method><method name="error" desc="(Ljava/lang/Object;)Lcom/dan323/functional/data/state/StateWithError;" line="22"><counter type="INSTRUCTION" missed="3" covered="0"/><counter type="LINE" missed="1" covered="0"/><counter type="COMPLEXITY" missed="1" covered="0"/><counter type="METHOD" missed="1" covered="0"/></method><method name="execute" desc="(Ljava/lang/Object;)Lcom/dan323/functional/data/either/Either;" line="26"><counter type="INSTRUCTION" missed="9" covered="0"/><counter type="LINE" missed="1" covered="0"/><counter type="COMPLEXITY" missed="1" covered="0"/><counter type="METHOD" missed="1" covered="0"/></method><method name="evaluate" desc="(Ljava/lang/Object;)Lcom/dan323/functional/data/either/Either;" line="30"><counter type="INSTRUCTION" missed="9" covered="0"/><counter type="LINE" missed="1" covered="0"/><counter type="COMPLEXITY" missed="1" covered="0"/><counter type="METHOD" missed="1" covered="0"/></method><method name="get" desc="()Lcom/dan323/functional/data/state/StateWithError;" line="34"><counter type="INSTRUCTION" missed="2" covered="0"/><counter type="LINE" missed="1" covered="0"/><counter type="COMPLEXITY" missed="1" covered="0"/><counter type="METHOD" missed="1" covered="0"/></method><method name="put" desc="(Ljava/lang/Object;)Lcom/dan323/functional/data/state/StateWithError;" line="38"><counter type="INSTRUCTION" missed="3" covered="0"/><counter type="LINE" missed="1" covered="0"/><counter type="COMPLEXITY" missed="1" covered="0"/><counter type="METHOD" missed="1" covered="0"/></method><method name="lambda$put$0" desc="(Ljava/lang/Object;Ljava/lang/Object;)Lcom/dan323/functional/data/either/Either;" line="38"><counter type="INSTRUCTION" missed="7" covered="0"/><counter type="LINE" missed="1" covered="0"/><counter type="COMPLEXITY" missed="1" covered="0"/><counter type="METHOD" missed="1" covered="0"/></method><method name="lambda$get$0" desc="(Ljava/lang/Object;)Lcom/dan323/functional/data/either/Either;" line="34"><counter type="INSTRUCTION" missed="7" covered="0"/><counter type="LINE" missed="1" covered="0"/><counter type="COMPLEXITY" missed="1" covered="0"/><counter type="METHOD" missed="1" covered="0"/></method><method name="lambda$evaluate$0" desc="(Lcom/dan323/functional/data/pair/Pair;)Lcom/dan323/functional/data/either/Either;" line="30"><counter type="INSTRUCTION" missed="4" covered="0"/><counter type="LINE" missed="1" covered="0"/><counter type="COMPLEXITY" missed="1" covered="0"/><counter type="METHOD" missed="1" covered="0"/></method><method name="lambda$execute$0" desc="(Lcom/dan323/functional/data/pair/Pair;)Lcom/dan323/functional/data/either/Either;" line="26"><counter type="INSTRUCTION" missed="4" covered="0"/><counter type="LINE" missed="1" covered="0"/><counter type="COMPLEXITY" missed="1" covered="0"/><counter type="METHOD" missed="1" covered="0"/></method><method name="lambda$error$0" desc="(Ljava/lang/Object;Ljava/lang/Object;)Lcom/dan323/functional/data/either/Either;" line="22"><counter type="INSTRUCTION" missed="3" covered="0"/><counter type="LINE" missed="1" covered="0"/><counter type="COMPLEXITY" missed="1" covered="0"/><counter type="METHOD" missed="1" covered="0"/></method><method name="lambda$fromStateWithVoidError$0" desc="(Lcom/dan323/functional/data/state/StateWithError;Ljava/lang/Object;)Lcom/dan323/functional/data/pair/Pair;" line="18"><counter type="INSTRUCTION" missed="9" covered="0"/><counter type="LINE" missed="1" covered="0"/><counter type="COMPLEXITY" missed="1" covered="0"/><counter type="METHOD" missed="1" covered="0"/></method><method name="lambda$fromState$0" desc="(Lcom/dan323/functional/data/state/State;Ljava/lang/Object;)Lcom/dan323/functional/data/either/Either;" line="14"><counter type="INSTRUCTION" missed="9" covered="0"/><counter type="LINE" missed="1" covered="0"/><counter type="COMPLEXITY" missed="1" covered="0"/><counter type="METHOD" missed="1" covered="0"/></method><counter type="INSTRUCTION" missed="76" covered="0"/><counter type="LINE" missed="7" covered="0"/><counter type="COMPLEXITY" missed="14" covered="0"/><counter type="METHOD" missed="14" covered="0"/><counter type="CLASS" missed="1" covered="0"/></class><sourcefile name="State.java"><line nr="19" mi="9" ci="0" mb="0" cb="0"/><counter type="INSTRUCTION" missed="9" covered="0"/><counter type="LINE" missed="1" covered="0"/><counter type="COMPLEXITY" missed="2" covered="0"/><counter type="METHOD" missed="2" covered="0"/><counter type="CLASS" missed="1" covered="0"/></sourcefile><sourcefile name="StateWithError.java"><line nr="14" mi="12" ci="0" mb="0" cb="0"/><line nr="18" mi="13" ci="0" mb="0" cb="0"/><line nr="22" mi="6" ci="0" mb="0" cb="0"/><line nr="26" mi="13" ci="0" mb="0" cb="0"/><line nr="30" mi="13" ci="0" mb="0" cb="0"/><line nr="34" mi="9" ci="0" mb="0" cb="0"/><line nr="38" mi="10" ci="0" mb="0" cb="0"/><counter type="INSTRUCTION" missed="76" covered="0"/><counter type="LINE" missed="7" covered="0"/><counter type="COMPLEXITY" missed="14" covered="0"/><counter type="METHOD" missed="14" covered="0"/><counter type="CLASS" missed="1" covered="0"/></sourcefile><sourcefile name="StackActions.java"><line nr="26" mi="2" ci="0" mb="0" cb="0"/><line nr="27" mi="3" ci="0" mb="0" cb="0"/><line nr="28" mi="1" ci="0" mb="0" cb="0"/><line nr="31" mi="5" ci="0" mb="0" cb="0"/><line nr="35" mi="5" ci="0" mb="0" cb="0"/><line nr="40" mi="4" ci="0" mb="0" cb="0"/><line nr="45" mi="16" ci="0" mb="4" cb="0"/><line nr="59" mi="12" ci="0" mb="0" cb="0"/><line nr="69" mi="20" ci="0" mb="0" cb="0"/><line nr="83" mi="9" ci="0" mb="0" cb="0"/><line nr="94" mi="14" ci="0" mb="0" cb="0"/><line nr="105" mi="6" ci="0" mb="0" cb="0"/><line nr="115" mi="4" ci="0" mb="0" cb="0"/><line nr="125" mi="9" ci="0" mb="0" cb="0"/><line nr="135" mi="17" ci="0" mb="0" cb="0"/><line nr="145" mi="30" ci="0" mb="0" cb="0"/><line nr="155" mi="33" ci="0" mb="0" cb="0"/><line nr="168" mi="6" ci="0" mb="0" cb="0"/><line nr="169" mi="12" ci="0" mb="0" cb="0"/><line nr="180" mi="6" ci="0" mb="0" cb="0"/><line nr="192" mi="6" ci="0" mb="0" cb="0"/><counter type="INSTRUCTION" missed="220" covered="0"/><counter type="BRANCH" missed="4" covered="0"/><counter type="LINE" missed="21" covered="0"/><counter type="COMPLEXITY" missed="38" covered="0"/><counter type="METHOD" missed="36" covered="0"/><counter type="CLASS" missed="2" covered="0"/></sourcefile><sourcefile name="StateMonad.java"><line nr="16" mi="5" ci="0" mb="0" cb="0"/><line nr="19" mi="2" ci="0" mb="0" cb="0"/><line nr="23" mi="4" ci="0" mb="0" cb="0"/><line nr="24" mi="5" ci="0" mb="0" cb="0"/><line nr="25" mi="10" ci="0" mb="0" cb="0"/><line nr="29" mi="10" ci="0" mb="0" cb="0"/><line nr="33" mi="4" ci="0" mb="0" cb="0"/><line nr="34" mi="5" ci="0" mb="0" cb="0"/><line nr="35" mi="5" ci="0" mb="0" cb="0"/><line nr="37" mi="24" ci="0" mb="0" cb="0"/><line nr="42" mi="3" ci="0" mb="0" cb="0"/><line nr="43" mi="4" ci="0" mb="0" cb="0"/><line nr="44" mi="13" ci="0" mb="0" cb="0"/><line nr="48" mi="4" ci="0" mb="0" cb="0"/><line nr="49" mi="5" ci="0" mb="0" cb="0"/><line nr="50" mi="12" ci="0" mb="0" cb="0"/><line nr="55" mi="2" ci="0" mb="0" cb="0"/><counter type="INSTRUCTION" missed="117" covered="0"/><counter type="LINE" missed="17" covered="0"/><counter type="COMPLEXITY" missed="18" covered="0"/><counter type="METHOD" missed="18" covered="0"/><counter type="CLASS" missed="1" covered="0"/></sourcefile><counter type="INSTRUCTION" missed="422" covered="0"/><counter type="BRANCH" missed="4" covered="0"/><counter type="LINE" missed="46" covered="0"/><counter type="COMPLEXITY" missed="72" covered="0"/><counter type="METHOD" missed="70" covered="0"/><counter type="CLASS" missed="5" covered="0"/></package><package name="com/dan323/functional/data"><class name="com/dan323/functional/data/Void" sourcefilename="Void.java"><method name="&lt;init&gt;" desc="()V" line="5"><counter type="INSTRUCTION" missed="7" covered="0"/><counter type="LINE" missed="2" covered="0"/><counter type="COMPLEXITY" missed="1" covered="0"/><counter type="METHOD" missed="1" covered="0"/></method><counter type="INSTRUCTION" missed="7" covered="0"/><counter type="LINE" missed="2" covered="0"/><counter type="COMPLEXITY" missed="1" covered="0"/><counter type="METHOD" missed="1" covered="0"/><counter type="CLASS" missed="1" covered="0"/></class><class name="com/dan323/functional/data/Unit" sourcefilename="Unit.java"><method name="fromMVoid" desc="(Lcom/dan323/functional/data/optional/Maybe;)Lcom/dan323/functional/data/Unit;" line="13"><counter type="INSTRUCTION" missed="2" covered="0"/><counter type="LINE" missed="1" covered="0"/><counter type="COMPLEXITY" missed="1" covered="0"/><counter type="METHOD" missed="1" covered="0"/></method><method name="toMVoid" desc="(Lcom/dan323/functional/data/Unit;)Lcom/dan323/functional/data/optional/Maybe;" line="17"><counter type="INSTRUCTION" missed="2" covered="0"/><counter type="LINE" missed="1" covered="0"/><counter type="COMPLEXITY" missed="1" covered="0"/><counter type="METHOD" missed="1" covered="0"/></method><method name="getElement" desc="()Lcom/dan323/functional/data/Unit;" line="21"><counter type="INSTRUCTION" missed="2" covered="0"/><counter type="LINE" missed="1" covered="0"/><counter type="COMPLEXITY" missed="1" covered="0"/><counter type="METHOD" missed="1" covered="0"/></method><method name="toString" desc="()Ljava/lang/String;" line="26"><counter type="INSTRUCTION" missed="2" covered="0"/><counter type="LINE" missed="1" covered="0"/><counter type="COMPLEXITY" missed="1" covered="0"/><counter type="METHOD" missed="1" covered="0"/></method><method name="hashCode" desc="()I" line="31"><counter type="INSTRUCTION" missed="2" covered="0"/><counter type="LINE" missed="1" covered="0"/><counter type="COMPLEXITY" missed="1" covered="0"/><counter type="METHOD" missed="1" covered="0"/></method><method name="equals" desc="(Ljava/lang/Object;)Z" line="36"><counter type="INSTRUCTION" missed="7" covered="0"/><counter type="BRANCH" missed="2" covered="0"/><counter type="LINE" missed="1" covered="0"/><counter type="COMPLEXITY" missed="2" covered="0"/><counter type="METHOD" missed="1" covered="0"/></method><method name="&lt;clinit&gt;" desc="()V" line="10"><counter type="INSTRUCTION" missed="5" covered="0"/><counter type="LINE" missed="1" covered="0"/><counter type="COMPLEXITY" missed="1" covered="0"/><counter type="METHOD" missed="1" covered="0"/></method><counter type="INSTRUCTION" missed="22" covered="0"/><counter type="BRANCH" missed="2" covered="0"/><counter type="LINE" missed="7" covered="0"/><counter type="COMPLEXITY" missed="8" covered="0"/><counter type="METHOD" missed="7" covered="0"/><counter type="CLASS" missed="1" covered="0"/></class><class name="com/dan323/functional/data/IdentityMonad" sourcefilename="IdentityMonad.java"><method name="&lt;init&gt;" desc="()V" line="12"><counter type="INSTRUCTION" missed="3" covered="0"/><counter type="LINE" missed="1" covered="0"/><counter type="COMPLEXITY" missed="1" covered="0"/><counter type="METHOD" missed="1" covered="0"/></method><method name="pure" desc="(Ljava/lang/Object;)Lcom/dan323/functional/data/Identity;" line="14"><counter type="INSTRUCTION" missed="5" covered="0"/><counter type="LINE" missed="1" covered="0"/><counter type="COMPLEXITY" missed="1" covered="0"/><counter type="METHOD" missed="1" covered="0"/></method><method name="map" desc="(Lcom/dan323/functional/data/Identity;Ljava/util/function/Function;)Lcom/dan323/functional/data/Identity;" line="18"><counter type="INSTRUCTION" missed="6" covered="0"/><counter type="LINE" missed="1" covered="0"/><counter type="COMPLEXITY" missed="1" covered="0"/><counter type="METHOD" missed="1" covered="0"/></method><method name="fapply" desc="(Lcom/dan323/functional/data/Identity;Lcom/dan323/functional/data/Identity;)Lcom/dan323/functional/data/Identity;" line="22"><counter type="INSTRUCTION" missed="6" covered="0"/><counter type="LINE" missed="1" covered="0"/><counter type="COMPLEXITY" missed="1" covered="0"/><counter type="METHOD" missed="1" covered="0"/></method><method name="join" desc="(Lcom/dan323/functional/data/Identity;)Lcom/dan323/functional/data/Identity;" line="26"><counter type="INSTRUCTION" missed="4" covered="0"/><counter type="LINE" missed="1" covered="0"/><counter type="COMPLEXITY" missed="1" covered="0"/><counter type="METHOD" missed="1" covered="0"/></method><method name="flatMap" desc="(Ljava/util/function/Function;Lcom/dan323/functional/data/Identity;)Lcom/dan323/functional/data/Identity;" line="30"><counter type="INSTRUCTION" missed="6" covered="0"/><counter type="LINE" missed="1" covered="0"/><counter type="COMPLEXITY" missed="1" covered="0"/><counter type="METHOD" missed="1" covered="0"/></method><method name="liftA2" desc="(Ljava/util/function/BiFunction;Lcom/dan323/functional/data/Identity;Lcom/dan323/functional/data/Identity;)Lcom/dan323/functional/data/Identity;" line="34"><counter type="INSTRUCTION" missed="8" covered="0"/><counter type="LINE" missed="1" covered="0"/><counter type="COMPLEXITY" missed="1" covered="0"/><counter type="METHOD" missed="1" covered="0"/></method><method name="getClassAtRuntime" desc="()Ljava/lang/Class;" line="39"><counter type="INSTRUCTION" missed="2" covered="0"/><counter type="LINE" missed="1" covered="0"/><counter type="COMPLEXITY" missed="1" covered="0"/><counter type="METHOD" missed="1" covered="0"/></method><counter type="INSTRUCTION" missed="40" covered="0"/><counter type="LINE" missed="8" covered="0"/><counter type="COMPLEXITY" missed="8" covered="0"/><counter type="METHOD" missed="8" covered="0"/><counter type="CLASS" missed="1" covered="0"/></class><class name="com/dan323/functional/data/Identity" sourcefilename="Identity.java"><method name="&lt;init&gt;" desc="(Ljava/lang/Object;)V" line="7"><counter type="INSTRUCTION" missed="6" covered="0"/><counter type="LINE" missed="3" covered="0"/><counter type="COMPLEXITY" missed="1" covered="0"/><counter type="METHOD" missed="1" covered="0"/></method><method name="runIdentity" desc="(Lcom/dan323/functional/data/Identity;)Ljava/lang/Object;" line="12"><counter type="INSTRUCTION" missed="3" covered="0"/><counter type="LINE" missed="1" covered="0"/><counter type="COMPLEXITY" missed="1" covered="0"/><counter type="METHOD" missed="1" covered="0"/></method><counter type="INSTRUCTION" missed="9" covered="0"/><counter type="LINE" missed="4" covered="0"/><counter type="COMPLEXITY" missed="2" covered="0"/><counter type="METHOD" missed="2" covered="0"/><counter type="CLASS" missed="1" covered="0"/></class><sourcefile name="Void.java"><line nr="5" mi="2" ci="0" mb="0" cb="0"/><line nr="6" mi="5" ci="0" mb="0" cb="0"/><counter type="INSTRUCTION" missed="7" covered="0"/><counter type="LINE" missed="2" covered="0"/><counter type="COMPLEXITY" missed="1" covered="0"/><counter type="METHOD" missed="1" covered="0"/><counter type="CLASS" missed="1" covered="0"/></sourcefile><sourcefile name="Identity.java"><line nr="7" mi="2" ci="0" mb="0" cb="0"/><line nr="8" mi="3" ci="0" mb="0" cb="0"/><line nr="9" mi="1" ci="0" mb="0" cb="0"/><line nr="12" mi="3" ci="0" mb="0" cb="0"/><counter type="INSTRUCTION" missed="9" covered="0"/><counter type="LINE" missed="4" covered="0"/><counter type="COMPLEXITY" missed="2" covered="0"/><counter type="METHOD" missed="2" covered="0"/><counter type="CLASS" missed="1" covered="0"/></sourcefile><sourcefile name="IdentityMonad.java"><line nr="12" mi="3" ci="0" mb="0" cb="0"/><line nr="14" mi="5" ci="0" mb="0" cb="0"/><line nr="18" mi="6" ci="0" mb="0" cb="0"/><line nr="22" mi="6" ci="0" mb="0" cb="0"/><line nr="26" mi="4" ci="0" mb="0" cb="0"/><line nr="30" mi="6" ci="0" mb="0" cb="0"/><line nr="34" mi="8" ci="0" mb="0" cb="0"/><line nr="39" mi="2" ci="0" mb="0" cb="0"/><counter type="INSTRUCTION" missed="40" covered="0"/><counter type="LINE" missed="8" covered="0"/><counter type="COMPLEXITY" missed="8" covered="0"/><counter type="METHOD" missed="8" covered="0"/><counter type="CLASS" missed="1" covered="0"/></sourcefile><sourcefile name="Unit.java"><line nr="10" mi="5" ci="0" mb="0" cb="0"/><line nr="13" mi="2" ci="0" mb="0" cb="0"/><line nr="17" mi="2" ci="0" mb="0" cb="0"/><line nr="21" mi="2" ci="0" mb="0" cb="0"/><line nr="26" mi="2" ci="0" mb="0" cb="0"/><line nr="31" mi="2" ci="0" mb="0" cb="0"/><line nr="36" mi="7" ci="0" mb="2" cb="0"/><counter type="INSTRUCTION" missed="22" covered="0"/><counter type="BRANCH" missed="2" covered="0"/><counter type="LINE" missed="7" covered="0"/><counter type="COMPLEXITY" missed="8" covered="0"/><counter type="METHOD" missed="7" covered="0"/><counter type="CLASS" missed="1" covered="0"/></sourcefile><counter type="INSTRUCTION" missed="78" covered="0"/><counter type="BRANCH" missed="2" covered="0"/><counter type="LINE" missed="21" covered="0"/><counter type="COMPLEXITY" missed="19" covered="0"/><counter type="METHOD" missed="18" covered="0"/><counter type="CLASS" missed="4" covered="0"/></package><package name="com/dan323/functional/data/util/foldable"><class name="com/dan323/functional/data/util/foldable/FoldableFuns" sourcefilename="FoldableFuns.java"><method name="&lt;init&gt;" desc="()V" line="19"><counter type="INSTRUCTION" missed="6" covered="0"/><counter type="LINE" missed="2" covered="0"/><counter type="COMPLEXITY" missed="1" covered="0"/><counter type="METHOD" missed="1" covered="0"/></method><method name="isEmpty" desc="(Lcom/dan323/functional/annotation/funcs/IFoldable;Ljava/lang/Object;)Z" line="32"><counter type="INSTRUCTION" missed="8" covered="0"/><counter type="LINE" missed="1" covered="0"/><counter type="COMPLEXITY" missed="1" covered="0"/><counter type="METHOD" missed="1" covered="0"/></method><method name="length" desc="(Lcom/dan323/functional/annotation/funcs/IFoldable;Ljava/lang/Object;)I" line="44"><counter type="INSTRUCTION" missed="8" covered="0"/><counter type="LINE" missed="1" covered="0"/><counter type="COMPLEXITY" missed="1" covered="0"/><counter type="METHOD" missed="1" covered="0"/></method><method name="contains" desc="(Lcom/dan323/functional/annotation/funcs/IFoldable;Ljava/lang/Object;Ljava/lang/Object;)Z" line="58"><counter type="INSTRUCTION" missed="9" covered="0"/><counter type="LINE" missed="1" covered="0"/><counter type="COMPLEXITY" missed="1" covered="0"/><counter type="METHOD" missed="1" covered="0"/></method><method name="filter" desc="(Lcom/dan323/functional/annotation/funcs/IFoldable;Lcom/dan323/functional/annotation/funcs/IApplicative;Lcom/dan323/functional/annotation/algs/IMonoid;Ljava/lang/Object;Ljava/util/function/Predicate;)Ljava/lang/Object;" line="74"><counter type="INSTRUCTION" missed="9" covered="0"/><counter type="LINE" missed="1" covered="0"/><counter type="COMPLEXITY" missed="1" covered="0"/><counter type="METHOD" missed="1" covered="0"/></method><method name="lambda$filter$0" desc="(Ljava/util/function/Predicate;Lcom/dan323/functional/annotation/funcs/IApplicative;Lcom/dan323/functional/annotation/algs/IMonoid;Ljava/lang/Object;)Ljava/lang/Object;" line="74"><counter type="INSTRUCTION" missed="11" covered="0"/><counter type="BRANCH" missed="2" covered="0"/><counter type="LINE" missed="1" covered="0"/><counter type="COMPLEXITY" missed="2" covered="0"/><counter type="METHOD" missed="1" covered="0"/></method><method name="lambda$contains$0" desc="(Ljava/lang/Object;Ljava/lang/Object;)Ljava/lang/Boolean;" line="58"><counter type="INSTRUCTION" missed="5" covered="0"/><counter type="LINE" missed="1" covered="0"/><counter type="COMPLEXITY" missed="1" covered="0"/><counter type="METHOD" missed="1" covered="0"/></method><method name="lambda$length$0" desc="(Ljava/lang/Object;)Ljava/lang/Integer;" line="44"><counter type="INSTRUCTION" missed="3" covered="0"/><counter type="LINE" missed="1" covered="0"/><counter type="COMPLEXITY" missed="1" covered="0"/><counter type="METHOD" missed="1" covered="0"/></method><method name="lambda$isEmpty$0" desc="(Ljava/lang/Object;)Ljava/lang/Boolean;" line="32"><counter type="INSTRUCTION" missed="2" covered="0"/><counter type="LINE" missed="1" covered="0"/><counter type="COMPLEXITY" missed="1" covered="0"/><counter type="METHOD" missed="1" covered="0"/></method><counter type="INSTRUCTION" missed="61" covered="0"/><counter type="BRANCH" missed="2" covered="0"/><counter type="LINE" missed="6" covered="0"/><counter type="COMPLEXITY" missed="10" covered="0"/><counter type="METHOD" missed="9" covered="0"/><counter type="CLASS" missed="1" covered="0"/></class><sourcefile name="FoldableFuns.java"><line nr="19" mi="2" ci="0" mb="0" cb="0"
[...]
dentity" sourcefilename="FunctionalUtil.java"><method name="&lt;init&gt;" desc="(Ljava/lang/Object;)V" line="240"><counter type="INSTRUCTION" missed="0" covered="6"/><counter type="LINE" missed="0" covered="3"/><counter type="COMPLEXITY" missed="0" covered="1"/><counter type="METHOD" missed="0" covered="1"/></method><method name="get" desc="()Ljava/lang/Object;" line="245"><counter type="INSTRUCTION" missed="0" covered="3"/><counter type="LINE" missed="0" covered="1"/><counter type="COMPLEXITY" missed="0" covered="1"/><counter type="METHOD" missed="0" covered="1"/></method><counter type="INSTRUCTION" missed="0" covered="9"/><counter type="LINE" missed="0" covered="4"/><counter type="COMPLEXITY" missed="0" covered="2"/><counter type="METHOD" missed="0" covered="2"/><counter type="CLASS" missed="0" covered="1"/></class><class name="com/dan323/functional/annotation/compiler/util/TraversalUtil" sourcefilename="TraversalUtil.java"><method name="&lt;init&gt;" desc="()V" line="10"><counter type="INSTRUCTION" missed="6" covered="0"/><counter type="LINE" missed="2" covered="0"/><counter type="COMPLEXITY" missed="1" covered="0"/><counter type="METHOD" missed="1" covered="0"/></method><method name="traverse" desc="(Lcom/dan323/functional/annotation/funcs/ITraversal;Lcom/dan323/functional/annotation/funcs/IApplicative;Ljava/util/function/Function;Ljava/lang/Object;)Ljava/lang/Object;" line="15"><counter type="INSTRUCTION" missed="0" covered="8"/><counter type="LINE" missed="0" covered="2"/><counter type="COMPLEXITY" missed="0" covered="1"/><counter type="METHOD" missed="0" covered="1"/></method><method name="sequenceA" desc="(Lcom/dan323/functional/annotation/funcs/ITraversal;Lcom/dan323/functional/annotation/funcs/IApplicative;Ljava/lang/Object;)Ljava/lang/Object;" line="20"><counter type="INSTRUCTION" missed="0" covered="7"/><counter type="LINE" missed="0" covered="2"/><counter type="COMPLEXITY" missed="0" covered="1"/><counter type="METHOD" missed="0" covered="1"/></method><method name="lambda$sequenceA$0" desc="()Ljava/lang/IllegalArgumentException;" line="21"><counter type="INSTRUCTION" missed="5" covered="0"/><counter type="LINE" missed="1" covered="0"/><counter type="COMPLEXITY" missed="1" covered="0"/><counter type="METHOD" missed="1" covered="0"/></method><method name="lambda$traverse$0" desc="()Ljava/lang/IllegalArgumentException;" line="16"><counter type="INSTRUCTION" missed="5" covered="0"/><counter type="LINE" missed="1" covered="0"/><counter type="COMPLEXITY" missed="1" covered="0"/><counter type="METHOD" missed="1" covered="0"/></method><counter type="INSTRUCTION" missed="16" covered="15"/><counter type="LINE" missed="2" covered="4"/><counter type="COMPLEXITY" missed="3" covered="2"/><counter type="METHOD" missed="3" covered="2"/><counter type="CLASS" missed="0" covered="1"/></class><class name="com/dan323/functional/annotation/compiler/util/FunctorUtil" sourcefilename="FunctorUtil.java"><method name="&lt;init&gt;" desc="()V" line="14"><counter type="INSTRUCTION" missed="6" covered="0"/><counter type="LINE" missed="2" covered="0"/><counter type="COMPLEXITY" missed="1" covered="0"/><counter type="METHOD" missed="1" covered="0"/></method><method name="map" desc="(Lcom/dan323/functional/annotation/funcs/IFunctor;Ljava/lang/Object;Ljava/util/function/Function;)Ljava/lang/Object;" line="19"><counter type="INSTRUCTION" missed="0" covered="22"/><counter type="LINE" missed="0" covered="5"/><counter type="COMPLEXITY" missed="0" covered="1"/><counter type="METHOD" missed="0" covered="1"/></method><method name="mapConst" desc="(Lcom/dan323/functional/annotation/funcs/IFunctor;Ljava/lang/Object;Ljava/lang/Object;)Ljava/lang/Object;" line="27"><counter type="INSTRUCTION" missed="0" covered="7"/><counter type="LINE" missed="0" covered="2"/><counter type="COMPLEXITY" missed="0" covered="1"/><counter type="METHOD" missed="0" covered="1"/></method><method name="lambda$mapConst$0" desc="()Ljava/lang/IllegalArgumentException;" line="28"><counter type="INSTRUCTION" missed="5" covered="0"/><counter type="LINE" missed="1" covered="0"/><counter type="COMPLEXITY" missed="1" covered="0"/><counter type="METHOD" missed="1" covered="0"/></method><method name="lambda$map$3" desc="()Ljava/lang/IllegalArgumentException;" line="23"><counter type="INSTRUCTION" missed="0" covered="5"/><counter type="LINE" missed="0" covered="1"/><counter type="COMPLEXITY" missed="0" covered="1"/><counter type="METHOD" missed="0" covered="1"/></method><method name="lambda$map$2" desc="(Lcom/dan323/functional/annotation/funcs/IFunctor;Ljava/lang/Object;Ljava/util/function/Function;)Ljava/util/Optional;" line="22"><counter type="INSTRUCTION" missed="0" covered="5"/><counter type="LINE" missed="0" covered="1"/><counter type="COMPLEXITY" missed="0" covered="1"/><counter type="METHOD" missed="0" covered="1"/></method><method name="lambda$map$1" desc="(Lcom/dan323/functional/annotation/funcs/IFunctor;Ljava/lang/Object;Ljava/util/function/Function;)Ljava/util/Optional;" line="21"><counter type="INSTRUCTION" missed="0" covered="5"/><counter type="LINE" missed="0" covered="1"/><counter type="COMPLEXITY" missed="0" covered="1"/><counter type="METHOD" missed="0" covered="1"/></method><method name="lambda$map$0" desc="(Lcom/dan323/functional/annotation/funcs/IFunctor;Ljava/lang/Object;Ljava/util/function/Function;)Ljava/util/Optional;" line="20"><counter type="INSTRUCTION" missed="0" covered="5"/><counter type="LINE" missed="0" covered="1"/><counter type="COMPLEXITY" missed="0" covered="1"/><counter type="METHOD" missed="0" covered="1"/></method><counter type="INSTRUCTION" missed="11" covered="49"/><counter type="LINE" missed="2" covered="7"/><counter type="COMPLEXITY" missed="2" covered="6"/><counter type="METHOD" missed="2" covered="6"/><counter type="CLASS" missed="0" covered="1"/></class><sourcefile name="FunctionalUtil.java"><line nr="17" mi="2" ci="0" mb="0" cb="0"/><line nr="18" mi="4" ci="0" mb="0" cb="0"/><line nr="22" mi="0" ci="8" mb="0" cb="2"/><line nr="26" mi="0" ci="8" mb="0" cb="2"/><line nr="30" mi="0" ci="14" mb="1" cb="5"/><line nr="34" mi="0" ci="8" mb="0" cb="2"/><line nr="38" mi="1" ci="14" mb="1" cb="5"/><line nr="42" mi="0" ci="11" mb="0" cb="4"/><line nr="46" mi="0" ci="11" mb="1" cb="3"/><line nr="50" mi="0" ci="8" mb="0" cb="2"/><line nr="55" mi="0" ci="5" mb="0" cb="0"/><line nr="56" mi="0" ci="2" mb="0" cb="0"/><line nr="57" mi="0" ci="1" mb="0" cb="0"/><line nr="58" mi="0" ci="2" mb="0" cb="0"/><line nr="64" mi="0" ci="5" mb="0" cb="0"/><line nr="65" mi="1" ci="0" mb="0" cb="0"/><line nr="66" mi="5" ci="0" mb="0" cb="0"/><line nr="71" mi="0" ci="5" mb="0" cb="2"/><line nr="72" mi="0" ci="6" mb="0" cb="0"/><line nr="74" mi="0" ci="2" mb="0" cb="0"/><line nr="80" mi="0" ci="5" mb="0" cb="0"/><line nr="81" mi="1" ci="0" mb="0" cb="0"/><line nr="82" mi="14" ci="0" mb="0" cb="0"/><line nr="83" mi="0" ci="1" mb="0" cb="0"/><line nr="84" mi="0" ci="2" mb="0" cb="0"/><line nr="85" mi="3" ci="15" mb="2" cb="2"/><line nr="86" mi="3" ci="0" mb="0" cb="0"/><line nr="88" mi="0" ci="20" mb="0" cb="0"/><line nr="95" mi="0" ci="4" mb="0" cb="2"/><line nr="96" mi="0" ci="20" mb="0" cb="0"/><line nr="97" mi="0" ci="19" mb="0" cb="0"/><line nr="98" mi="0" ci="23" mb="0" cb="0"/><line nr="99" mi="0" ci="25" mb="0" cb="0"/><line nr="100" mi="0" ci="7" mb="0" cb="0"/><line nr="102" mi="0" ci="2" mb="0" cb="0"/><line nr="108" mi="0" ci="4" mb="1" cb="1"/><line nr="109" mi="0" ci="25" mb="0" cb="0"/><line nr="110" mi="0" ci="24" mb="0" cb="0"/><line nr="111" mi="0" ci="26" mb="0" cb="0"/><line nr="112" mi="0" ci="17" mb="0" cb="0"/><line nr="114" mi="2" ci="0" mb="0" cb="0"/><line nr="120" mi="0" ci="4" mb="1" cb="1"/><line nr="121" mi="0" ci="25" mb="0" cb="0"/><line nr="122" mi="0" ci="24" mb="0" cb="0"/><line nr="123" mi="0" ci="26" mb="0" cb="0"/><line nr="124" mi="0" ci="22" mb="0" cb="0"/><line nr="126" mi="2" ci="0" mb="0" cb="0"/><line nr="131" mi="0" ci="4" mb="1" cb="1"/><line nr="132" mi="0" ci="20" mb="0" cb="0"/><line nr="133" mi="0" ci="19" mb="0" cb="0"/><line nr="134" mi="0" ci="21" mb="0" cb="0"/><line nr="135" mi="0" ci="9" mb="0" cb="0"/><line nr="137" mi="2" ci="0" mb="0" cb="0"/><line nr="142" mi="0" ci="4" mb="1" cb="1"/><line nr="143" mi="0" ci="21" mb="0" cb="0"/><line nr="144" mi="14" ci="5" mb="0" cb="0"/><line nr="145" mi="0" ci="10" mb="0" cb="0"/><line nr="147" mi="2" ci="0" mb="0" cb="0"/><line nr="152" mi="0" ci="4" mb="1" cb="1"/><line nr="153" mi="0" ci="21" mb="0" cb="0"/><line nr="154" mi="14" ci="5" mb="0" cb="0"/><line nr="155" mi="0" ci="10" mb="0" cb="0"/><line nr="157" mi="2" ci="0" mb="0" cb="0"/><line nr="162" mi="0" ci="4" mb="1" cb="1"/><line nr="163" mi="0" ci="25" mb="0" cb="0"/><line nr="164" mi="0" ci="24" mb="0" cb="0"/><line nr="165" mi="0" ci="19" mb="0" cb="0"/><line nr="166" mi="0" ci="22" mb="0" cb="0"/><line nr="167" mi="0" ci="9" mb="0" cb="0"/><line nr="170" mi="2" ci="0" mb="0" cb="0"/><line nr="175" mi="0" ci="4" mb="0" cb="2"/><line nr="176" mi="0" ci="3" mb="0" cb="0"/><line nr="177" mi="0" ci="20" mb="0" cb="0"/><line nr="178" mi="14" ci="6" mb="0" cb="0"/><line nr="179" mi="0" ci="24" mb="0" cb="0"/><line nr="180" mi="12" ci="5" mb="0" cb="0"/><line nr="181" mi="0" ci="13" mb="0" cb="0"/><line nr="183" mi="0" ci="2" mb="0" cb="0"/><line nr="188" mi="0" ci="4" mb="1" cb="1"/><line nr="189" mi="0" ci="20" mb="0" cb="0"/><line nr="190" mi="0" ci="19" mb="0" cb="0"/><line nr="191" mi="0" ci="25" mb="0" cb="0"/><line nr="192" mi="0" ci="7" mb="0" cb="0"/><line nr="194" mi="2" ci="0" mb="0" cb="0"/><line nr="199" mi="0" ci="4" mb="1" cb="1"/><line nr="200" mi="0" ci="9" mb="0" cb="0"/><line nr="201" mi="0" ci="7" mb="0" cb="0"/><line nr="203" mi="2" ci="0" mb="0" cb="0"/><line nr="208" mi="0" ci="4" mb="1" cb="1"/><line nr="209" mi="0" ci="21" mb="0" cb="0"/><line nr="210" mi="0" ci="15" mb="0" cb="0"/><line nr="212" mi="2" ci="0" mb="0" cb="0"/><line nr="217" mi="0" ci="3" mb="0" cb="0"/><line nr="220" mi="0" ci="5" mb="0" cb="0"/><line nr="224" mi="0" ci="10" mb="0" cb="0"/><line nr="228" mi="0" ci="8" mb="0" cb="0"/><line nr="233" mi="0" ci="2" mb="0" cb="0"/><line nr="240" mi="0" ci="2" mb="0" cb="0"/><line nr="241" mi="0" ci="3" mb="0" cb="0"/><line nr="242" mi="0" ci="1" mb="0" cb="0"/><line nr="245" mi="0" ci="3" mb="0" cb="0"/><line nr="250" mi="0" ci="3" mb="0" cb="0"/><line nr="252" mi="0" ci="4" mb="0" cb="0"/><line nr="256" mi="0" ci="2" mb="0" cb="0"/><line nr="263" mi="0" ci="4" mb="0" cb="2"/><line nr="264" mi="0" ci="6" mb="0" cb="0"/><line nr="265" mi="1" ci="15" mb="1" cb="3"/><line nr="266" mi="0" ci="4" mb="0" cb="0"/><line nr="267" mi="0" ci="2" mb="0" cb="0"/><line nr="268" mi="0" ci="8" mb="0" cb="0"/><line nr="269" mi="0" ci="3" mb="0" cb="0"/><line nr="270" mi="0" ci="6" mb="0" cb="2"/><line nr="271" mi="0" ci="2" mb="0" cb="0"/><line nr="272" mi="0" ci="6" mb="0" cb="2"/><line nr="273" mi="0" ci="4" mb="0" cb="0"/><line nr="275" mi="0" ci="2" mb="0" cb="0"/><line nr="277" mi="0" ci="18" mb="0" cb="0"/><line nr="278" mi="0" ci="20" mb="0" cb="0"/><line nr="279" mi="0" ci="15" mb="0" cb="0"/><line nr="281" mi="0" ci="2" mb="0" cb="0"/><line nr="288" mi="0" ci="4" mb="0" cb="2"/><line nr="289" mi="0" ci="9" mb="0" cb="0"/><line nr="290" mi="0" ci="7" mb="0" cb="0"/><line nr="292" mi="0" ci="2" mb="0" cb="0"/><line nr="299" mi="0" ci="4" mb="0" cb="2"/><line nr="300" mi="0" ci="3" mb="0" cb="0"/><line nr="301" mi="0" ci="20" mb="0" cb="0"/><line nr="302" mi="0" ci="26" mb="0" cb="0"/><line nr="303" mi="0" ci="8" mb="0" cb="0"/><line nr="305" mi="0" ci="2" mb="0" cb="0"/><line nr="310" mi="0" ci="4" mb="0" cb="2"/><line nr="311" mi="0" ci="3" mb="0" cb="0"/><line nr="312" mi="0" ci="18" mb="0" cb="0"/><line nr="313" mi="0" ci="16" mb="0" cb="0"/><line nr="314" mi="0" ci="14" mb="0" cb="0"/><line nr="316" mi="0" ci="2" mb="0" cb="0"/><line nr="321" mi="0" ci="4" mb="1" cb="1"/><line nr="322" mi="0" ci="20" mb="0" cb="0"/><line nr="323" mi="0" ci="15" mb="0" cb="0"/><line nr="325" mi="2" ci="0" mb="0" cb="0"/><line nr="332" mi="0" ci="4" mb="1" cb="1"/><line nr="333" mi="0" ci="14" mb="0" cb="0"/><line nr="334" mi="0" ci="11" mb="0" cb="0"/><line nr="336" mi="2" ci="0" mb="0" cb="0"/><line nr="343" mi="0" ci="4" mb="1" cb="1"/><line nr="344" mi="0" ci="21" mb="0" cb="0"/><line nr="345" mi="0" ci="19" mb="0" cb="0"/><line nr="346" mi="0" ci="26" mb="0" cb="0"/><line nr="347" mi="0" ci="11" mb="0" cb="0"/><line nr="349" mi="2" ci="0" mb="0" cb="0"/><line nr="354" mi="0" ci="4" mb="1" cb="1"/><line nr="355" mi="0" ci="3" mb="0" cb="0"/><line nr="356" mi="0" ci="19" mb="0" cb="0"/><line nr="357" mi="0" ci="20" mb="0" cb="0"/><line nr="358" mi="16" ci="1" mb="0" cb="0"/><line nr="359" mi="0" ci="14" mb="0" cb="0"/><line nr="361" mi="2" ci="0" mb="0" cb="0"/><line nr="368" mi="0" ci="4" mb="1" cb="1"/><line nr="369" mi="0" ci="26" mb="0" cb="0"/><line nr="370" mi="0" ci="24" mb="0" cb="0"/><line nr="371" mi="0" ci="23" mb="0" cb="0"/><line nr="372" mi="0" ci="19" mb="0" cb="0"/><line nr="374" mi="2" ci="0" mb="0" cb="0"/><line nr="379" mi="0" ci="4" mb="1" cb="1"/><line nr="380" mi="0" ci="3" mb="0" cb="0"/><line nr="381" mi="0" ci="19" mb="0" cb="0"/><line nr="382" mi="0" ci="21" mb="0" cb="0"/><line nr="383" mi="16" ci="1" mb="0" cb="0"/><line nr="384" mi="0" ci="19" mb="0" cb="0"/><line nr="386" mi="2" ci="0" mb="0" cb="0"/><line nr="394" mi="0" ci="4" mb="1" cb="1"/><line nr="395" mi="0" ci="20" mb="0" cb="0"/><line nr="396" mi="0" ci="19" mb="0" cb="0"/><line nr="397" mi="0" ci="15" mb="0" cb="0"/><line nr="398" mi="16" ci="5" mb="0" cb="0"/><line nr="399" mi="7" ci="1" mb="0" cb="0"/><line nr="401" mi="2" ci="0" mb="0" cb="0"/><line nr="408" mi="0" ci="4" mb="1" cb="1"/><line nr="409" mi="0" ci="15" mb="0" cb="0"/><line nr="410" mi="0" ci="14" mb="0" cb="0"/><line nr="411" mi="0" ci="20" mb="0" cb="0"/><line nr="412" mi="0" ci="6" mb="0" cb="0"/><line nr="414" mi="2" ci="0" mb="0" cb="0"/><counter type="INSTRUCTION" missed="178" covered="1719"/><counter type="BRANCH" missed="23" covered="65"/><counter type="LINE" missed="24" covered="159"/><counter type="COMPLEXITY" missed="32" covered="133"/><counter type="METHOD" missed="9" covered="112"/><counter type="CLASS" missed="0" covered="4"/></sourcefile><sourcefile name="MonadUtil.java"><line nr="14" mi="2" ci="0" mb="0" cb="0"/><line nr="15" mi="4" ci="0" mb="0" cb="0"/><line nr="19" mi="0" ci="6" mb="0" cb="0"/><line nr="20" mi="0" ci="6" mb="0" cb="0"/><line nr="24" mi="0" ci="5" mb="0" cb="0"/><line nr="25" mi="0" ci="6" mb="0" cb="0"/><counter type="INSTRUCTION" missed="6" covered="23"/><counter type="LINE" missed="2" covered="4"/><counter type="COMPLEXITY" missed="1" covered="4"/><counter type="METHOD" missed="1" covered="4"/><counter type="CLASS" missed="0" covered="1"/></sourcefile><sourcefile name="FoldableUtil.java"><line nr="16" mi="2" ci="0" mb="0" cb="0"/><line nr="17" mi="4" ci="0" mb="0" cb="0"/><line nr="21" mi="0" ci="6" mb="0" cb="0"/><line nr="22" mi="0" ci="6" mb="0" cb="0"/><line nr="26" mi="0" ci="7" mb="0" cb="0"/><line nr="27" mi="5" ci="1" mb="0" cb="0"/><line nr="31" mi="0" ci="7" mb="0" cb="0"/><line nr="32" mi="5" ci="1" mb="0" cb="0"/><counter type="INSTRUCTION" missed="16" covered="28"/><counter type="LINE" missed="2" covered="6"/><counter type="COMPLEXITY" missed="3" covered="4"/><counter type="METHOD" missed="3" covered="4"/><counter type="CLASS" missed="0" covered="1"/></sourcefile><sourcefile name="SemigroupUtil.java"><line nr="12" mi="2" ci="0" mb="0" cb="0"/><line nr="13" mi="5" ci="0" mb="0" cb="0"/><line nr="17" mi="0" ci="6" mb="0" cb="0"/><line nr="18" mi="0" ci="6" mb="0" cb="0"/><counter type="INSTRUCTION" missed="7" covered="12"/><counter type="LINE" missed="2" covered="2"/><counter type="COMPLEXITY" missed="1" covered="2"/><counter type="METHOD" missed="1" covered="2"/><counter type="CLASS" missed="0" covered="1"/></sourcefile><sourcefile name="MonoidUtil.java"><line nr="10" mi="3" ci="0" mb="0" cb="0"/><line nr="13" mi="0" ci="4" mb="0" cb="0"/><line nr="14" mi="0" ci="6" mb="0" cb="0"/><counter type="INSTRUCTION" missed="3" covered="10"/><counter type="LINE" missed="1" covered="2"/><counter type="COMPLEXITY" missed="1" covered="2"/><counter type="METHOD" missed="1" covered="2"/><counter type="CLASS" missed="0" covered="1"/></sourcefile><sourcefile name="FunctorUtil.java"><line nr="14" mi="2" ci="0" mb="0" cb="0"/><line nr="15" mi="4" ci="0" mb="0" cb="0"/><line nr="19" mi="0" ci="9" mb="0" cb="0"/><line nr="20" mi="0" ci="10" mb="0" cb="0"/><line nr="21" mi="0" ci="10" mb="0" cb="0"/><line nr="22" mi="0" ci="7" mb="0" cb="0"/><line nr="23" mi="0" ci="6" mb="0" cb="0"/><line nr="27" mi="0" ci="6" mb="0" cb="0"/><line nr="28" mi="5" ci="1" mb="0" cb="0"/><counter type="INSTRUCTION" missed="11" covered="49"/><counter type="LINE" missed="2" covered="7"/><counter type="COMPLEXITY" missed="2" covered="6"/><counter type="METHOD" missed="2" covered="6"/><counter type="CLASS" missed="0" covered="1"/></sourcefile><sourcefile name="ApplicativeUtil.java"><line nr="14" mi="2" ci="0" mb="0" cb="0"/><line nr="15" mi="4" ci="0" mb="0" cb="0"/><line nr="19" mi="0" ci="5" mb="0" cb="0"/><line nr="20" mi="0" ci="6" mb="0" cb="0"/><line nr="24" mi="0" ci="9" mb="0" cb="0"/><line nr="25" mi="0" ci="7" mb="0" cb="0"/><line nr="26" mi="0" ci="6" mb="0" cb="0"/><line nr="30" mi="0" ci="11" mb="0" cb="0"/><line nr="31" mi="0" ci="8" mb="0" cb="0"/><line nr="32" mi="0" ci="6" mb="0" cb="0"/><line nr="36" mi="0" ci="6" mb="0" cb="0"/><line nr="37" mi="5" ci="1" mb="0" cb="0"/><line nr="41" mi="0" ci="6" mb="0" cb="0"/><line nr="42" mi="5" ci="1" mb="0" cb="0"/><counter type="INSTRUCTION" missed="16" covered="72"/><counter type="LINE" missed="2" covered="12"/><counter type="COMPLEXITY" missed="3" covered="10"/><counter type="METHOD" missed="3" covered="10"/><counter type="CLASS" missed="0" covered="1"/></sourcefile><sourcefile name="AlternativeUtil.java"><line nr="7" mi="2" ci="0" mb="0" cb="0"/><line nr="8" mi="4" ci="0" mb="0" cb="0"/><line nr="12" mi="0" ci="4" mb="0" cb="0"/><line nr="13" mi="5" ci="1" mb="0" cb="0"/><line nr="17" mi="0" ci="6" mb="0" cb="0"/><line nr="18" mi="5" ci="1" mb="0" cb="0"/><counter type="INSTRUCTION" missed="16" covered="12"/><counter type="LINE" missed="2" covered="4"/><counter type="COMPLEXITY" missed="3" covered="2"/><counter type="METHOD" missed="3" covered="2"/><counter type="CLASS" missed="0" covered="1"/></sourcefile><sourcefile name="TraversalUtil.java"><line nr="10" mi="2" ci="0" mb="0" cb="0"/><line nr="11" mi="4" ci="0" mb="0" cb="0"/><line nr="15" mi="0" ci="7" mb="0" cb="0"/><line nr="16" mi="5" ci="1" mb="0" cb="0"/><line nr="20" mi="0" ci="6" mb="0" cb="0"/><line nr="21" mi="5" ci="1" mb="0" cb="0"/><counter type="INSTRUCTION" missed="16" covered="15"/><counter type="LINE" missed="2" covered="4"/><counter type="COMPLEXITY" missed="3" covered="2"/><counter type="METHOD" missed="3" covered="2"/><counter type="CLASS" missed="0" covered="1"/></sourcefile><counter type="INSTRUCTION" missed="269" covered="1940"/><counter type="BRANCH" missed="23" covered="65"/><counter type="LINE" missed="39" covered="200"/><counter type="COMPLEXITY" missed="49" covered="165"/><counter type="METHOD" missed="26" covered="144"/><counter type="CLASS" missed="0" covered="12"/></package><counter type="INSTRUCTION" missed="625" covered="3610"/><counter type="BRANCH" missed="48" covered="146"/><counter type="LINE" missed="88" covered="453"/><counter type="COMPLEXITY" missed="86" covered="301"/><counter type="METHOD" missed="44" covered="246"/><counter type="CLASS" missed="0" covered="24"/></group><counter type="INSTRUCTION" missed="3900" covered="3610"/><counter type="BRANCH" missed="176" covered="146"/><counter type="LINE" missed="605" covered="453"/><counter type="COMPLEXITY" missed="630" covered="301"/><counter type="METHOD" missed="524" covered="246"/><counter type="CLASS" missed="69" covered="24"/></report>